#
# There is insufficient memory for the Java Runtime Environment to continue.
# Native memory allocation (malloc) failed to allocate 1393760 bytes for Chunk::new
# Possible reasons:
#   The system is out of physical RAM or swap space
#   The process is running with CompressedOops enabled, and the Java Heap may be blocking the growth of the native heap
# Possible solutions:
#   Reduce memory load on the system
#   Increase physical memory or swap space
#   Check if swap backing store is full
#   Decrease Java heap size (-Xmx/-Xms)
#   Decrease number of Java threads
#   Decrease Java thread stack sizes (-Xss)
#   Set larger code cache with -XX:ReservedCodeCacheSize=
#   JVM is running with Unscaled Compressed Oops mode in which the Java heap is
#     placed in the first 4GB address space. The Java Heap base address is the
#     maximum limit for the native heap growth. Please use -XX:HeapBaseMinAddress
#     to set the Java Heap base and to place the Java Heap above 4GB virtual address.
# This output file may be truncated or incomplete.
#
#  Out of Memory Error (arena.cpp:184), pid=9620, tid=8520
#
# JRE version: Java(TM) SE Runtime Environment (20.0.1+9) (build 20.0.1+9-29)
# Java VM: Java HotSpot(TM) 64-Bit Server VM (20.0.1+9-29, mixed mode, sharing, tiered, compressed oops, compressed class ptrs, g1 gc, windows-amd64)
# No core dump will be written. Minidumps are not enabled by default on client versions of Windows
#

---------------  S U M M A R Y ------------

Command Line: -Dfile.encoding=UTF-8 --module-path=C:\Users\KRISHNA\Documents\NetBeansProjects\BloodBankManagementt\build\classes BBM.UpdateDetails

Host: AMD Ryzen 5 5500U with Radeon Graphics         , 12 cores, 7G,  Windows 11 , 64 bit Build 22621 (10.0.22621.2361)
Time: Wed Oct 25 10:52:26 2023 India Standard Time elapsed time: 0.816371 seconds (0d 0h 0m 0s)

---------------  T H R E A D  ---------------

Current thread (0x00000251c9ee2680):  JavaThread "C2 CompilerThread0" daemon [_thread_in_native, id=8520, stack(0x0000006dd4500000,0x0000006dd4600000)]


Current CompileTask:
C2:    816  762   !   4       sun.awt.image.PNGImageDecoder::produceImage (1917 bytes)

Stack: [0x0000006dd4500000,0x0000006dd4600000]
Native frames: (J=compiled Java code, j=interpreted, Vv=VM code, C=native code)
V  [jvm.dll+0x6bb95a]
V  [jvm.dll+0x8485fa]
V  [jvm.dll+0x84a1f5]
V  [jvm.dll+0x84a8f3]
V  [jvm.dll+0x280b0f]
V  [jvm.dll+0xc2b11]
V  [jvm.dll+0xc2e35]
V  [jvm.dll+0x3bb17c]
V  [jvm.dll+0x3857f5]
V  [jvm.dll+0x384c6a]
V  [jvm.dll+0x24b259]
V  [jvm.dll+0x24a651]
V  [jvm.dll+0x1ce491]
V  [jvm.dll+0x259e1b]
V  [jvm.dll+0x2584f0]
V  [jvm.dll+0x3f2895]
V  [jvm.dll+0x7f4b56]
V  [jvm.dll+0x6ba5cb]
C  [ucrtbase.dll+0x29363]
C  [KERNEL32.DLL+0x1257d]
C  [ntdll.dll+0x5aa78]


---------------  P R O C E S S  ---------------

Threads class SMR info:
_java_thread_list=0x00000251ceb496b0, length=15, elements={
0x00000251ad3e5900, 0x00000251c9eb3580, 0x00000251c9eb4180, 0x00000251c9eb83b0,
0x00000251c9ebb3f0, 0x00000251c9edd500, 0x00000251c9ede110, 0x00000251c9ee2680,
0x00000251c9eeb350, 0x00000251ce1a24b0, 0x00000251ce2a4780, 0x00000251ce459350,
0x00000251ce45e780, 0x00000251ce4629c0, 0x00000251ceb5e020
}

Java Threads: ( => current thread )
  0x00000251ad3e5900 JavaThread "main" [_thread_in_Java, id=12420, stack(0x0000006dd3800000,0x0000006dd3900000)]
  0x00000251c9eb3580 JavaThread "Reference Handler" daemon [_thread_blocked, id=19448, stack(0x0000006dd3f00000,0x0000006dd4000000)]
  0x00000251c9eb4180 JavaThread "Finalizer" daemon [_thread_blocked, id=28404, stack(0x0000006dd4000000,0x0000006dd4100000)]
  0x00000251c9eb83b0 JavaThread "Signal Dispatcher" daemon [_thread_blocked, id=2320, stack(0x0000006dd4100000,0x0000006dd4200000)]
  0x00000251c9ebb3f0 JavaThread "Attach Listener" daemon [_thread_blocked, id=24148, stack(0x0000006dd4200000,0x0000006dd4300000)]
  0x00000251c9edd500 JavaThread "Service Thread" daemon [_thread_blocked, id=23600, stack(0x0000006dd4300000,0x0000006dd4400000)]
  0x00000251c9ede110 JavaThread "Monitor Deflation Thread" daemon [_thread_blocked, id=23336, stack(0x0000006dd4400000,0x0000006dd4500000)]
=>0x00000251c9ee2680 JavaThread "C2 CompilerThread0" daemon [_thread_in_native, id=8520, stack(0x0000006dd4500000,0x0000006dd4600000)]
  0x00000251c9eeb350 JavaThread "C1 CompilerThread0" daemon [_thread_blocked, id=27060, stack(0x0000006dd4600000,0x0000006dd4700000)]
  0x00000251ce1a24b0 JavaThread "Common-Cleaner" daemon [_thread_blocked, id=30444, stack(0x0000006dd4700000,0x0000006dd4800000)]
  0x00000251ce2a4780 JavaThread "Notification Thread" daemon [_thread_blocked, id=24932, stack(0x0000006dd4800000,0x0000006dd4900000)]
  0x00000251ce459350 JavaThread "Java2D Disposer" daemon [_thread_blocked, id=30552, stack(0x0000006dd4a00000,0x0000006dd4b00000)]
  0x00000251ce45e780 JavaThread "AWT-Shutdown" [_thread_blocked, id=9660, stack(0x0000006dd4b00000,0x0000006dd4c00000)]
  0x00000251ce4629c0 JavaThread "AWT-Windows" daemon [_thread_in_native, id=30680, stack(0x0000006dd4c00000,0x0000006dd4d00000)]
  0x00000251ceb5e020 JavaThread "Image Fetcher 0" daemon [_thread_blocked, id=20272, stack(0x0000006dd5700000,0x0000006dd5800000)]

Other Threads:
  0x00000251c9e958e0 VMThread "VM Thread" [stack: 0x0000006dd3e00000,0x0000006dd3f00000] [id=7812]
  0x00000251ce2a4cd0 WatcherThread "VM Periodic Task Thread" [stack: 0x0000006dd4900000,0x0000006dd4a00000] [id=2700]
  0x00000251ad444230 WorkerThread "GC Thread#0" [stack: 0x0000006dd3900000,0x0000006dd3a00000] [id=22184]
  0x00000251ad453d60 ConcurrentGCThread "G1 Main Marker" [stack: 0x0000006dd3a00000,0x0000006dd3b00000] [id=5992]
  0x00000251ad454790 WorkerThread "G1 Conc#0" [stack: 0x0000006dd3b00000,0x0000006dd3c00000] [id=25020]
  0x00000251c9d4b510 ConcurrentGCThread "G1 Refine#0" [stack: 0x0000006dd3c00000,0x0000006dd3d00000] [id=15216]
  0x00000251c9d4eee0 ConcurrentGCThread "G1 Service" [stack: 0x0000006dd3d00000,0x0000006dd3e00000] [id=7540]

Threads with active compile tasks:
C2 CompilerThread0      840  762   !   4       sun.awt.image.PNGImageDecoder::produceImage (1917 bytes)
C1 CompilerThread0      840  798       1       java.awt.Component::getObjectLock (5 bytes)

VM state: not at safepoint (normal execution)

VM Mutex/Monitor currently owned by a thread: None

Heap address: 0x000000008ac00000, size: 1876 MB, Compressed Oops mode: 32-bit

CDS archive(s) mapped at: [0x0000000800000000-0x0000000800c60000-0x0000000800c60000), size 12976128, SharedBaseAddress: 0x0000000800000000, ArchiveRelocationMode: 0.
Compressed class space mapped at: 0x0000000801000000-0x0000000841000000, reserved size: 1073741824
Narrow klass base: 0x0000000800000000, Narrow klass shift: 0, Narrow klass range: 0x100000000

GC Precious Log:
 CardTable entry size: 512
 Card Set container configuration: InlinePtr #cards 5 size 8 Array Of Cards #cards 12 size 40 Howl #buckets 4 coarsen threshold 1843 Howl Bitmap #cards 512 size 80 coarsen threshold 460 Card regions per heap region 1 cards per card region 2048
 CPUs: 12 total, 12 available
 Memory: 7501M
 Large Page Support: Disabled
 NUMA Support: Disabled
 Compressed Oops: Enabled (32-bit)
 Heap Region Size: 1M
 Heap Min Capacity: 8M
 Heap Initial Capacity: 118M
 Heap Max Capacity: 1876M
 Pre-touch: Disabled
 Parallel Workers: 10
 Concurrent Workers: 3
 Concurrent Refinement Workers: 10
 Periodic GC: Disabled

Heap:
 garbage-first heap   total 120832K, used 13312K [0x000000008ac00000, 0x0000000100000000)
  region size 1024K, 10 young (10240K), 0 survivors (0K)
 Metaspace       used 5968K, committed 6208K, reserved 1114112K
  class space    used 658K, committed 768K, reserved 1048576K

Heap Regions: E=young(eden), S=young(survivor), O=old, HS=humongous(starts), HC=humongous(continues), CS=collection set, F=free, OA=open archive, CA=closed archive, TAMS=top-at-mark-start, PB=parsable bottom
|   0|0x000000008ac00000, 0x000000008ad00000, 0x000000008ad00000|100%|HS|  |TAMS 0x000000008ac00000| PB 0x000000008ac00000| Complete 
|   1|0x000000008ad00000, 0x000000008ae00000, 0x000000008ae00000|100%|HC|  |TAMS 0x000000008ad00000| PB 0x000000008ad00000| Complete 
|   2|0x000000008ae00000, 0x000000008af00000, 0x000000008af00000|100%|HS|  |TAMS 0x000000008ae00000| PB 0x000000008ae00000| Complete 
|   3|0x000000008af00000, 0x000000008b000000, 0x000000008b000000|100%|HC|  |TAMS 0x000000008af00000| PB 0x000000008af00000| Complete 
|   4|0x000000008b000000, 0x000000008b000000, 0x000000008b100000|  0%| F|  |TAMS 0x000000008b000000| PB 0x000000008b000000| Untracked 
|   5|0x000000008b100000, 0x000000008b100000, 0x000000008b200000|  0%| F|  |TAMS 0x000000008b100000| PB 0x000000008b100000| Untracked 
|   6|0x000000008b200000, 0x000000008b200000, 0x000000008b300000|  0%| F|  |TAMS 0x000000008b200000| PB 0x000000008b200000| Untracked 
|   7|0x000000008b300000, 0x000000008b300000, 0x000000008b400000|  0%| F|  |TAMS 0x000000008b300000| PB 0x000000008b300000| Untracked 
|   8|0x000000008b400000, 0x000000008b400000, 0x000000008b500000|  0%| F|  |TAMS 0x000000008b400000| PB 0x000000008b400000| Untracked 
|   9|0x000000008b500000, 0x000000008b500000, 0x000000008b600000|  0%| F|  |TAMS 0x000000008b500000| PB 0x000000008b500000| Untracked 
|  10|0x000000008b600000, 0x000000008b600000, 0x000000008b700000|  0%| F|  |TAMS 0x000000008b600000| PB 0x000000008b600000| Untracked 
|  11|0x000000008b700000, 0x000000008b700000, 0x000000008b800000|  0%| F|  |TAMS 0x000000008b700000| PB 0x000000008b700000| Untracked 
|  12|0x000000008b800000, 0x000000008b800000, 0x000000008b900000|  0%| F|  |TAMS 0x000000008b800000| PB 0x000000008b800000| Untracked 
|  13|0x000000008b900000, 0x000000008b900000, 0x000000008ba00000|  0%| F|  |TAMS 0x000000008b900000| PB 0x000000008b900000| Untracked 
|  14|0x000000008ba00000, 0x000000008ba00000, 0x000000008bb00000|  0%| F|  |TAMS 0x000000008ba00000| PB 0x000000008ba00000| Untracked 
|  15|0x000000008bb00000, 0x000000008bb00000, 0x000000008bc00000|  0%| F|  |TAMS 0x000000008bb00000| PB 0x000000008bb00000| Untracked 
|  16|0x000000008bc00000, 0x000000008bc00000, 0x000000008bd00000|  0%| F|  |TAMS 0x000000008bc00000| PB 0x000000008bc00000| Untracked 
|  17|0x000000008bd00000, 0x000000008bd00000, 0x000000008be00000|  0%| F|  |TAMS 0x000000008bd00000| PB 0x000000008bd00000| Untracked 
|  18|0x000000008be00000, 0x000000008be00000, 0x000000008bf00000|  0%| F|  |TAMS 0x000000008be00000| PB 0x000000008be00000| Untracked 
|  19|0x000000008bf00000, 0x000000008bf00000, 0x000000008c000000|  0%| F|  |TAMS 0x000000008bf00000| PB 0x000000008bf00000| Untracked 
|  20|0x000000008c000000, 0x000000008c000000, 0x000000008c100000|  0%| F|  |TAMS 0x000000008c000000| PB 0x000000008c000000| Untracked 
|  21|0x000000008c100000, 0x000000008c100000, 0x000000008c200000|  0%| F|  |TAMS 0x000000008c100000| PB 0x000000008c100000| Untracked 
|  22|0x000000008c200000, 0x000000008c200000, 0x000000008c300000|  0%| F|  |TAMS 0x000000008c200000| PB 0x000000008c200000| Untracked 
|  23|0x000000008c300000, 0x000000008c300000, 0x000000008c400000|  0%| F|  |TAMS 0x000000008c300000| PB 0x000000008c300000| Untracked 
|  24|0x000000008c400000, 0x000000008c400000, 0x000000008c500000|  0%| F|  |TAMS 0x000000008c400000| PB 0x000000008c400000| Untracked 
|  25|0x000000008c500000, 0x000000008c500000, 0x000000008c600000|  0%| F|  |TAMS 0x000000008c500000| PB 0x000000008c500000| Untracked 
|  26|0x000000008c600000, 0x000000008c600000, 0x000000008c700000|  0%| F|  |TAMS 0x000000008c600000| PB 0x000000008c600000| Untracked 
|  27|0x000000008c700000, 0x000000008c700000, 0x000000008c800000|  0%| F|  |TAMS 0x000000008c700000| PB 0x000000008c700000| Untracked 
|  28|0x000000008c800000, 0x000000008c800000, 0x000000008c900000|  0%| F|  |TAMS 0x000000008c800000| PB 0x000000008c800000| Untracked 
|  29|0x000000008c900000, 0x000000008c900000, 0x000000008ca00000|  0%| F|  |TAMS 0x000000008c900000| PB 0x000000008c900000| Untracked 
|  30|0x000000008ca00000, 0x000000008ca00000, 0x000000008cb00000|  0%| F|  |TAMS 0x000000008ca00000| PB 0x000000008ca00000| Untracked 
|  31|0x000000008cb00000, 0x000000008cb00000, 0x000000008cc00000|  0%| F|  |TAMS 0x000000008cb00000| PB 0x000000008cb00000| Untracked 
|  32|0x000000008cc00000, 0x000000008cc00000, 0x000000008cd00000|  0%| F|  |TAMS 0x000000008cc00000| PB 0x000000008cc00000| Untracked 
|  33|0x000000008cd00000, 0x000000008cd00000, 0x000000008ce00000|  0%| F|  |TAMS 0x000000008cd00000| PB 0x000000008cd00000| Untracked 
|  34|0x000000008ce00000, 0x000000008ce00000, 0x000000008cf00000|  0%| F|  |TAMS 0x000000008ce00000| PB 0x000000008ce00000| Untracked 
|  35|0x000000008cf00000, 0x000000008cf00000, 0x000000008d000000|  0%| F|  |TAMS 0x000000008cf00000| PB 0x000000008cf00000| Untracked 
|  36|0x000000008d000000, 0x000000008d000000, 0x000000008d100000|  0%| F|  |TAMS 0x000000008d000000| PB 0x000000008d000000| Untracked 
|  37|0x000000008d100000, 0x000000008d100000, 0x000000008d200000|  0%| F|  |TAMS 0x000000008d100000| PB 0x000000008d100000| Untracked 
|  38|0x000000008d200000, 0x000000008d200000, 0x000000008d300000|  0%| F|  |TAMS 0x000000008d200000| PB 0x000000008d200000| Untracked 
|  39|0x000000008d300000, 0x000000008d300000, 0x000000008d400000|  0%| F|  |TAMS 0x000000008d300000| PB 0x000000008d300000| Untracked 
|  40|0x000000008d400000, 0x000000008d400000, 0x000000008d500000|  0%| F|  |TAMS 0x000000008d400000| PB 0x000000008d400000| Untracked 
|  41|0x000000008d500000, 0x000000008d500000, 0x000000008d600000|  0%| F|  |TAMS 0x000000008d500000| PB 0x000000008d500000| Untracked 
|  42|0x000000008d600000, 0x000000008d600000, 0x000000008d700000|  0%| F|  |TAMS 0x000000008d600000| PB 0x000000008d600000| Untracked 
|  43|0x000000008d700000, 0x000000008d700000, 0x000000008d800000|  0%| F|  |TAMS 0x000000008d700000| PB 0x000000008d700000| Untracked 
|  44|0x000000008d800000, 0x000000008d800000, 0x000000008d900000|  0%| F|  |TAMS 0x000000008d800000| PB 0x000000008d800000| Untracked 
|  45|0x000000008d900000, 0x000000008d900000, 0x000000008da00000|  0%| F|  |TAMS 0x000000008d900000| PB 0x000000008d900000| Untracked 
|  46|0x000000008da00000, 0x000000008da00000, 0x000000008db00000|  0%| F|  |TAMS 0x000000008da00000| PB 0x000000008da00000| Untracked 
|  47|0x000000008db00000, 0x000000008db00000, 0x000000008dc00000|  0%| F|  |TAMS 0x000000008db00000| PB 0x000000008db00000| Untracked 
|  48|0x000000008dc00000, 0x000000008dc00000, 0x000000008dd00000|  0%| F|  |TAMS 0x000000008dc00000| PB 0x000000008dc00000| Untracked 
|  49|0x000000008dd00000, 0x000000008dd00000, 0x000000008de00000|  0%| F|  |TAMS 0x000000008dd00000| PB 0x000000008dd00000| Untracked 
|  50|0x000000008de00000, 0x000000008de00000, 0x000000008df00000|  0%| F|  |TAMS 0x000000008de00000| PB 0x000000008de00000| Untracked 
|  51|0x000000008df00000, 0x000000008df00000, 0x000000008e000000|  0%| F|  |TAMS 0x000000008df00000| PB 0x000000008df00000| Untracked 
|  52|0x000000008e000000, 0x000000008e000000, 0x000000008e100000|  0%| F|  |TAMS 0x000000008e000000| PB 0x000000008e000000| Untracked 
|  53|0x000000008e100000, 0x000000008e100000, 0x000000008e200000|  0%| F|  |TAMS 0x000000008e100000| PB 0x000000008e100000| Untracked 
|  54|0x000000008e200000, 0x000000008e200000, 0x000000008e300000|  0%| F|  |TAMS 0x000000008e200000| PB 0x000000008e200000| Untracked 
|  55|0x000000008e300000, 0x000000008e300000, 0x000000008e400000|  0%| F|  |TAMS 0x000000008e300000| PB 0x000000008e300000| Untracked 
|  56|0x000000008e400000, 0x000000008e400000, 0x000000008e500000|  0%| F|  |TAMS 0x000000008e400000| PB 0x000000008e400000| Untracked 
|  57|0x000000008e500000, 0x000000008e500000, 0x000000008e600000|  0%| F|  |TAMS 0x000000008e500000| PB 0x000000008e500000| Untracked 
|  58|0x000000008e600000, 0x000000008e600000, 0x000000008e700000|  0%| F|  |TAMS 0x000000008e600000| PB 0x000000008e600000| Untracked 
|  59|0x000000008e700000, 0x000000008e700000, 0x000000008e800000|  0%| F|  |TAMS 0x000000008e700000| PB 0x000000008e700000| Untracked 
|  60|0x000000008e800000, 0x000000008e800000, 0x000000008e900000|  0%| F|  |TAMS 0x000000008e800000| PB 0x000000008e800000| Untracked 
|  61|0x000000008e900000, 0x000000008e900000, 0x000000008ea00000|  0%| F|  |TAMS 0x000000008e900000| PB 0x000000008e900000| Untracked 
|  62|0x000000008ea00000, 0x000000008ea00000, 0x000000008eb00000|  0%| F|  |TAMS 0x000000008ea00000| PB 0x000000008ea00000| Untracked 
|  63|0x000000008eb00000, 0x000000008eb00000, 0x000000008ec00000|  0%| F|  |TAMS 0x000000008eb00000| PB 0x000000008eb00000| Untracked 
|  64|0x000000008ec00000, 0x000000008ec00000, 0x000000008ed00000|  0%| F|  |TAMS 0x000000008ec00000| PB 0x000000008ec00000| Untracked 
|  65|0x000000008ed00000, 0x000000008ed00000, 0x000000008ee00000|  0%| F|  |TAMS 0x000000008ed00000| PB 0x000000008ed00000| Untracked 
|  66|0x000000008ee00000, 0x000000008ee00000, 0x000000008ef00000|  0%| F|  |TAMS 0x000000008ee00000| PB 0x000000008ee00000| Untracked 
|  67|0x000000008ef00000, 0x000000008ef00000, 0x000000008f000000|  0%| F|  |TAMS 0x000000008ef00000| PB 0x000000008ef00000| Untracked 
|  68|0x000000008f000000, 0x000000008f000000, 0x000000008f100000|  0%| F|  |TAMS 0x000000008f000000| PB 0x000000008f000000| Untracked 
|  69|0x000000008f100000, 0x000000008f100000, 0x000000008f200000|  0%| F|  |TAMS 0x000000008f100000| PB 0x000000008f100000| Untracked 
|  70|0x000000008f200000, 0x000000008f200000, 0x000000008f300000|  0%| F|  |TAMS 0x000000008f200000| PB 0x000000008f200000| Untracked 
|  71|0x000000008f300000, 0x000000008f300000, 0x000000008f400000|  0%| F|  |TAMS 0x000000008f300000| PB 0x000000008f300000| Untracked 
|  72|0x000000008f400000, 0x000000008f400000, 0x000000008f500000|  0%| F|  |TAMS 0x000000008f400000| PB 0x000000008f400000| Untracked 
|  73|0x000000008f500000, 0x000000008f500000, 0x000000008f600000|  0%| F|  |TAMS 0x000000008f500000| PB 0x000000008f500000| Untracked 
|  74|0x000000008f600000, 0x000000008f600000, 0x000000008f700000|  0%| F|  |TAMS 0x000000008f600000| PB 0x000000008f600000| Untracked 
|  75|0x000000008f700000, 0x000000008f700000, 0x000000008f800000|  0%| F|  |TAMS 0x000000008f700000| PB 0x000000008f700000| Untracked 
|  76|0x000000008f800000, 0x000000008f800000, 0x000000008f900000|  0%| F|  |TAMS 0x000000008f800000| PB 0x000000008f800000| Untracked 
|  77|0x000000008f900000, 0x000000008f900000, 0x000000008fa00000|  0%| F|  |TAMS 0x000000008f900000| PB 0x000000008f900000| Untracked 
|  78|0x000000008fa00000, 0x000000008fa00000, 0x000000008fb00000|  0%| F|  |TAMS 0x000000008fa00000| PB 0x000000008fa00000| Untracked 
|  79|0x000000008fb00000, 0x000000008fb00000, 0x000000008fc00000|  0%| F|  |TAMS 0x000000008fb00000| PB 0x000000008fb00000| Untracked 
|  80|0x000000008fc00000, 0x000000008fc00000, 0x000000008fd00000|  0%| F|  |TAMS 0x000000008fc00000| PB 0x000000008fc00000| Untracked 
|  81|0x000000008fd00000, 0x000000008fd00000, 0x000000008fe00000|  0%| F|  |TAMS 0x000000008fd00000| PB 0x000000008fd00000| Untracked 
|  82|0x000000008fe00000, 0x000000008fe00000, 0x000000008ff00000|  0%| F|  |TAMS 0x000000008fe00000| PB 0x000000008fe00000| Untracked 
|  83|0x000000008ff00000, 0x000000008ff00000, 0x0000000090000000|  0%| F|  |TAMS 0x000000008ff00000| PB 0x000000008ff00000| Untracked 
|  84|0x0000000090000000, 0x0000000090000000, 0x0000000090100000|  0%| F|  |TAMS 0x0000000090000000| PB 0x0000000090000000| Untracked 
|  85|0x0000000090100000, 0x0000000090100000, 0x0000000090200000|  0%| F|  |TAMS 0x0000000090100000| PB 0x0000000090100000| Untracked 
|  86|0x0000000090200000, 0x0000000090200000, 0x0000000090300000|  0%| F|  |TAMS 0x0000000090200000| PB 0x0000000090200000| Untracked 
|  87|0x0000000090300000, 0x0000000090300000, 0x0000000090400000|  0%| F|  |TAMS 0x0000000090300000| PB 0x0000000090300000| Untracked 
|  88|0x0000000090400000, 0x0000000090400000, 0x0000000090500000|  0%| F|  |TAMS 0x0000000090400000| PB 0x0000000090400000| Untracked 
|  89|0x0000000090500000, 0x0000000090500000, 0x0000000090600000|  0%| F|  |TAMS 0x0000000090500000| PB 0x0000000090500000| Untracked 
|  90|0x0000000090600000, 0x0000000090600000, 0x0000000090700000|  0%| F|  |TAMS 0x0000000090600000| PB 0x0000000090600000| Untracked 
|  91|0x0000000090700000, 0x0000000090700000, 0x0000000090800000|  0%| F|  |TAMS 0x0000000090700000| PB 0x0000000090700000| Untracked 
|  92|0x0000000090800000, 0x0000000090800000, 0x0000000090900000|  0%| F|  |TAMS 0x0000000090800000| PB 0x0000000090800000| Untracked 
|  93|0x0000000090900000, 0x0000000090900000, 0x0000000090a00000|  0%| F|  |TAMS 0x0000000090900000| PB 0x0000000090900000| Untracked 
|  94|0x0000000090a00000, 0x0000000090a00000, 0x0000000090b00000|  0%| F|  |TAMS 0x0000000090a00000| PB 0x0000000090a00000| Untracked 
|  95|0x0000000090b00000, 0x0000000090b00000, 0x0000000090c00000|  0%| F|  |TAMS 0x0000000090b00000| PB 0x0000000090b00000| Untracked 
|  96|0x0000000090c00000, 0x0000000090c00000, 0x0000000090d00000|  0%| F|  |TAMS 0x0000000090c00000| PB 0x0000000090c00000| Untracked 
|  97|0x0000000090d00000, 0x0000000090d00000, 0x0000000090e00000|  0%| F|  |TAMS 0x0000000090d00000| PB 0x0000000090d00000| Untracked 
|  98|0x0000000090e00000, 0x0000000090e00000, 0x0000000090f00000|  0%| F|  |TAMS 0x0000000090e00000| PB 0x0000000090e00000| Untracked 
|  99|0x0000000090f00000, 0x0000000090f00000, 0x0000000091000000|  0%| F|  |TAMS 0x0000000090f00000| PB 0x0000000090f00000| Untracked 
| 100|0x0000000091000000, 0x0000000091000000, 0x0000000091100000|  0%| F|  |TAMS 0x0000000091000000| PB 0x0000000091000000| Untracked 
| 101|0x0000000091100000, 0x0000000091100000, 0x0000000091200000|  0%| F|  |TAMS 0x0000000091100000| PB 0x0000000091100000| Untracked 
| 102|0x0000000091200000, 0x0000000091200000, 0x0000000091300000|  0%| F|  |TAMS 0x0000000091200000| PB 0x0000000091200000| Untracked 
| 103|0x0000000091300000, 0x0000000091300000, 0x0000000091400000|  0%| F|  |TAMS 0x0000000091300000| PB 0x0000000091300000| Untracked 
| 104|0x0000000091400000, 0x0000000091400000, 0x0000000091500000|  0%| F|  |TAMS 0x0000000091400000| PB 0x0000000091400000| Untracked 
| 105|0x0000000091500000, 0x0000000091500000, 0x0000000091600000|  0%| F|  |TAMS 0x0000000091500000| PB 0x0000000091500000| Untracked 
| 106|0x0000000091600000, 0x0000000091600000, 0x0000000091700000|  0%| F|  |TAMS 0x0000000091600000| PB 0x0000000091600000| Untracked 
| 107|0x0000000091700000, 0x0000000091700000, 0x0000000091800000|  0%| F|  |TAMS 0x0000000091700000| PB 0x0000000091700000| Untracked 
| 108|0x0000000091800000, 0x0000000091900000, 0x0000000091900000|100%| E|  |TAMS 0x0000000091800000| PB 0x0000000091800000| Complete 
| 109|0x0000000091900000, 0x0000000091a00000, 0x0000000091a00000|100%| E|CS|TAMS 0x0000000091900000| PB 0x0000000091900000| Complete 
| 110|0x0000000091a00000, 0x0000000091b00000, 0x0000000091b00000|100%| E|CS|TAMS 0x0000000091a00000| PB 0x0000000091a00000| Complete 
| 111|0x0000000091b00000, 0x0000000091c00000, 0x0000000091c00000|100%| E|CS|TAMS 0x0000000091b00000| PB 0x0000000091b00000| Complete 
| 112|0x0000000091c00000, 0x0000000091d00000, 0x0000000091d00000|100%| E|CS|TAMS 0x0000000091c00000| PB 0x0000000091c00000| Complete 
| 113|0x0000000091d00000, 0x0000000091e00000, 0x0000000091e00000|100%| E|CS|TAMS 0x0000000091d00000| PB 0x0000000091d00000| Complete 
| 114|0x0000000091e00000, 0x0000000091f00000, 0x0000000091f00000|100%| E|CS|TAMS 0x0000000091e00000| PB 0x0000000091e00000| Complete 
| 115|0x0000000091f00000, 0x0000000092000000, 0x0000000092000000|100%| E|CS|TAMS 0x0000000091f00000| PB 0x0000000091f00000| Complete 
| 116|0x0000000092000000, 0x0000000092100000, 0x0000000092100000|100%| E|CS|TAMS 0x0000000092000000| PB 0x0000000092000000| Complete 
| 117|0x0000000092100000, 0x0000000092200000, 0x0000000092200000|100%| E|CS|TAMS 0x0000000092100000| PB 0x0000000092100000| Complete 

Card table byte_map: [0x00000251c4db0000,0x00000251c5160000] _byte_map_base: 0x00000251c495a000

Marking Bits: (CMBitMap*) 0x00000251ad444860
 Bits: [0x00000251c5510000, 0x00000251c7260000)

Polling page: 0x00000251ab380000

Metaspace:

Usage:
  Non-class:      5.27 MB used.
      Class:    671.40 KB used.
       Both:      5.93 MB used.

Virtual space:
  Non-class space:       64.00 MB reserved,       5.38 MB (  8%) committed,  1 nodes.
      Class space:        1.00 GB reserved,     768.00 KB ( <1%) committed,  1 nodes.
             Both:        1.06 GB reserved,       6.12 MB ( <1%) committed. 

Chunk freelists:
   Non-Class:  2.37 MB
       Class:  3.24 MB
        Both:  5.62 MB

MaxMetaspaceSize: unlimited
CompressedClassSpaceSize: 1.00 GB
Initial GC threshold: 21.00 MB
Current GC threshold: 21.00 MB
CDS: on
MetaspaceReclaimPolicy: balanced
 - commit_granule_bytes: 65536.
 - commit_granule_words: 8192.
 - virtual_space_node_default_size: 8388608.
 - enlarge_chunks_in_place: 1.
 - new_chunks_are_fully_committed: 0.
 - uncommit_free_chunks: 1.
 - use_allocation_guard: 0.


Internal statistics:

num_allocs_failed_limit: 0.
num_arena_births: 126.
num_arena_deaths: 0.
num_vsnodes_births: 2.
num_vsnodes_deaths: 0.
num_space_committed: 98.
num_space_uncommitted: 0.
num_chunks_returned_to_freelist: 0.
num_chunks_taken_from_freelist: 149.
num_chunk_merges: 0.
num_chunk_splits: 92.
num_chunks_enlarged: 41.
num_inconsistent_stats: 0.

CodeHeap 'non-profiled nmethods': size=120000Kb used=230Kb max_used=230Kb free=119769Kb
 bounds [0x00000251bcf70000, 0x00000251bd1e0000, 0x00000251c44a0000]
CodeHeap 'profiled nmethods': size=120000Kb used=1330Kb max_used=1330Kb free=118669Kb
 bounds [0x00000251b54a0000, 0x00000251b5710000, 0x00000251bc9d0000]
CodeHeap 'non-nmethods': size=5760Kb used=1525Kb max_used=1533Kb free=4234Kb
 bounds [0x00000251bc9d0000, 0x00000251bcc40000, 0x00000251bcf70000]
 total_blobs=1338 nmethods=788 adapters=461
 compilation: enabled
              stopped_count=0, restarted_count=0
 full_count=0

Compilation events (20 events):
Event: 0.761 Thread 0x00000251c9eeb350  774       3       java.io.BufferedInputStream::fill (204 bytes)
Event: 0.762 Thread 0x00000251c9eeb350 nmethod 774 0x00000251b55e0a90 code [0x00000251b55e0ce0, 0x00000251b55e1918]
Event: 0.763 Thread 0x00000251c9eeb350  775       3       java.io.BufferedInputStream::getInIfOpen (21 bytes)
Event: 0.763 Thread 0x00000251c9eeb350 nmethod 775 0x00000251b55e1c90 code [0x00000251b55e1e20, 0x00000251b55e2030]
Event: 0.766 Thread 0x00000251c9eeb350  776   !   3       java.util.zip.InflaterInputStream::read (129 bytes)
Event: 0.767 Thread 0x00000251c9eeb350 nmethod 776 0x00000251b55e2110 code [0x00000251b55e23c0, 0x00000251b55e30b8]
Event: 0.767 Thread 0x00000251c9eeb350  777   !   3       java.util.zip.Inflater::needsDictionary (19 bytes)
Event: 0.767 Thread 0x00000251c9eeb350 nmethod 777 0x00000251b55e3710 code [0x00000251b55e38a0, 0x00000251b55e3aa0]
Event: 0.770 Thread 0x00000251c9eeb350  778       3       java.util.zip.InflaterInputStream::available (32 bytes)
Event: 0.771 Thread 0x00000251c9eeb350 nmethod 778 0x00000251b55e3b90 code [0x00000251b55e3d60, 0x00000251b55e4210]
Event: 0.774 Thread 0x00000251c9eeb350  779 %     3       sun.awt.image.PNGImageDecoder::update_crc @ 3 (41 bytes)
Event: 0.775 Thread 0x00000251c9eeb350 nmethod 779% 0x00000251b55e4390 code [0x00000251b55e4520, 0x00000251b55e47b8]
Event: 0.797 Thread 0x00000251c9eeb350  780       3       sun.awt.image.PNGImageDecoder::update_crc (41 bytes)
Event: 0.797 Thread 0x00000251c9eeb350 nmethod 780 0x00000251b55e4910 code [0x00000251b55e4aa0, 0x00000251b55e4c90]
Event: 0.802 Thread 0x00000251c9eeb350  781       1       java.beans.PropertyChangeEvent::getOldValue (5 bytes)
Event: 0.802 Thread 0x00000251c9eeb350 nmethod 781 0x00000251bcfa8f10 code [0x00000251bcfa9080, 0x00000251bcfa9148]
Event: 0.802 Thread 0x00000251c9eeb350  783       3       java.util.ArrayList$Itr::hasNext (20 bytes)
Event: 0.802 Thread 0x00000251c9eeb350 nmethod 783 0x00000251b55e4e10 code [0x00000251b55e4fa0, 0x00000251b55e5118]
Event: 0.802 Thread 0x00000251c9eeb350  782       1       java.beans.PropertyChangeEvent::getNewValue (5 bytes)
Event: 0.802 Thread 0x00000251c9eeb350 nmethod 782 0x00000251bcfa9210 code [0x00000251bcfa9380, 0x00000251bcfa9448]

GC Heap History (0 events):
No events

Dll operation events (7 events):
Event: 0.017 Loaded shared library C:\Program Files\Java\jdk-20\bin\java.dll
Event: 0.031 Loaded shared library C:\Program Files\Java\jdk-20\bin\jsvml.dll
Event: 0.106 Loaded shared library C:\Program Files\Java\jdk-20\bin\net.dll
Event: 0.109 Loaded shared library C:\Program Files\Java\jdk-20\bin\nio.dll
Event: 0.147 Loaded shared library C:\Program Files\Java\jdk-20\bin\jimage.dll
Event: 0.171 Loaded shared library C:\Program Files\Java\jdk-20\bin\awt.dll
Event: 0.564 Loaded shared library C:\Program Files\Java\jdk-20\bin\zip.dll

Deoptimization events (20 events):
Event: 0.656 Thread 0x00000251ceb5e020 DEOPT PACKING pc=0x00000251b55af2c6 sp=0x0000006dd57ff300
Event: 0.656 Thread 0x00000251ceb5e020 DEOPT UNPACKING pc=0x00000251bca3a4c2 sp=0x0000006dd57fe770 mode 0
Event: 0.656 Thread 0x00000251ceb5e020 DEOPT PACKING pc=0x00000251b55af2c6 sp=0x0000006dd57ff300
Event: 0.656 Thread 0x00000251ceb5e020 DEOPT UNPACKING pc=0x00000251bca3a4c2 sp=0x0000006dd57fe770 mode 0
Event: 0.666 Thread 0x00000251ceb5e020 Uncommon trap: trap_request=0xffffff45 fr.pc=0x00000251bcfa4564 relative=0x00000000000002e4
Event: 0.666 Thread 0x00000251ceb5e020 Uncommon trap: reason=unstable_if action=reinterpret pc=0x00000251bcfa4564 method=sun.awt.image.PNGImageDecoder.filterRow([B[BIII)V @ 384 c2
Event: 0.666 Thread 0x00000251ceb5e020 DEOPT PACKING pc=0x00000251bcfa4564 sp=0x0000006dd57ff320
Event: 0.666 Thread 0x00000251ceb5e020 DEOPT UNPACKING pc=0x00000251bca39d22 sp=0x0000006dd57ff258 mode 2
Event: 0.666 Thread 0x00000251ceb5e020 Uncommon trap: trap_request=0xffffff45 fr.pc=0x00000251bcfa358c relative=0x00000000000002ec
Event: 0.666 Thread 0x00000251ceb5e020 Uncommon trap: reason=unstable_if action=reinterpret pc=0x00000251bcfa358c method=sun.awt.image.PNGImageDecoder.filterRow([B[BIII)V @ 384 c2
Event: 0.666 Thread 0x00000251ceb5e020 DEOPT PACKING pc=0x00000251bcfa358c sp=0x0000006dd57ff2f0
Event: 0.666 Thread 0x00000251ceb5e020 DEOPT UNPACKING pc=0x00000251bca39d22 sp=0x0000006dd57ff258 mode 2
Event: 0.674 Thread 0x00000251ceb5e020 Uncommon trap: trap_request=0xffffff45 fr.pc=0x00000251bcf97eec relative=0x00000000000004ac
Event: 0.674 Thread 0x00000251ceb5e020 Uncommon trap: reason=unstable_if action=reinterpret pc=0x00000251bcf97eec method=java.lang.StringLatin1.replace([BCC)Ljava/lang/String; @ 19 c2
Event: 0.674 Thread 0x00000251ceb5e020 DEOPT PACKING pc=0x00000251bcf97eec sp=0x0000006dd57ff340
Event: 0.674 Thread 0x00000251ceb5e020 DEOPT UNPACKING pc=0x00000251bca39d22 sp=0x0000006dd57ff2c0 mode 2
Event: 0.799 Thread 0x00000251ceb5e020 Uncommon trap: trap_request=0xffffff45 fr.pc=0x00000251bcfa6a44 relative=0x00000000000011e4
Event: 0.799 Thread 0x00000251ceb5e020 Uncommon trap: reason=unstable_if action=reinterpret pc=0x00000251bcfa6a44 method=sun.awt.image.PNGImageDecoder.produceImage()V @ 867 c2
Event: 0.799 Thread 0x00000251ceb5e020 DEOPT PACKING pc=0x00000251bcfa6a44 sp=0x0000006dd57ff560
Event: 0.799 Thread 0x00000251ceb5e020 DEOPT UNPACKING pc=0x00000251bca39d22 sp=0x0000006dd57ff4b0 mode 2

Classes loaded (20 events):
Event: 0.805 Loading class java/awt/event/WindowStateListener
Event: 0.806 Loading class java/awt/event/WindowStateListener done
Event: 0.806 Loading class java/awt/event/ItemListener
Event: 0.806 Loading class java/awt/event/ItemListener done
Event: 0.806 Loading class java/awt/event/AdjustmentListener
Event: 0.806 Loading class java/awt/event/AdjustmentListener done
Event: 0.806 Loading class java/awt/event/TextListener
Event: 0.806 Loading class java/awt/event/TextListener done
Event: 0.806 Loading class java/awt/event/InputMethodListener
Event: 0.806 Loading class java/awt/event/InputMethodListener done
Event: 0.806 Loading class java/awt/event/HierarchyListener
Event: 0.806 Loading class java/awt/event/HierarchyListener done
Event: 0.806 Loading class java/awt/event/HierarchyBoundsListener
Event: 0.806 Loading class java/awt/event/HierarchyBoundsListener done
Event: 0.806 Loading class java/awt/event/MouseWheelListener
Event: 0.806 Loading class java/awt/event/MouseWheelListener done
Event: 0.806 Loading class java/awt/AWTEventMulticaster done
Event: 0.806 Loading class javax/swing/plaf/metal/MetalTextFieldUI
Event: 0.806 Loading class javax/swing/plaf/basic/BasicTextFieldUI
Event: 0.807 Loading class javax/swing/plaf/basic/BasicTextUI

Classes unloaded (0 events):
No events

Classes redefined (0 events):
No events

Internal exceptions (13 events):
Event: 0.110 Thread 0x00000251ad3e5900 Exception <a 'sun/nio/fs/WindowsException'{0x0000000092043900}> (0x0000000092043900) 
thrown [s\open\src\hotspot\share\prims\jni.cpp, line 519]
Event: 0.113 Thread 0x00000251ad3e5900 Exception <a 'sun/nio/fs/WindowsException'{0x0000000092045e50}> (0x0000000092045e50) 
thrown [s\open\src\hotspot\share\prims\jni.cpp, line 519]
Event: 0.113 Thread 0x00000251ad3e5900 Exception <a 'sun/nio/fs/WindowsException'{0x0000000092046958}> (0x0000000092046958) 
thrown [s\open\src\hotspot\share\prims\jni.cpp, line 519]
Event: 0.155 Thread 0x00000251ad3e5900 Exception <a 'java/lang/ClassNotFoundException'{0x0000000091f70108}: sun/awt/resources/spi/awtProvider> (0x0000000091f70108) 
thrown [s\open\src\hotspot\share\classfile\systemDictionary.cpp, line 305]
Event: 0.189 Thread 0x00000251ad3e5900 Exception <a 'java/io/FileNotFoundException'{0x0000000091fc6a68}> (0x0000000091fc6a68) 
thrown [s\open\src\hotspot\share\prims\jni.cpp, line 519]
Event: 0.198 Thread 0x00000251ad3e5900 Exception <a 'java/io/FileNotFoundException'{0x0000000091ff0c78}> (0x0000000091ff0c78) 
thrown [s\open\src\hotspot\share\prims\jni.cpp, line 519]
Event: 0.456 Thread 0x00000251ad3e5900 Exception <a 'java/lang/NoSuchMethodError'{0x0000000091d10210}: 'void java.lang.invoke.DirectMethodHandle$Holder.invokeSpecial(java.lang.Object, java.lang.Object, java.lang.Object)'> (0x0000000091d10210) 
thrown [s\open\src\hotspot\share\interpreter\linkResolver.cpp, line 773]
Event: 0.470 Thread 0x00000251ad3e5900 Exception <a 'java/lang/NoSuchMethodError'{0x0000000091d3a920}: 'java.lang.Object java.lang.invoke.DirectMethodHandle$Holder.newInvokeSpecial(java.lang.Object, java.lang.Object, java.lang.Object, java.lang.Object, java.lang.Object)'> (0x0000000091d3a920) 
thrown [s\open\src\hotspot\share\interpreter\linkResolver.cpp, line 773]
Event: 0.480 Thread 0x00000251ad3e5900 Exception <a 'java/lang/NoSuchMethodError'{0x0000000091d6b1c8}: 'java.lang.Object java.lang.invoke.DirectMethodHandle$Holder.invokeStatic(java.lang.Object, int, java.lang.Object)'> (0x0000000091d6b1c8) 
thrown [s\open\src\hotspot\share\interpreter\linkResolver.cpp, line 773]
Event: 0.514 Thread 0x00000251ad3e5900 Exception <a 'java/lang/ClassNotFoundException'{0x0000000091c26fb8}: com/sun/swing/internal/plaf/metal/resources/spi/metalProvider> (0x0000000091c26fb8) 
thrown [s\open\src\hotspot\share\classfile\systemDictionary.cpp, line 305]
Event: 0.515 Thread 0x00000251ad3e5900 Exception <a 'java/lang/ClassNotFoundException'{0x0000000091c2af18}: com/sun/swing/internal/plaf/basic/resources/spi/basicProvider> (0x0000000091c2af18) 
thrown [s\open\src\hotspot\share\classfile\systemDictionary.cpp, line 305]
Event: 0.528 Thread 0x00000251ad3e5900 Exception <a 'java/lang/NoSuchMethodError'{0x0000000091c4a168}: 'int java.lang.invoke.Invokers$Holder.invokeExact_MT(java.lang.Object, java.lang.Object)'> (0x0000000091c4a168) 
thrown [s\open\src\hotspot\share\interpreter\linkResolver.cpp, line 773]
Event: 0.617 Thread 0x00000251ceb5e020 Exception <a 'java/lang/NoSuchMethodError'{0x0000000091a1abc8}: 'java.lang.Object java.lang.invoke.DirectMethodHandle$Holder.newInvokeSpecial(java.lang.Object, java.lang.Object, java.lang.Object, int, int, int, int, int)'> (0x0000000091a1abc8) 
thrown [s\open\src\hotspot\share\interpreter\linkResolver.cpp, line 773]

VM Operations (8 events):
Event: 0.115 Executing VM operation: HandshakeAllThreads
Event: 0.115 Executing VM operation: HandshakeAllThreads done
Event: 0.208 Executing VM operation: HandshakeAllThreads
Event: 0.208 Executing VM operation: HandshakeAllThreads done
Event: 0.599 Executing VM operation: HandshakeAllThreads
Event: 0.599 Executing VM operation: HandshakeAllThreads done
Event: 0.674 Executing VM operation: HandshakeAllThreads
Event: 0.674 Executing VM operation: HandshakeAllThreads done

Events (15 events):
Event: 0.031 Thread 0x00000251ad3e5900 Thread added: 0x00000251ad3e5900
Event: 0.053 Thread 0x00000251c9eb3580 Thread added: 0x00000251c9eb3580
Event: 0.053 Thread 0x00000251c9eb4180 Thread added: 0x00000251c9eb4180
Event: 0.054 Thread 0x00000251c9eb83b0 Thread added: 0x00000251c9eb83b0
Event: 0.054 Thread 0x00000251c9ebb3f0 Thread added: 0x00000251c9ebb3f0
Event: 0.054 Thread 0x00000251c9edd500 Thread added: 0x00000251c9edd500
Event: 0.055 Thread 0x00000251c9ede110 Thread added: 0x00000251c9ede110
Event: 0.055 Thread 0x00000251c9ee2680 Thread added: 0x00000251c9ee2680
Event: 0.055 Thread 0x00000251c9eeb350 Thread added: 0x00000251c9eeb350
Event: 0.087 Thread 0x00000251ce1a24b0 Thread added: 0x00000251ce1a24b0
Event: 0.129 Thread 0x00000251ce2a4780 Thread added: 0x00000251ce2a4780
Event: 0.260 Thread 0x00000251ce459350 Thread added: 0x00000251ce459350
Event: 0.262 Thread 0x00000251ce45e780 Thread added: 0x00000251ce45e780
Event: 0.264 Thread 0x00000251ce4629c0 Thread added: 0x00000251ce4629c0
Event: 0.540 Thread 0x00000251ceb5e020 Thread added: 0x00000251ceb5e020


Dynamic libraries:
0x00007ff644150000 - 0x00007ff644160000 	C:\Program Files\Java\jdk-20\bin\java.exe
0x00007ffac16f0000 - 0x00007ffac1907000 	C:\WINDOWS\SYSTEM32\ntdll.dll
0x00007ffac0760000 - 0x00007ffac0824000 	C:\WINDOWS\System32\KERNEL32.DLL
0x00007ffabef00000 - 0x00007ffabf2a6000 	C:\WINDOWS\System32\KERNELBASE.dll
0x00007ffabeb90000 - 0x00007ffabeca1000 	C:\WINDOWS\System32\ucrtbase.dll
0x00007ffa834c0000 - 0x00007ffa834db000 	C:\Program Files\Java\jdk-20\bin\VCRUNTIME140.dll
0x00007ffab63b0000 - 0x00007ffab63c9000 	C:\Program Files\Java\jdk-20\bin\jli.dll
0x00007ffac0ba0000 - 0x00007ffac0c50000 	C:\WINDOWS\System32\ADVAPI32.dll
0x00007ffac0a70000 - 0x00007ffac0b17000 	C:\WINDOWS\System32\msvcrt.dll
0x00007ffabfd30000 - 0x00007ffabfdd6000 	C:\WINDOWS\System32\sechost.dll
0x00007ffac1570000 - 0x00007ffac1687000 	C:\WINDOWS\System32\RPCRT4.dll
0x00007ffac13c0000 - 0x00007ffac156e000 	C:\WINDOWS\System32\USER32.dll
0x00007ffabf420000 - 0x00007ffabf446000 	C:\WINDOWS\System32\win32u.dll
0x00007ffabfd00000 - 0x00007ffabfd29000 	C:\WINDOWS\System32\GDI32.dll
0x00007ffaa7a70000 - 0x00007ffaa7d03000 	C:\WINDOWS\WinSxS\amd64_microsoft.windows.common-controls_6595b64144ccf1df_6.0.22621.2361_none_2712ced57382f843\COMCTL32.dll
0x00007ffabea70000 - 0x00007ffabeb88000 	C:\WINDOWS\System32\gdi32full.dll
0x00007ffabee60000 - 0x00007ffabeefa000 	C:\WINDOWS\System32\msvcp_win.dll
0x00007ffab5570000 - 0x00007ffab557a000 	C:\WINDOWS\SYSTEM32\VERSION.dll
0x00007ffac1050000 - 0x00007ffac1081000 	C:\WINDOWS\System32\IMM32.DLL
0x00007ffab9d10000 - 0x00007ffab9d1c000 	C:\Program Files\Java\jdk-20\bin\vcruntime140_1.dll
0x00007ffa7b280000 - 0x00007ffa7b30e000 	C:\Program Files\Java\jdk-20\bin\msvcp140.dll
0x00007ffa09500000 - 0x00007ffa0a197000 	C:\Program Files\Java\jdk-20\bin\server\jvm.dll
0x00007ffab6270000 - 0x00007ffab62a4000 	C:\WINDOWS\SYSTEM32\WINMM.dll
0x00007ffaa15a0000 - 0x00007ffaa15a9000 	C:\WINDOWS\SYSTEM32\WSOCK32.dll
0x00007ffac0b20000 - 0x00007ffac0b91000 	C:\WINDOWS\System32\WS2_32.dll
0x00007ffabdab0000 - 0x00007ffabdac8000 	C:\WINDOWS\SYSTEM32\kernel.appcore.dll
0x00007ffaab6c0000 - 0x00007ffaab6ca000 	C:\Program Files\Java\jdk-20\bin\jimage.dll
0x00007ffaabb90000 - 0x00007ffaabdbe000 	C:\WINDOWS\SYSTEM32\DBGHELP.DLL
0x00007ffac0c50000 - 0x00007ffac0fda000 	C:\WINDOWS\System32\combase.dll
0x00007ffac0680000 - 0x00007ffac0757000 	C:\WINDOWS\System32\OLEAUT32.dll
0x00007ffaa1940000 - 0x00007ffaa1972000 	C:\WINDOWS\SYSTEM32\dbgcore.DLL
0x00007ffabed70000 - 0x00007ffabedea000 	C:\WINDOWS\System32\bcryptPrimitives.dll
0x00007ffa823d0000 - 0x00007ffa823f6000 	C:\Program Files\Java\jdk-20\bin\java.dll
0x00007ffa7e240000 - 0x00007ffa7e317000 	C:\Program Files\Java\jdk-20\bin\jsvml.dll
0x00007ffabf4a0000 - 0x00007ffabfcf8000 	C:\WINDOWS\System32\SHELL32.dll
0x00007ffabc9d0000 - 0x00007ffabd2c2000 	C:\WINDOWS\SYSTEM32\windows.storage.dll
0x00007ffabc890000 - 0x00007ffabc9ce000 	C:\WINDOWS\SYSTEM32\wintypes.dll
0x00007ffac1100000 - 0x00007ffac11f3000 	C:\WINDOWS\System32\SHCORE.dll
0x00007ffac1090000 - 0x00007ffac10ee000 	C:\WINDOWS\System32\shlwapi.dll
0x00007ffabe9a0000 - 0x00007ffabe9c6000 	C:\WINDOWS\SYSTEM32\profapi.dll
0x00007ffa834a0000 - 0x00007ffa834b3000 	C:\Program Files\Java\jdk-20\bin\net.dll
0x00007ffab8480000 - 0x00007ffab85b7000 	C:\WINDOWS\SYSTEM32\WINHTTP.dll
0x00007ffabdf30000 - 0x00007ffabdf99000 	C:\WINDOWS\system32\mswsock.dll
0x00007ffa82150000 - 0x00007ffa82166000 	C:\Program Files\Java\jdk-20\bin\nio.dll
0x00007ffa7b310000 - 0x00007ffa7b4a1000 	C:\Program Files\Java\jdk-20\bin\awt.dll
0x00007ffabbe00000 - 0x00007ffabbe97000 	C:\WINDOWS\SYSTEM32\apphelp.dll
0x00007ffabc220000 - 0x00007ffabc24b000 	C:\WINDOWS\system32\DWMAPI.DLL
0x00007ffabbf90000 - 0x00007ffabc03b000 	C:\WINDOWS\system32\uxtheme.dll
0x00007ffa65ab0000 - 0x00007ffa65bb0000 	C:\WINDOWS\system32\opengl32.dll
0x00007ffa72f30000 - 0x00007ffa72f5d000 	C:\WINDOWS\SYSTEM32\GLU32.dll
0x00007ffabc0b0000 - 0x00007ffabc0e6000 	C:\WINDOWS\SYSTEM32\dxcore.dll
0x00007ffabfde0000 - 0x00007ffabff2c000 	C:\WINDOWS\System32\MSCTF.dll
0x00007ffabff30000 - 0x00007ffac00cf000 	C:\WINDOWS\System32\ole32.dll
0x00007ffa7cba0000 - 0x00007ffa7cd49000 	C:\WINDOWS\system32\d3d9.dll
0x00007ffab4cf0000 - 0x00007ffab4eab000 	C:\WINDOWS\System32\DriverStore\FileRepository\u0387389.inf_amd64_995be970e30b8c79\B385477\aticfx64.dll
0x00007ffaa88c0000 - 0x00007ffaa88f4000 	C:\WINDOWS\System32\DriverStore\FileRepository\u0387389.inf_amd64_995be970e30b8c79\B385477\atiu9p64.dll
0x00007ffa7be40000 - 0x00007ffa7cb95000 	C:\WINDOWS\System32\DriverStore\FileRepository\u0387389.inf_amd64_995be970e30b8c79\B385477\atiumd64.dll
0x000000006f900000 - 0x0000000070827000 	C:\WINDOWS\System32\DriverStore\FileRepository\u0387389.inf_amd64_995be970e30b8c79\B385477\atiumd6a.dll
0x00007ffac01e0000 - 0x00007ffac0654000 	C:\WINDOWS\System32\SETUPAPI.dll
0x00007ffabe6e0000 - 0x00007ffabe72d000 	C:\WINDOWS\SYSTEM32\POWRPROF.dll
0x00007ffabe4f0000 - 0x00007ffabe503000 	C:\WINDOWS\SYSTEM32\UMPDC.dll
0x00007ffab5010000 - 0x00007ffab5045000 	C:\WINDOWS\SYSTEM32\amdihk64.dll
0x00007ffab8c00000 - 0x00007ffab8c4a000 	C:\WINDOWS\SYSTEM32\directxdatabasehelper.dll
0x00007ffa82130000 - 0x00007ffa82148000 	C:\Program Files\Java\jdk-20\bin\zip.dll

dbghelp: loaded successfully - version: 4.0.5 - missing functions: none
symbol engine: initialized successfully - sym options: 0x614 - pdb path: .;C:\Program Files\Java\jdk-20\bin;C:\WINDOWS\SYSTEM32;C:\WINDOWS\WinSxS\amd64_microsoft.windows.common-controls_6595b64144ccf1df_6.0.22621.2361_none_2712ced57382f843;C:\Program Files\Java\jdk-20\bin\server;C:\WINDOWS\System32\DriverStore\FileRepository\u0387389.inf_amd64_995be970e30b8c79\B385477

VM Arguments:
jvm_args: -Dfile.encoding=UTF-8 --module-path=C:\Users\KRISHNA\Documents\NetBeansProjects\BloodBankManagementt\build\classes 
java_command: BBM.UpdateDetails
java_class_path (initial): C:\Users\KRISHNA\Documents\NetBeansProjects\BloodBankManagementt\build\classes
Launcher Type: SUN_STANDARD

[Global flags]
     intx CICompilerCount                          = 4                                         {product} {ergonomic}
     uint ConcGCThreads                            = 3                                         {product} {ergonomic}
     uint G1ConcRefinementThreads                  = 10                                        {product} {ergonomic}
   size_t G1HeapRegionSize                         = 1048576                                   {product} {ergonomic}
    uintx GCDrainStackTargetSize                   = 64                                        {product} {ergonomic}
   size_t InitialHeapSize                          = 123731968                                 {product} {ergonomic}
   size_t MarkStackSize                            = 4194304                                   {product} {ergonomic}
   size_t MaxHeapSize                              = 1967128576                                {product} {ergonomic}
   size_t MaxNewSize                               = 1179648000                                {product} {ergonomic}
   size_t MinHeapDeltaBytes                        = 1048576                                   {product} {ergonomic}
   size_t MinHeapSize                              = 8388608                                   {product} {ergonomic}
    uintx NonNMethodCodeHeapSize                   = 5839372                                {pd product} {ergonomic}
    uintx NonProfiledCodeHeapSize                  = 122909434                              {pd product} {ergonomic}
    uintx ProfiledCodeHeapSize                     = 122909434                              {pd product} {ergonomic}
    uintx ReservedCodeCacheSize                    = 251658240                              {pd product} {ergonomic}
     bool SegmentedCodeCache                       = true                                      {product} {ergonomic}
   size_t SoftMaxHeapSize                          = 1967128576                             {manageable} {ergonomic}
     bool UseCompressedClassPointers               = true                           {product lp64_product} {ergonomic}
     bool UseCompressedOops                        = true                           {product lp64_product} {ergonomic}
     bool UseG1GC                                  = true                                      {product} {ergonomic}
     bool UseLargePagesIndividualAllocation        = false                                  {pd product} {ergonomic}

Logging:
Log output configuration:
 #0: stdout all=warning uptime,level,tags foldmultilines=false
 #1: stderr all=off uptime,level,tags foldmultilines=false

Environment Variables:
JAVA_HOME=C:\Program Files\Java\jdk-20
PATH=C:\oraclexe\app\oracle\product\11.2.0\server\bin;C:\Program Files\Common Files\Oracle\Java\javapath;C:\Program Files\openjdk-19.0.2_windows-x64_bin.zip\jdk-19.0.2\bin;C:\Program Files\Java\jdk-11.0.17\bin;C:\WINDOWS\system32;C:\WINDOWS;C:\WINDOWS\System32\Wbem;C:\WINDOWS\System32\WindowsPowerShell\v1.0\;C:\WINDOWS\System32\OpenSSH\;C:\Program Files\Java\jdk-19\bin;C:\Program Files\Java\jdk-20\bin;C:\Program Files\Common Files\Oracle\Java\javapath;C:\Program Files\Java\jdk-20\bin;C:\Program Files\Git\cmd;C:\Program Files\Java\jdk-20\bin;C:\Program Files\nodejs\;C:\Program Files\PowerShell\7\;C:\Program Files\MySQL\MySQL Server 8.0\bin;C:\Program Files\MySQL\MySQL Shell 8.0\bin\;C:\Program Files\Java\jdk-20\bin;C:\Program Files\MySQL\MySQL Server 8.0\bin;C:\Users\KRISHNA\AppData\Local\Programs\Microsoft VS Code\bin;C:\Program Files\Java\jdk-20\bin;C:\Users\KRISHNA\AppData\Roaming\npm
USERNAME=KRISHNA
OS=Windows_NT
PROCESSOR_IDENTIFIER=AMD64 Family 23 Model 104 Stepping 1, AuthenticAMD
TMP=C:\Users\KRISHNA\AppData\Local\Temp
TEMP=C:\Users\KRISHNA\AppData\Local\Temp




---------------  S Y S T E M  ---------------

OS:
 Windows 11 , 64 bit Build 22621 (10.0.22621.2361)
OS uptime: 0 days 12:27 hours

CPU: total 12 (initial active 12) (12 cores per cpu, 2 threads per core) family 23 model 104 stepping 1 microcode 0x0, cx8, cmov, fxsr, ht, mmx, 3dnowpref, sse, sse2, sse3, ssse3, sse4a, sse4.1, sse4.2, popcnt, lzcnt, tsc, tscinvbit, avx, avx2, aes, clmul, bmi1, bmi2, adx, sha, fma, vzeroupper, clflush, clflushopt, rdtscp, rdpid, f16c

Memory: 4k page, system-wide physical 7501M (365M free)
TotalPageFile size 30029M (AvailPageFile size 5M)
current process WorkingSet (physical memory assigned to process): 77M, peak: 77M
current process commit charge ("private bytes"): 237M, peak: 238M

vm_info: Java HotSpot(TM) 64-Bit Server VM (20.0.1+9-29) for windows-amd64 JRE (20.0.1+9-29), built on 2023-03-07T13:56:11Z by "mach5one" with MS VC++ 17.1 (VS2022)

END.
