#
# There is insufficient memory for the Java Runtime Environment to continue.
# Native memory allocation (malloc) failed to allocate 1229776 bytes for Chunk::new
# Possible reasons:
#   The system is out of physical RAM or swap space
#   The process is running with CompressedOops enabled, and the Java Heap may be blocking the growth of the native heap
# Possible solutions:
#   Reduce memory load on the system
#   Increase physical memory or swap space
#   Check if swap backing store is full
#   Decrease Java heap size (-Xmx/-Xms)
#   Decrease number of Java threads
#   Decrease Java thread stack sizes (-Xss)
#   Set larger code cache with -XX:ReservedCodeCacheSize=
#   JVM is running with Unscaled Compressed Oops mode in which the Java heap is
#     placed in the first 4GB address space. The Java Heap base address is the
#     maximum limit for the native heap growth. Please use -XX:HeapBaseMinAddress
#     to set the Java Heap base and to place the Java Heap above 4GB virtual address.
# This output file may be truncated or incomplete.
#
#  Out of Memory Error (arena.cpp:184), pid=13908, tid=32676
#
# JRE version: Java(TM) SE Runtime Environment (20.0.1+9) (build 20.0.1+9-29)
# Java VM: Java HotSpot(TM) 64-Bit Server VM (20.0.1+9-29, mixed mode, sharing, tiered, compressed oops, compressed class ptrs, g1 gc, windows-amd64)
# No core dump will be written. Minidumps are not enabled by default on client versions of Windows
#

---------------  S U M M A R Y ------------

Command Line: -Dfile.encoding=UTF-8 --module-path=C:\Users\KRISHNA\Documents\NetBeansProjects\BloodBankManagementt\build\classes Login

Host: AMD Ryzen 5 5500U with Radeon Graphics         , 12 cores, 7G,  Windows 11 , 64 bit Build 22621 (10.0.22621.2361)
Time: Mon Oct 16 01:24:37 2023 India Standard Time elapsed time: 0.544955 seconds (0d 0h 0m 0s)

---------------  T H R E A D  ---------------

Current thread (0x000002f430719330):  JavaThread "C2 CompilerThread0" daemon [_thread_in_native, id=32676, stack(0x000000f70d800000,0x000000f70d900000)]


Current CompileTask:
C2:    545  748   !   4       sun.awt.image.PNGImageDecoder::produceImage (1917 bytes)

Stack: [0x000000f70d800000,0x000000f70d900000]
Native frames: (J=compiled Java code, j=interpreted, Vv=VM code, C=native code)
V  [jvm.dll+0x6bb95a]
V  [jvm.dll+0x8485fa]
V  [jvm.dll+0x84a1f5]
V  [jvm.dll+0x84a8f3]
V  [jvm.dll+0x280b0f]
V  [jvm.dll+0xc2b11]
V  [jvm.dll+0xc2e35]
V  [jvm.dll+0x3bb142]
V  [jvm.dll+0x1e6c43]
V  [jvm.dll+0x24b3ab]
V  [jvm.dll+0x24a651]
V  [jvm.dll+0x1ce491]
V  [jvm.dll+0x259e1b]
V  [jvm.dll+0x2584f0]
V  [jvm.dll+0x3f2895]
V  [jvm.dll+0x7f4b56]
V  [jvm.dll+0x6ba5cb]
C  [ucrtbase.dll+0x29363]
C  [KERNEL32.DLL+0x1257d]
C  [ntdll.dll+0x5aa78]


---------------  P R O C E S S  ---------------

Threads class SMR info:
_java_thread_list=0x000002f436323620, length=17, elements={
0x000002f413c37210, 0x000002f43070e440, 0x000002f430711700, 0x000002f430714070,
0x000002f430715dc0, 0x000002f430717710, 0x000002f4307182b0, 0x000002f430719330,
0x000002f43072d5b0, 0x000002f4349a99a0, 0x000002f434acdf90, 0x000002f434b73c40,
0x000002f434b74190, 0x000002f434b3e9d0, 0x000002f435293850, 0x000002f4352ee000,
0x000002f43644b010
}

Java Threads: ( => current thread )
  0x000002f413c37210 JavaThread "main" [_thread_in_native, id=16080, stack(0x000000f70cb00000,0x000000f70cc00000)]
  0x000002f43070e440 JavaThread "Reference Handler" daemon [_thread_blocked, id=32824, stack(0x000000f70d200000,0x000000f70d300000)]
  0x000002f430711700 JavaThread "Finalizer" daemon [_thread_blocked, id=33664, stack(0x000000f70d300000,0x000000f70d400000)]
  0x000002f430714070 JavaThread "Signal Dispatcher" daemon [_thread_blocked, id=29752, stack(0x000000f70d400000,0x000000f70d500000)]
  0x000002f430715dc0 JavaThread "Attach Listener" daemon [_thread_blocked, id=16056, stack(0x000000f70d500000,0x000000f70d600000)]
  0x000002f430717710 JavaThread "Service Thread" daemon [_thread_blocked, id=13012, stack(0x000000f70d600000,0x000000f70d700000)]
  0x000002f4307182b0 JavaThread "Monitor Deflation Thread" daemon [_thread_blocked, id=2420, stack(0x000000f70d700000,0x000000f70d800000)]
=>0x000002f430719330 JavaThread "C2 CompilerThread0" daemon [_thread_in_native, id=32676, stack(0x000000f70d800000,0x000000f70d900000)]
  0x000002f43072d5b0 JavaThread "C1 CompilerThread0" daemon [_thread_blocked, id=29420, stack(0x000000f70d900000,0x000000f70da00000)]
  0x000002f4349a99a0 JavaThread "Common-Cleaner" daemon [_thread_blocked, id=9676, stack(0x000000f70da00000,0x000000f70db00000)]
  0x000002f434acdf90 JavaThread "Notification Thread" daemon [_thread_blocked, id=29772, stack(0x000000f70db00000,0x000000f70dc00000)]
  0x000002f434b73c40 JavaThread "Java2D Disposer" daemon [_thread_blocked, id=31704, stack(0x000000f70dd00000,0x000000f70de00000)]
  0x000002f434b74190 JavaThread "AWT-Shutdown" [_thread_blocked, id=32084, stack(0x000000f70de00000,0x000000f70df00000)]
  0x000002f434b3e9d0 JavaThread "AWT-Windows" daemon [_thread_in_native, id=3148, stack(0x000000f70df00000,0x000000f70e000000)]
  0x000002f435293850 JavaThread "Image Fetcher 0" daemon [_thread_blocked, id=28160, stack(0x000000f70e200000,0x000000f70e300000)]
  0x000002f4352ee000 JavaThread "C2 CompilerThread1" daemon [_thread_in_native, id=11640, stack(0x000000f70e300000,0x000000f70e400000)]
  0x000002f43644b010 JavaThread "AWT-EventQueue-0" [_thread_blocked, id=29224, stack(0x000000f70e400000,0x000000f70e500000)]

Other Threads:
  0x000002f4306f0030 VMThread "VM Thread" [stack: 0x000000f70d100000,0x000000f70d200000] [id=9904]
  0x000002f434a88c70 WatcherThread "VM Periodic Task Thread" [stack: 0x000000f70dc00000,0x000000f70dd00000] [id=11144]
  0x000002f413c938b0 WorkerThread "GC Thread#0" [stack: 0x000000f70cc00000,0x000000f70cd00000] [id=33076]
  0x000002f413ca3240 ConcurrentGCThread "G1 Main Marker" [stack: 0x000000f70cd00000,0x000000f70ce00000] [id=21632]
  0x000002f413ca3e10 WorkerThread "G1 Conc#0" [stack: 0x000000f70ce00000,0x000000f70cf00000] [id=33460]
  0x000002f4305a9160 ConcurrentGCThread "G1 Refine#0" [stack: 0x000000f70cf00000,0x000000f70d000000] [id=32988]
  0x000002f4305a9c00 ConcurrentGCThread "G1 Service" [stack: 0x000000f70d000000,0x000000f70d100000] [id=3092]

Threads with active compile tasks:
C2 CompilerThread0      574  748   !   4       sun.awt.image.PNGImageDecoder::produceImage (1917 bytes)
C2 CompilerThread1      574  771   !   4       sun.awt.image.ImageRepresentation::getOpaqueRGBImage (164 bytes)

VM state: not at safepoint (normal execution)

VM Mutex/Monitor currently owned by a thread: None

Heap address: 0x000000008ac00000, size: 1876 MB, Compressed Oops mode: 32-bit

CDS archive(s) mapped at: [0x0000000800000000-0x0000000800c60000-0x0000000800c60000), size 12976128, SharedBaseAddress: 0x0000000800000000, ArchiveRelocationMode: 0.
Compressed class space mapped at: 0x0000000801000000-0x0000000841000000, reserved size: 1073741824
Narrow klass base: 0x0000000800000000, Narrow klass shift: 0, Narrow klass range: 0x100000000

GC Precious Log:
 CardTable entry size: 512
 Card Set container configuration: InlinePtr #cards 5 size 8 Array Of Cards #cards 12 size 40 Howl #buckets 4 coarsen threshold 1843 Howl Bitmap #cards 512 size 80 coarsen threshold 460 Card regions per heap region 1 cards per card region 2048
 CPUs: 12 total, 12 available
 Memory: 7501M
 Large Page Support: Disabled
 NUMA Support: Disabled
 Compressed Oops: Enabled (32-bit)
 Heap Region Size: 1M
 Heap Min Capacity: 8M
 Heap Initial Capacity: 118M
 Heap Max Capacity: 1876M
 Pre-touch: Disabled
 Parallel Workers: 10
 Concurrent Workers: 3
 Concurrent Refinement Workers: 10
 Periodic GC: Disabled

Heap:
 garbage-first heap   total 120832K, used 26624K [0x000000008ac00000, 0x0000000100000000)
  region size 1024K, 17 young (17408K), 0 survivors (0K)
 Metaspace       used 7146K, committed 7360K, reserved 1114112K
  class space    used 795K, committed 896K, reserved 1048576K

Heap Regions: E=young(eden), S=young(survivor), O=old, HS=humongous(starts), HC=humongous(continues), CS=collection set, F=free, OA=open archive, CA=closed archive, TAMS=top-at-mark-start, PB=parsable bottom
|   0|0x000000008ac00000, 0x000000008ad00000, 0x000000008ad00000|100%|HS|  |TAMS 0x000000008ac00000| PB 0x000000008ac00000| Complete 
|   1|0x000000008ad00000, 0x000000008ae00000, 0x000000008ae00000|100%|HC|  |TAMS 0x000000008ad00000| PB 0x000000008ad00000| Complete 
|   2|0x000000008ae00000, 0x000000008af00000, 0x000000008af00000|100%|HC|  |TAMS 0x000000008ae00000| PB 0x000000008ae00000| Complete 
|   3|0x000000008af00000, 0x000000008b000000, 0x000000008b000000|100%|HC|  |TAMS 0x000000008af00000| PB 0x000000008af00000| Complete 
|   4|0x000000008b000000, 0x000000008b100000, 0x000000008b100000|100%|HC|  |TAMS 0x000000008b000000| PB 0x000000008b000000| Complete 
|   5|0x000000008b100000, 0x000000008b200000, 0x000000008b200000|100%|HS|  |TAMS 0x000000008b100000| PB 0x000000008b100000| Complete 
|   6|0x000000008b200000, 0x000000008b300000, 0x000000008b300000|100%|HC|  |TAMS 0x000000008b200000| PB 0x000000008b200000| Complete 
|   7|0x000000008b300000, 0x000000008b400000, 0x000000008b400000|100%|HC|  |TAMS 0x000000008b300000| PB 0x000000008b300000| Complete 
|   8|0x000000008b400000, 0x000000008b500000, 0x000000008b500000|100%|HC|  |TAMS 0x000000008b400000| PB 0x000000008b400000| Complete 
|   9|0x000000008b500000, 0x000000008b600000, 0x000000008b600000|100%|HC|  |TAMS 0x000000008b500000| PB 0x000000008b500000| Complete 
|  10|0x000000008b600000, 0x000000008b600000, 0x000000008b700000|  0%| F|  |TAMS 0x000000008b600000| PB 0x000000008b600000| Untracked 
|  11|0x000000008b700000, 0x000000008b700000, 0x000000008b800000|  0%| F|  |TAMS 0x000000008b700000| PB 0x000000008b700000| Untracked 
|  12|0x000000008b800000, 0x000000008b800000, 0x000000008b900000|  0%| F|  |TAMS 0x000000008b800000| PB 0x000000008b800000| Untracked 
|  13|0x000000008b900000, 0x000000008b900000, 0x000000008ba00000|  0%| F|  |TAMS 0x000000008b900000| PB 0x000000008b900000| Untracked 
|  14|0x000000008ba00000, 0x000000008ba00000, 0x000000008bb00000|  0%| F|  |TAMS 0x000000008ba00000| PB 0x000000008ba00000| Untracked 
|  15|0x000000008bb00000, 0x000000008bb00000, 0x000000008bc00000|  0%| F|  |TAMS 0x000000008bb00000| PB 0x000000008bb00000| Untracked 
|  16|0x000000008bc00000, 0x000000008bc00000, 0x000000008bd00000|  0%| F|  |TAMS 0x000000008bc00000| PB 0x000000008bc00000| Untracked 
|  17|0x000000008bd00000, 0x000000008bd00000, 0x000000008be00000|  0%| F|  |TAMS 0x000000008bd00000| PB 0x000000008bd00000| Untracked 
|  18|0x000000008be00000, 0x000000008be00000, 0x000000008bf00000|  0%| F|  |TAMS 0x000000008be00000| PB 0x000000008be00000| Untracked 
|  19|0x000000008bf00000, 0x000000008bf00000, 0x000000008c000000|  0%| F|  |TAMS 0x000000008bf00000| PB 0x000000008bf00000| Untracked 
|  20|0x000000008c000000, 0x000000008c000000, 0x000000008c100000|  0%| F|  |TAMS 0x000000008c000000| PB 0x000000008c000000| Untracked 
|  21|0x000000008c100000, 0x000000008c100000, 0x000000008c200000|  0%| F|  |TAMS 0x000000008c100000| PB 0x000000008c100000| Untracked 
|  22|0x000000008c200000, 0x000000008c200000, 0x000000008c300000|  0%| F|  |TAMS 0x000000008c200000| PB 0x000000008c200000| Untracked 
|  23|0x000000008c300000, 0x000000008c300000, 0x000000008c400000|  0%| F|  |TAMS 0x000000008c300000| PB 0x000000008c300000| Untracked 
|  24|0x000000008c400000, 0x000000008c400000, 0x000000008c500000|  0%| F|  |TAMS 0x000000008c400000| PB 0x000000008c400000| Untracked 
|  25|0x000000008c500000, 0x000000008c500000, 0x000000008c600000|  0%| F|  |TAMS 0x000000008c500000| PB 0x000000008c500000| Untracked 
|  26|0x000000008c600000, 0x000000008c600000, 0x000000008c700000|  0%| F|  |TAMS 0x000000008c600000| PB 0x000000008c600000| Untracked 
|  27|0x000000008c700000, 0x000000008c700000, 0x000000008c800000|  0%| F|  |TAMS 0x000000008c700000| PB 0x000000008c700000| Untracked 
|  28|0x000000008c800000, 0x000000008c800000, 0x000000008c900000|  0%| F|  |TAMS 0x000000008c800000| PB 0x000000008c800000| Untracked 
|  29|0x000000008c900000, 0x000000008c900000, 0x000000008ca00000|  0%| F|  |TAMS 0x000000008c900000| PB 0x000000008c900000| Untracked 
|  30|0x000000008ca00000, 0x000000008ca00000, 0x000000008cb00000|  0%| F|  |TAMS 0x000000008ca00000| PB 0x000000008ca00000| Untracked 
|  31|0x000000008cb00000, 0x000000008cb00000, 0x000000008cc00000|  0%| F|  |TAMS 0x000000008cb00000| PB 0x000000008cb00000| Untracked 
|  32|0x000000008cc00000, 0x000000008cc00000, 0x000000008cd00000|  0%| F|  |TAMS 0x000000008cc00000| PB 0x000000008cc00000| Untracked 
|  33|0x000000008cd00000, 0x000000008cd00000, 0x000000008ce00000|  0%| F|  |TAMS 0x000000008cd00000| PB 0x000000008cd00000| Untracked 
|  34|0x000000008ce00000, 0x000000008ce00000, 0x000000008cf00000|  0%| F|  |TAMS 0x000000008ce00000| PB 0x000000008ce00000| Untracked 
|  35|0x000000008cf00000, 0x000000008cf00000, 0x000000008d000000|  0%| F|  |TAMS 0x000000008cf00000| PB 0x000000008cf00000| Untracked 
|  36|0x000000008d000000, 0x000000008d000000, 0x000000008d100000|  0%| F|  |TAMS 0x000000008d000000| PB 0x000000008d000000| Untracked 
|  37|0x000000008d100000, 0x000000008d100000, 0x000000008d200000|  0%| F|  |TAMS 0x000000008d100000| PB 0x000000008d100000| Untracked 
|  38|0x000000008d200000, 0x000000008d200000, 0x000000008d300000|  0%| F|  |TAMS 0x000000008d200000| PB 0x000000008d200000| Untracked 
|  39|0x000000008d300000, 0x000000008d300000, 0x000000008d400000|  0%| F|  |TAMS 0x000000008d300000| PB 0x000000008d300000| Untracked 
|  40|0x000000008d400000, 0x000000008d400000, 0x000000008d500000|  0%| F|  |TAMS 0x000000008d400000| PB 0x000000008d400000| Untracked 
|  41|0x000000008d500000, 0x000000008d500000, 0x000000008d600000|  0%| F|  |TAMS 0x000000008d500000| PB 0x000000008d500000| Untracked 
|  42|0x000000008d600000, 0x000000008d600000, 0x000000008d700000|  0%| F|  |TAMS 0x000000008d600000| PB 0x000000008d600000| Untracked 
|  43|0x000000008d700000, 0x000000008d700000, 0x000000008d800000|  0%| F|  |TAMS 0x000000008d700000| PB 0x000000008d700000| Untracked 
|  44|0x000000008d800000, 0x000000008d800000, 0x000000008d900000|  0%| F|  |TAMS 0x000000008d800000| PB 0x000000008d800000| Untracked 
|  45|0x000000008d900000, 0x000000008d900000, 0x000000008da00000|  0%| F|  |TAMS 0x000000008d900000| PB 0x000000008d900000| Untracked 
|  46|0x000000008da00000, 0x000000008da00000, 0x000000008db00000|  0%| F|  |TAMS 0x000000008da00000| PB 0x000000008da00000| Untracked 
|  47|0x000000008db00000, 0x000000008db00000, 0x000000008dc00000|  0%| F|  |TAMS 0x000000008db00000| PB 0x000000008db00000| Untracked 
|  48|0x000000008dc00000, 0x000000008dc00000, 0x000000008dd00000|  0%| F|  |TAMS 0x000000008dc00000| PB 0x000000008dc00000| Untracked 
|  49|0x000000008dd00000, 0x000000008dd00000, 0x000000008de00000|  0%| F|  |TAMS 0x000000008dd00000| PB 0x000000008dd00000| Untracked 
|  50|0x000000008de00000, 0x000000008de00000, 0x000000008df00000|  0%| F|  |TAMS 0x000000008de00000| PB 0x000000008de00000| Untracked 
|  51|0x000000008df00000, 0x000000008df00000, 0x000000008e000000|  0%| F|  |TAMS 0x000000008df00000| PB 0x000000008df00000| Untracked 
|  52|0x000000008e000000, 0x000000008e000000, 0x000000008e100000|  0%| F|  |TAMS 0x000000008e000000| PB 0x000000008e000000| Untracked 
|  53|0x000000008e100000, 0x000000008e100000, 0x000000008e200000|  0%| F|  |TAMS 0x000000008e100000| PB 0x000000008e100000| Untracked 
|  54|0x000000008e200000, 0x000000008e200000, 0x000000008e300000|  0%| F|  |TAMS 0x000000008e200000| PB 0x000000008e200000| Untracked 
|  55|0x000000008e300000, 0x000000008e300000, 0x000000008e400000|  0%| F|  |TAMS 0x000000008e300000| PB 0x000000008e300000| Untracked 
|  56|0x000000008e400000, 0x000000008e400000, 0x000000008e500000|  0%| F|  |TAMS 0x000000008e400000| PB 0x000000008e400000| Untracked 
|  57|0x000000008e500000, 0x000000008e500000, 0x000000008e600000|  0%| F|  |TAMS 0x000000008e500000| PB 0x000000008e500000| Untracked 
|  58|0x000000008e600000, 0x000000008e600000, 0x000000008e700000|  0%| F|  |TAMS 0x000000008e600000| PB 0x000000008e600000| Untracked 
|  59|0x000000008e700000, 0x000000008e700000, 0x000000008e800000|  0%| F|  |TAMS 0x000000008e700000| PB 0x000000008e700000| Untracked 
|  60|0x000000008e800000, 0x000000008e800000, 0x000000008e900000|  0%| F|  |TAMS 0x000000008e800000| PB 0x000000008e800000| Untracked 
|  61|0x000000008e900000, 0x000000008e900000, 0x000000008ea00000|  0%| F|  |TAMS 0x000000008e900000| PB 0x000000008e900000| Untracked 
|  62|0x000000008ea00000, 0x000000008ea00000, 0x000000008eb00000|  0%| F|  |TAMS 0x000000008ea00000| PB 0x000000008ea00000| Untracked 
|  63|0x000000008eb00000, 0x000000008eb00000, 0x000000008ec00000|  0%| F|  |TAMS 0x000000008eb00000| PB 0x000000008eb00000| Untracked 
|  64|0x000000008ec00000, 0x000000008ec00000, 0x000000008ed00000|  0%| F|  |TAMS 0x000000008ec00000| PB 0x000000008ec00000| Untracked 
|  65|0x000000008ed00000, 0x000000008ed00000, 0x000000008ee00000|  0%| F|  |TAMS 0x000000008ed00000| PB 0x000000008ed00000| Untracked 
|  66|0x000000008ee00000, 0x000000008ee00000, 0x000000008ef00000|  0%| F|  |TAMS 0x000000008ee00000| PB 0x000000008ee00000| Untracked 
|  67|0x000000008ef00000, 0x000000008ef00000, 0x000000008f000000|  0%| F|  |TAMS 0x000000008ef00000| PB 0x000000008ef00000| Untracked 
|  68|0x000000008f000000, 0x000000008f000000, 0x000000008f100000|  0%| F|  |TAMS 0x000000008f000000| PB 0x000000008f000000| Untracked 
|  69|0x000000008f100000, 0x000000008f100000, 0x000000008f200000|  0%| F|  |TAMS 0x000000008f100000| PB 0x000000008f100000| Untracked 
|  70|0x000000008f200000, 0x000000008f200000, 0x000000008f300000|  0%| F|  |TAMS 0x000000008f200000| PB 0x000000008f200000| Untracked 
|  71|0x000000008f300000, 0x000000008f300000, 0x000000008f400000|  0%| F|  |TAMS 0x000000008f300000| PB 0x000000008f300000| Untracked 
|  72|0x000000008f400000, 0x000000008f400000, 0x000000008f500000|  0%| F|  |TAMS 0x000000008f400000| PB 0x000000008f400000| Untracked 
|  73|0x000000008f500000, 0x000000008f500000, 0x000000008f600000|  0%| F|  |TAMS 0x000000008f500000| PB 0x000000008f500000| Untracked 
|  74|0x000000008f600000, 0x000000008f600000, 0x000000008f700000|  0%| F|  |TAMS 0x000000008f600000| PB 0x000000008f600000| Untracked 
|  75|0x000000008f700000, 0x000000008f700000, 0x000000008f800000|  0%| F|  |TAMS 0x000000008f700000| PB 0x000000008f700000| Untracked 
|  76|0x000000008f800000, 0x000000008f800000, 0x000000008f900000|  0%| F|  |TAMS 0x000000008f800000| PB 0x000000008f800000| Untracked 
|  77|0x000000008f900000, 0x000000008f900000, 0x000000008fa00000|  0%| F|  |TAMS 0x000000008f900000| PB 0x000000008f900000| Untracked 
|  78|0x000000008fa00000, 0x000000008fa00000, 0x000000008fb00000|  0%| F|  |TAMS 0x000000008fa00000| PB 0x000000008fa00000| Untracked 
|  79|0x000000008fb00000, 0x000000008fb00000, 0x000000008fc00000|  0%| F|  |TAMS 0x000000008fb00000| PB 0x000000008fb00000| Untracked 
|  80|0x000000008fc00000, 0x000000008fc00000, 0x000000008fd00000|  0%| F|  |TAMS 0x000000008fc00000| PB 0x000000008fc00000| Untracked 
|  81|0x000000008fd00000, 0x000000008fd00000, 0x000000008fe00000|  0%| F|  |TAMS 0x000000008fd00000| PB 0x000000008fd00000| Untracked 
|  82|0x000000008fe00000, 0x000000008fe00000, 0x000000008ff00000|  0%| F|  |TAMS 0x000000008fe00000| PB 0x000000008fe00000| Untracked 
|  83|0x000000008ff00000, 0x000000008ff00000, 0x0000000090000000|  0%| F|  |TAMS 0x000000008ff00000| PB 0x000000008ff00000| Untracked 
|  84|0x0000000090000000, 0x0000000090000000, 0x0000000090100000|  0%| F|  |TAMS 0x0000000090000000| PB 0x0000000090000000| Untracked 
|  85|0x0000000090100000, 0x0000000090100000, 0x0000000090200000|  0%| F|  |TAMS 0x0000000090100000| PB 0x0000000090100000| Untracked 
|  86|0x0000000090200000, 0x0000000090200000, 0x0000000090300000|  0%| F|  |TAMS 0x0000000090200000| PB 0x0000000090200000| Untracked 
|  87|0x0000000090300000, 0x0000000090300000, 0x0000000090400000|  0%| F|  |TAMS 0x0000000090300000| PB 0x0000000090300000| Untracked 
|  88|0x0000000090400000, 0x0000000090400000, 0x0000000090500000|  0%| F|  |TAMS 0x0000000090400000| PB 0x0000000090400000| Untracked 
|  89|0x0000000090500000, 0x0000000090500000, 0x0000000090600000|  0%| F|  |TAMS 0x0000000090500000| PB 0x0000000090500000| Untracked 
|  90|0x0000000090600000, 0x0000000090600000, 0x0000000090700000|  0%| F|  |TAMS 0x0000000090600000| PB 0x0000000090600000| Untracked 
|  91|0x0000000090700000, 0x0000000090700000, 0x0000000090800000|  0%| F|  |TAMS 0x0000000090700000| PB 0x0000000090700000| Untracked 
|  92|0x0000000090800000, 0x0000000090800000, 0x0000000090900000|  0%| F|  |TAMS 0x0000000090800000| PB 0x0000000090800000| Untracked 
|  93|0x0000000090900000, 0x0000000090900000, 0x0000000090a00000|  0%| F|  |TAMS 0x0000000090900000| PB 0x0000000090900000| Untracked 
|  94|0x0000000090a00000, 0x0000000090a00000, 0x0000000090b00000|  0%| F|  |TAMS 0x0000000090a00000| PB 0x0000000090a00000| Untracked 
|  95|0x0000000090b00000, 0x0000000090b00000, 0x0000000090c00000|  0%| F|  |TAMS 0x0000000090b00000| PB 0x0000000090b00000| Untracked 
|  96|0x0000000090c00000, 0x0000000090c00000, 0x0000000090d00000|  0%| F|  |TAMS 0x0000000090c00000| PB 0x0000000090c00000| Untracked 
|  97|0x0000000090d00000, 0x0000000090d00000, 0x0000000090e00000|  0%| F|  |TAMS 0x0000000090d00000| PB 0x0000000090d00000| Untracked 
|  98|0x0000000090e00000, 0x0000000090e00000, 0x0000000090f00000|  0%| F|  |TAMS 0x0000000090e00000| PB 0x0000000090e00000| Untracked 
|  99|0x0000000090f00000, 0x0000000090f00000, 0x0000000091000000|  0%| F|  |TAMS 0x0000000090f00000| PB 0x0000000090f00000| Untracked 
| 100|0x0000000091000000, 0x0000000091000000, 0x0000000091100000|  0%| F|  |TAMS 0x0000000091000000| PB 0x0000000091000000| Untracked 
| 101|0x0000000091100000, 0x00000000911ec110, 0x0000000091200000| 92%| E|  |TAMS 0x0000000091100000| PB 0x0000000091100000| Complete 
| 102|0x0000000091200000, 0x0000000091300000, 0x0000000091300000|100%| E|CS|TAMS 0x0000000091200000| PB 0x0000000091200000| Complete 
| 103|0x0000000091300000, 0x0000000091400000, 0x0000000091400000|100%| E|CS|TAMS 0x0000000091300000| PB 0x0000000091300000| Complete 
| 104|0x0000000091400000, 0x0000000091500000, 0x0000000091500000|100%| E|CS|TAMS 0x0000000091400000| PB 0x0000000091400000| Complete 
| 105|0x0000000091500000, 0x0000000091600000, 0x0000000091600000|100%| E|CS|TAMS 0x0000000091500000| PB 0x0000000091500000| Complete 
| 106|0x0000000091600000, 0x0000000091700000, 0x0000000091700000|100%| E|CS|TAMS 0x0000000091600000| PB 0x0000000091600000| Complete 
| 107|0x0000000091700000, 0x0000000091800000, 0x0000000091800000|100%| E|CS|TAMS 0x0000000091700000| PB 0x0000000091700000| Complete 
| 108|0x0000000091800000, 0x0000000091900000, 0x0000000091900000|100%| E|CS|TAMS 0x0000000091800000| PB 0x0000000091800000| Complete 
| 109|0x0000000091900000, 0x0000000091a00000, 0x0000000091a00000|100%| E|CS|TAMS 0x0000000091900000| PB 0x0000000091900000| Complete 
| 110|0x0000000091a00000, 0x0000000091b00000, 0x0000000091b00000|100%| E|CS|TAMS 0x0000000091a00000| PB 0x0000000091a00000| Complete 
| 111|0x0000000091b00000, 0x0000000091c00000, 0x0000000091c00000|100%| E|CS|TAMS 0x0000000091b00000| PB 0x0000000091b00000| Complete 
| 112|0x0000000091c00000, 0x0000000091d00000, 0x0000000091d00000|100%| E|CS|TAMS 0x0000000091c00000| PB 0x0000000091c00000| Complete 
| 113|0x0000000091d00000, 0x0000000091e00000, 0x0000000091e00000|100%| E|CS|TAMS 0x0000000091d00000| PB 0x0000000091d00000| Complete 
| 114|0x0000000091e00000, 0x0000000091f00000, 0x0000000091f00000|100%| E|CS|TAMS 0x0000000091e00000| PB 0x0000000091e00000| Complete 
| 115|0x0000000091f00000, 0x0000000092000000, 0x0000000092000000|100%| E|CS|TAMS 0x0000000091f00000| PB 0x0000000091f00000| Complete 
| 116|0x0000000092000000, 0x0000000092100000, 0x0000000092100000|100%| E|CS|TAMS 0x0000000092000000| PB 0x0000000092000000| Complete 
| 117|0x0000000092100000, 0x0000000092200000, 0x0000000092200000|100%| E|CS|TAMS 0x0000000092100000| PB 0x0000000092100000| Complete 

Card table byte_map: [0x000002f42b600000,0x000002f42b9b0000] _byte_map_base: 0x000002f42b1aa000

Marking Bits: (CMBitMap*) 0x000002f413c93ee0
 Bits: [0x000002f42bd60000, 0x000002f42dab0000)

Polling page: 0x000002f411c30000

Metaspace:

Usage:
  Non-class:      6.20 MB used.
      Class:    795.70 KB used.
       Both:      6.98 MB used.

Virtual space:
  Non-class space:       64.00 MB reserved,       6.31 MB ( 10%) committed,  1 nodes.
      Class space:        1.00 GB reserved,     896.00 KB ( <1%) committed,  1 nodes.
             Both:        1.06 GB reserved,       7.19 MB ( <1%) committed. 

Chunk freelists:
   Non-Class:  1003.00 KB
       Class:  3.11 MB
        Both:  4.09 MB

MaxMetaspaceSize: unlimited
CompressedClassSpaceSize: 1.00 GB
Initial GC threshold: 21.00 MB
Current GC threshold: 21.00 MB
CDS: on
MetaspaceReclaimPolicy: balanced
 - commit_granule_bytes: 65536.
 - commit_granule_words: 8192.
 - virtual_space_node_default_size: 8388608.
 - enlarge_chunks_in_place: 1.
 - new_chunks_are_fully_committed: 0.
 - uncommit_free_chunks: 1.
 - use_allocation_guard: 0.


Internal statistics:

num_allocs_failed_limit: 0.
num_arena_births: 150.
num_arena_deaths: 0.
num_vsnodes_births: 2.
num_vsnodes_deaths: 0.
num_space_committed: 115.
num_space_uncommitted: 0.
num_chunks_returned_to_freelist: 0.
num_chunks_taken_from_freelist: 191.
num_chunk_merges: 0.
num_chunk_splits: 111.
num_chunks_enlarged: 42.
num_inconsistent_stats: 0.

CodeHeap 'non-profiled nmethods': size=120000Kb used=301Kb max_used=301Kb free=119698Kb
 bounds [0x000002f4237c0000, 0x000002f423a30000, 0x000002f42acf0000]
CodeHeap 'profiled nmethods': size=120000Kb used=1405Kb max_used=1405Kb free=118594Kb
 bounds [0x000002f41bcf0000, 0x000002f41bf60000, 0x000002f423220000]
CodeHeap 'non-nmethods': size=5760Kb used=1575Kb max_used=1575Kb free=4184Kb
 bounds [0x000002f423220000, 0x000002f423490000, 0x000002f4237c0000]
 total_blobs=1472 nmethods=881 adapters=502
 compilation: enabled
              stopped_count=0, restarted_count=0
 full_count=0

Compilation events (20 events):
Event: 0.535 Thread 0x000002f43072d5b0  819       1       sun.java2d.loops.GraphicsPrimitive::getUniqueID (5 bytes)
Event: 0.535 Thread 0x000002f43072d5b0 nmethod 819 0x000002f423807f10 code [0x000002f423808080, 0x000002f423808148]
Event: 0.535 Thread 0x000002f43072d5b0  822       3       sun.java2d.loops.GraphicsPrimitiveMgr$1::compare (18 bytes)
Event: 0.536 Thread 0x000002f43072d5b0 nmethod 822 0x000002f41be36410 code [0x000002f41be365c0, 0x000002f41be36860]
Event: 0.536 Thread 0x000002f43072d5b0  820       3       java.lang.Integer::compare (20 bytes)
Event: 0.536 Thread 0x000002f43072d5b0 nmethod 820 0x000002f41be36990 code [0x000002f41be36b20, 0x000002f41be36d00]
Event: 0.536 Thread 0x000002f43072d5b0  821       3       sun.java2d.loops.GraphicsPrimitiveMgr$1::compare (13 bytes)
Event: 0.536 Thread 0x000002f43072d5b0 nmethod 821 0x000002f41be36d90 code [0x000002f41be36f60, 0x000002f41be37448]
Event: 0.536 Thread 0x000002f43072d5b0  823       3       sun.java2d.loops.GraphicsPrimitiveMgr$2::compare (24 bytes)
Event: 0.536 Thread 0x000002f43072d5b0 nmethod 823 0x000002f41be37590 code [0x000002f41be37740, 0x000002f41be37bb0]
Event: 0.536 Thread 0x000002f43072d5b0  825       1       sun.java2d.loops.CompositeType::getSuperType (5 bytes)
Event: 0.536 Thread 0x000002f43072d5b0 nmethod 825 0x000002f423808210 code [0x000002f423808380, 0x000002f423808448]
Event: 0.536 Thread 0x000002f43072d5b0  826       3       java.util.Arrays::binarySearch0 (95 bytes)
Event: 0.537 Thread 0x000002f43072d5b0 nmethod 826 0x000002f41be37d10 code [0x000002f41be37ee0, 0x000002f41be38310]
Event: 0.537 Thread 0x000002f43072d5b0  827       3       sun.java2d.loops.GraphicsPrimitiveMgr::locate (104 bytes)
Event: 0.537 Thread 0x000002f43072d5b0 nmethod 827 0x000002f41be38490 code [0x000002f41be386c0, 0x000002f41be39120]
Event: 0.537 Thread 0x000002f43072d5b0  828       3       java.util.Arrays::binarySearch (10 bytes)
Event: 0.537 Thread 0x000002f43072d5b0 nmethod 828 0x000002f41be39390 code [0x000002f41be39520, 0x000002f41be39648]
Event: 0.537 Thread 0x000002f43072d5b0  829       1       sun.java2d.loops.SurfaceType::getSuperType (5 bytes)
Event: 0.537 Thread 0x000002f43072d5b0 nmethod 829 0x000002f423808510 code [0x000002f423808680, 0x000002f423808748]

GC Heap History (0 events):
No events

Dll operation events (7 events):
Event: 0.009 Loaded shared library C:\Program Files\Java\jdk-20\bin\java.dll
Event: 0.018 Loaded shared library C:\Program Files\Java\jdk-20\bin\jsvml.dll
Event: 0.072 Loaded shared library C:\Program Files\Java\jdk-20\bin\net.dll
Event: 0.073 Loaded shared library C:\Program Files\Java\jdk-20\bin\nio.dll
Event: 0.102 Loaded shared library C:\Program Files\Java\jdk-20\bin\jimage.dll
Event: 0.118 Loaded shared library C:\Program Files\Java\jdk-20\bin\awt.dll
Event: 0.319 Loaded shared library C:\Program Files\Java\jdk-20\bin\zip.dll

Deoptimization events (20 events):
Event: 0.482 Thread 0x000002f435293850 DEOPT PACKING pc=0x000002f41be2497a sp=0x000000f70e2ff2d0
Event: 0.482 Thread 0x000002f435293850 DEOPT UNPACKING pc=0x000002f42328a4c2 sp=0x000000f70e2fe760 mode 0
Event: 0.483 Thread 0x000002f435293850 DEOPT PACKING pc=0x000002f41be2497a sp=0x000000f70e2ff2d0
Event: 0.483 Thread 0x000002f435293850 DEOPT UNPACKING pc=0x000002f42328a4c2 sp=0x000000f70e2fe760 mode 0
Event: 0.483 Thread 0x000002f435293850 Uncommon trap: trap_request=0xffffff45 fr.pc=0x000002f4237f9940 relative=0x00000000000010e0
Event: 0.483 Thread 0x000002f435293850 Uncommon trap: reason=unstable_if action=reinterpret pc=0x000002f4237f9940 method=sun.awt.image.PNGImageDecoder.produceImage()V @ 867 c2
Event: 0.483 Thread 0x000002f435293850 DEOPT PACKING pc=0x000002f4237f9940 sp=0x000000f70e2ff560
Event: 0.483 Thread 0x000002f435293850 DEOPT UNPACKING pc=0x000002f423289d22 sp=0x000000f70e2ff4b0 mode 2
Event: 0.484 Thread 0x000002f435293850 Uncommon trap: trap_request=0xffffff45 fr.pc=0x000002f4237f83e8 relative=0x00000000000002e8
Event: 0.484 Thread 0x000002f435293850 Uncommon trap: reason=unstable_if action=reinterpret pc=0x000002f4237f83e8 method=sun.awt.image.ImageRepresentation.getOpaqueRGBImage()Ljava/awt/image/BufferedImage; @ 57 c2
Event: 0.484 Thread 0x000002f435293850 DEOPT PACKING pc=0x000002f4237f83e8 sp=0x000000f70e2ff2f0
Event: 0.484 Thread 0x000002f435293850 DEOPT UNPACKING pc=0x000002f423289d22 sp=0x000000f70e2ff280 mode 2
Event: 0.526 Thread 0x000002f434b3e9d0 Uncommon trap: trap_request=0xffffff45 fr.pc=0x000002f4237ea2c4 relative=0x0000000000000144
Event: 0.526 Thread 0x000002f434b3e9d0 Uncommon trap: reason=unstable_if action=reinterpret pc=0x000002f4237ea2c4 method=java.util.concurrent.locks.ReentrantLock$NonfairSync.initialTryLock()Z @ 10 c2
Event: 0.526 Thread 0x000002f434b3e9d0 DEOPT PACKING pc=0x000002f4237ea2c4 sp=0x000000f70dffd780
Event: 0.526 Thread 0x000002f434b3e9d0 DEOPT UNPACKING pc=0x000002f423289d22 sp=0x000000f70dffd728 mode 2
Event: 0.527 Thread 0x000002f434b3e9d0 Uncommon trap: trap_request=0xffffff45 fr.pc=0x000002f42380674c relative=0x00000000000000cc
Event: 0.527 Thread 0x000002f434b3e9d0 Uncommon trap: reason=unstable_if action=reinterpret pc=0x000002f42380674c method=java.util.concurrent.locks.ReentrantLock$Sync.tryRelease(I)Z @ 26 c2
Event: 0.527 Thread 0x000002f434b3e9d0 DEOPT PACKING pc=0x000002f42380674c sp=0x000000f70dffd780
Event: 0.527 Thread 0x000002f434b3e9d0 DEOPT UNPACKING pc=0x000002f423289d22 sp=0x000000f70dffd720 mode 2

Classes loaded (20 events):
Event: 0.540 Loading class sun/java2d/FontSupport done
Event: 0.540 Loading class sun/font/FontManagerForSGE
Event: 0.540 Loading class sun/font/FontManager
Event: 0.540 Loading class sun/font/FontManager done
Event: 0.540 Loading class sun/font/FontManagerForSGE done
Event: 0.541 Loading class sun/font/SunFontManager done
Event: 0.541 Loading class sun/font/Font2DHandle
Event: 0.541 Loading class sun/font/Font2DHandle done
Event: 0.541 Loading class sun/font/SunFontManager$TTFilter
Event: 0.541 Loading class java/io/FilenameFilter
Event: 0.541 Loading class java/io/FilenameFilter done
Event: 0.541 Loading class sun/font/SunFontManager$TTFilter done
Event: 0.541 Loading class sun/font/SunFontManager$T1Filter
Event: 0.541 Loading class sun/font/SunFontManager$T1Filter done
Event: 0.541 Loading class sun/font/SunFontManager$1
Event: 0.541 Loading class sun/font/SunFontManager$1 done
Event: 0.541 Loading class sun/font/FontManagerNativeLibrary
Event: 0.541 Loading class sun/font/FontManagerNativeLibrary done
Event: 0.541 Loading class sun/font/FontManagerNativeLibrary$1
Event: 0.541 Loading class sun/font/FontManagerNativeLibrary$1 done

Classes unloaded (0 events):
No events

Classes redefined (0 events):
No events

Internal exceptions (15 events):
Event: 0.075 Thread 0x000002f413c37210 Exception <a 'sun/nio/fs/WindowsException'{0x0000000092043900}> (0x0000000092043900) 
thrown [s\open\src\hotspot\share\prims\jni.cpp, line 519]
Event: 0.077 Thread 0x000002f413c37210 Exception <a 'sun/nio/fs/WindowsException'{0x0000000092045e50}> (0x0000000092045e50) 
thrown [s\open\src\hotspot\share\prims\jni.cpp, line 519]
Event: 0.107 Thread 0x000002f413c37210 Exception <a 'java/lang/ClassNotFoundException'{0x0000000091f6f160}: sun/awt/resources/spi/awtProvider> (0x0000000091f6f160) 
thrown [s\open\src\hotspot\share\classfile\systemDictionary.cpp, line 305]
Event: 0.128 Thread 0x000002f413c37210 Exception <a 'java/io/FileNotFoundException'{0x0000000091fc5f28}> (0x0000000091fc5f28) 
thrown [s\open\src\hotspot\share\prims\jni.cpp, line 519]
Event: 0.134 Thread 0x000002f413c37210 Exception <a 'java/io/FileNotFoundException'{0x0000000091ff01a8}> (0x0000000091ff01a8) 
thrown [s\open\src\hotspot\share\prims\jni.cpp, line 519]
Event: 0.252 Thread 0x000002f413c37210 Exception <a 'java/lang/NoSuchMethodError'{0x0000000091d0ee20}: 'void java.lang.invoke.DirectMethodHandle$Holder.invokeSpecial(java.lang.Object, java.lang.Object, java.lang.Object)'> (0x0000000091d0ee20) 
thrown [s\open\src\hotspot\share\interpreter\linkResolver.cpp, line 773]
Event: 0.260 Thread 0x000002f413c37210 Exception <a 'java/lang/NoSuchMethodError'{0x0000000091d39530}: 'java.lang.Object java.lang.invoke.DirectMethodHandle$Holder.newInvokeSpecial(java.lang.Object, java.lang.Object, java.lang.Object, java.lang.Object, java.lang.Object)'> (0x0000000091d39530) 
thrown [s\open\src\hotspot\share\interpreter\linkResolver.cpp, line 773]
Event: 0.265 Thread 0x000002f413c37210 Exception <a 'java/lang/NoSuchMethodError'{0x0000000091d69dd8}: 'java.lang.Object java.lang.invoke.DirectMethodHandle$Holder.invokeStatic(java.lang.Object, int, java.lang.Object)'> (0x0000000091d69dd8) 
thrown [s\open\src\hotspot\share\interpreter\linkResolver.cpp, line 773]
Event: 0.289 Thread 0x000002f413c37210 Exception <a 'java/lang/ClassNotFoundException'{0x0000000091c25550}: com/sun/swing/internal/plaf/metal/resources/spi/metalProvider> (0x0000000091c25550) 
thrown [s\open\src\hotspot\share\classfile\systemDictionary.cpp, line 305]
Event: 0.290 Thread 0x000002f413c37210 Exception <a 'java/lang/ClassNotFoundException'{0x0000000091c294b0}: com/sun/swing/internal/plaf/basic/resources/spi/basicProvider> (0x0000000091c294b0) 
thrown [s\open\src\hotspot\share\classfile\systemDictionary.cpp, line 305]
Event: 0.298 Thread 0x000002f413c37210 Exception <a 'java/lang/NoSuchMethodError'{0x0000000091c48700}: 'int java.lang.invoke.Invokers$Holder.invokeExact_MT(java.lang.Object, java.lang.Object)'> (0x0000000091c48700) 
thrown [s\open\src\hotspot\share\interpreter\linkResolver.cpp, line 773]
Event: 0.355 Thread 0x000002f435293850 Exception <a 'java/lang/NoSuchMethodError'{0x0000000091a296a8}: 'java.lang.Object java.lang.invoke.DirectMethodHandle$Holder.newInvokeSpecial(java.lang.Object, java.lang.Object, java.lang.Object, int, int, int, int, int)'> (0x0000000091a296a8) 
thrown [s\open\src\hotspot\share\interpreter\linkResolver.cpp, line 773]
Event: 0.517 Thread 0x000002f435293850 Exception <a 'java/io/FileNotFoundException'{0x000000009127b738}> (0x000000009127b738) 
thrown [s\open\src\hotspot\share\prims\jni.cpp, line 519]
Event: 0.519 Thread 0x000002f435293850 Exception <a 'java/io/FileNotFoundException'{0x000000009127bd48}> (0x000000009127bd48) 
thrown [s\open\src\hotspot\share\prims\jni.cpp, line 519]
Event: 0.538 Thread 0x000002f413c37210 Exception <a 'java/lang/NoSuchMethodError'{0x000000009118b948}: 'void java.lang.invoke.DirectMethodHandle$Holder.invokeStaticInit(java.lang.Object)'> (0x000000009118b948) 
thrown [s\open\src\hotspot\share\interpreter\linkResolver.cpp, line 773]

VM Operations (10 events):
Event: 0.078 Executing VM operation: HandshakeAllThreads
Event: 0.078 Executing VM operation: HandshakeAllThreads done
Event: 0.140 Executing VM operation: HandshakeAllThreads
Event: 0.140 Executing VM operation: HandshakeAllThreads done
Event: 0.341 Executing VM operation: HandshakeAllThreads
Event: 0.341 Executing VM operation: HandshakeAllThreads done
Event: 0.393 Executing VM operation: HandshakeAllThreads
Event: 0.393 Executing VM operation: HandshakeAllThreads done
Event: 0.507 Executing VM operation: HandshakeAllThreads
Event: 0.507 Executing VM operation: HandshakeAllThreads done

Events (17 events):
Event: 0.018 Thread 0x000002f413c37210 Thread added: 0x000002f413c37210
Event: 0.034 Thread 0x000002f43070e440 Thread added: 0x000002f43070e440
Event: 0.034 Thread 0x000002f430711700 Thread added: 0x000002f430711700
Event: 0.035 Thread 0x000002f430714070 Thread added: 0x000002f430714070
Event: 0.035 Thread 0x000002f430715dc0 Thread added: 0x000002f430715dc0
Event: 0.035 Thread 0x000002f430717710 Thread added: 0x000002f430717710
Event: 0.035 Thread 0x000002f4307182b0 Thread added: 0x000002f4307182b0
Event: 0.036 Thread 0x000002f430719330 Thread added: 0x000002f430719330
Event: 0.036 Thread 0x000002f43072d5b0 Thread added: 0x000002f43072d5b0
Event: 0.061 Thread 0x000002f4349a99a0 Thread added: 0x000002f4349a99a0
Event: 0.088 Thread 0x000002f434acdf90 Thread added: 0x000002f434acdf90
Event: 0.169 Thread 0x000002f434b73c40 Thread added: 0x000002f434b73c40
Event: 0.170 Thread 0x000002f434b74190 Thread added: 0x000002f434b74190
Event: 0.171 Thread 0x000002f434b3e9d0 Thread added: 0x000002f434b3e9d0
Event: 0.305 Thread 0x000002f435293850 Thread added: 0x000002f435293850
Event: 0.336 Thread 0x000002f4352ee000 Thread added: 0x000002f4352ee000
Event: 0.527 Thread 0x000002f43644b010 Thread added: 0x000002f43644b010


Dynamic libraries:
0x00007ff65c880000 - 0x00007ff65c890000 	C:\Program Files\Java\jdk-20\bin\java.exe
0x00007fffaf8b0000 - 0x00007fffafac7000 	C:\WINDOWS\SYSTEM32\ntdll.dll
0x00007fffaddd0000 - 0x00007fffade94000 	C:\WINDOWS\System32\KERNEL32.DLL
0x00007fffacc30000 - 0x00007fffacfd6000 	C:\WINDOWS\System32\KERNELBASE.dll
0x00007fffad4f0000 - 0x00007fffad601000 	C:\WINDOWS\System32\ucrtbase.dll
0x00007fff98440000 - 0x00007fff9845b000 	C:\Program Files\Java\jdk-20\bin\VCRUNTIME140.dll
0x00007fff99ca0000 - 0x00007fff99cb9000 	C:\Program Files\Java\jdk-20\bin\jli.dll
0x00007fffadd20000 - 0x00007fffaddd0000 	C:\WINDOWS\System32\ADVAPI32.dll
0x00007fffadaa0000 - 0x00007fffadb47000 	C:\WINDOWS\System32\msvcrt.dll
0x00007fffadc70000 - 0x00007fffadd16000 	C:\WINDOWS\System32\sechost.dll
0x00007fffaf200000 - 0x00007fffaf317000 	C:\WINDOWS\System32\RPCRT4.dll
0x00007fffad610000 - 0x00007fffad7be000 	C:\WINDOWS\System32\USER32.dll
0x00007fffad270000 - 0x00007fffad296000 	C:\WINDOWS\System32\win32u.dll
0x00007fffaeb10000 - 0x00007fffaeb39000 	C:\WINDOWS\System32\GDI32.dll
0x00007fff96b50000 - 0x00007fff96de3000 	C:\WINDOWS\WinSxS\amd64_microsoft.windows.common-controls_6595b64144ccf1df_6.0.22621.2361_none_2712ced57382f843\COMCTL32.dll
0x00007fffacfe0000 - 0x00007fffad0f8000 	C:\WINDOWS\System32\gdi32full.dll
0x00007fffad3e0000 - 0x00007fffad47a000 	C:\WINDOWS\System32\msvcp_win.dll
0x00007fffa4160000 - 0x00007fffa416a000 	C:\WINDOWS\SYSTEM32\VERSION.dll
0x00007fffaf830000 - 0x00007fffaf861000 	C:\WINDOWS\System32\IMM32.DLL
0x00007fffa7900000 - 0x00007fffa790c000 	C:\Program Files\Java\jdk-20\bin\vcruntime140_1.dll
0x00007fff95170000 - 0x00007fff951fe000 	C:\Program Files\Java\jdk-20\bin\msvcp140.dll
0x00007fff55dc0000 - 0x00007fff56a57000 	C:\Program Files\Java\jdk-20\bin\server\jvm.dll
0x00007fffa4cf0000 - 0x00007fffa4d24000 	C:\WINDOWS\SYSTEM32\WINMM.dll
0x00007fff928e0000 - 0x00007fff928e9000 	C:\WINDOWS\SYSTEM32\WSOCK32.dll
0x00007fffadb60000 - 0x00007fffadbd1000 	C:\WINDOWS\System32\WS2_32.dll
0x00007fffabc70000 - 0x00007fffabc88000 	C:\WINDOWS\SYSTEM32\kernel.appcore.dll
0x00007fffa4e90000 - 0x00007fffa4e9a000 	C:\Program Files\Java\jdk-20\bin\jimage.dll
0x00007fff9ae30000 - 0x00007fff9b05e000 	C:\WINDOWS\SYSTEM32\DBGHELP.DLL
0x00007fffaeb40000 - 0x00007fffaeeca000 	C:\WINDOWS\System32\combase.dll
0x00007fffad820000 - 0x00007fffad8f7000 	C:\WINDOWS\System32\OLEAUT32.dll
0x00007fff91540000 - 0x00007fff91572000 	C:\WINDOWS\SYSTEM32\dbgcore.DLL
0x00007fffad2a0000 - 0x00007fffad31a000 	C:\WINDOWS\System32\bcryptPrimitives.dll
0x00007fff96fd0000 - 0x00007fff96ff6000 	C:\Program Files\Java\jdk-20\bin\java.dll
0x00007fff95200000 - 0x00007fff952d7000 	C:\Program Files\Java\jdk-20\bin\jsvml.dll
0x00007fffae010000 - 0x00007fffae868000 	C:\WINDOWS\System32\SHELL32.dll
0x00007fffaab90000 - 0x00007fffab482000 	C:\WINDOWS\SYSTEM32\windows.storage.dll
0x00007fffaaa50000 - 0x00007fffaab8e000 	C:\WINDOWS\SYSTEM32\wintypes.dll
0x00007fffae870000 - 0x00007fffae963000 	C:\WINDOWS\System32\SHCORE.dll
0x00007fffad7c0000 - 0x00007fffad81e000 	C:\WINDOWS\System32\shlwapi.dll
0x00007fffacb60000 - 0x00007fffacb86000 	C:\WINDOWS\SYSTEM32\profapi.dll
0x00007fff978f0000 - 0x00007fff97903000 	C:\Program Files\Java\jdk-20\bin\net.dll
0x00007fffa75b0000 - 0x00007fffa76e7000 	C:\WINDOWS\SYSTEM32\WINHTTP.dll
0x00007fffac160000 - 0x00007fffac1c9000 	C:\WINDOWS\system32\mswsock.dll
0x00007fff96730000 - 0x00007fff96746000 	C:\Program Files\Java\jdk-20\bin\nio.dll
0x00007fff669b0000 - 0x00007fff66b41000 	C:\Program Files\Java\jdk-20\bin\awt.dll
0x00007fffa9fc0000 - 0x00007fffaa057000 	C:\WINDOWS\SYSTEM32\apphelp.dll
0x00007fffaa3e0000 - 0x00007fffaa40b000 	C:\WINDOWS\system32\DWMAPI.DLL
0x00007fffaa150000 - 0x00007fffaa1fb000 	C:\WINDOWS\system32\uxtheme.dll
0x00007fff4fb50000 - 0x00007fff4fc50000 	C:\WINDOWS\system32\opengl32.dll
0x00007fff5d810000 - 0x00007fff5d83d000 	C:\WINDOWS\SYSTEM32\GLU32.dll
0x00007fffaa270000 - 0x00007fffaa2a6000 	C:\WINDOWS\SYSTEM32\dxcore.dll
0x00007fffadea0000 - 0x00007fffadfec000 	C:\WINDOWS\System32\MSCTF.dll
0x00007fffad900000 - 0x00007fffada9f000 	C:\WINDOWS\System32\ole32.dll
0x00007fff6dbc0000 - 0x00007fff6dd69000 	C:\WINDOWS\system32\d3d9.dll
0x00007fffa3bc0000 - 0x00007fffa3d7b000 	C:\WINDOWS\System32\DriverStore\FileRepository\u0387389.inf_amd64_995be970e30b8c79\B385477\aticfx64.dll
0x00007fff94430000 - 0x00007fff94464000 	C:\WINDOWS\System32\DriverStore\FileRepository\u0387389.inf_amd64_995be970e30b8c79\B385477\atiu9p64.dll
0x00007fff5fde0000 - 0x00007fff60b35000 	C:\WINDOWS\System32\DriverStore\FileRepository\u0387389.inf_amd64_995be970e30b8c79\B385477\atiumd64.dll
0x0000000066c10000 - 0x0000000067b37000 	C:\WINDOWS\System32\DriverStore\FileRepository\u0387389.inf_amd64_995be970e30b8c79\B385477\atiumd6a.dll
0x00007fffaf3b0000 - 0x00007fffaf824000 	C:\WINDOWS\System32\SETUPAPI.dll
0x00007fffac530000 - 0x00007fffac57d000 	C:\WINDOWS\SYSTEM32\POWRPROF.dll
0x00007fffac4e0000 - 0x00007fffac4f3000 	C:\WINDOWS\SYSTEM32\UMPDC.dll
0x00007fffa40a0000 - 0x00007fffa40d5000 	C:\WINDOWS\SYSTEM32\amdihk64.dll
0x00007fffa7700000 - 0x00007fffa774a000 	C:\WINDOWS\SYSTEM32\directxdatabasehelper.dll
0x00007fff96710000 - 0x00007fff96728000 	C:\Program Files\Java\jdk-20\bin\zip.dll
0x00007fff8bb70000 - 0x00007fff8bbf6000 	C:\Program Files\Java\jdk-20\bin\freetype.dll
0x00007fff8ba10000 - 0x00007fff8bad6000 	C:\Program Files\Java\jdk-20\bin\fontmanager.dll
0x00007fffaea00000 - 0x00007fffaeab0000 	C:\WINDOWS\System32\clbcatq.dll
0x00007fffa89f0000 - 0x00007fffa8ba0000 	C:\WINDOWS\SYSTEM32\WindowsCodecs.dll
0x00007fff8c380000 - 0x00007fff8c3de000 	C:\WINDOWS\system32\dataexchange.dll
0x00007fffa6f70000 - 0x00007fffa71f5000 	C:\WINDOWS\system32\twinapi.appcore.dll

dbghelp: loaded successfully - version: 4.0.5 - missing functions: none
symbol engine: initialized successfully - sym options: 0x614 - pdb path: .;C:\Program Files\Java\jdk-20\bin;C:\WINDOWS\SYSTEM32;C:\WINDOWS\WinSxS\amd64_microsoft.windows.common-controls_6595b64144ccf1df_6.0.22621.2361_none_2712ced57382f843;C:\Program Files\Java\jdk-20\bin\server;C:\WINDOWS\System32\DriverStore\FileRepository\u0387389.inf_amd64_995be970e30b8c79\B385477

VM Arguments:
jvm_args: -Dfile.encoding=UTF-8 --module-path=C:\Users\KRISHNA\Documents\NetBeansProjects\BloodBankManagementt\build\classes 
java_command: Login
java_class_path (initial): C:\Users\KRISHNA\Documents\NetBeansProjects\BloodBankManagementt\build\classes
Launcher Type: SUN_STANDARD

[Global flags]
     intx CICompilerCount                          = 4                                         {product} {ergonomic}
     uint ConcGCThreads                            = 3                                         {product} {ergonomic}
     uint G1ConcRefinementThreads                  = 10                                        {product} {ergonomic}
   size_t G1HeapRegionSize                         = 1048576                                   {product} {ergonomic}
    uintx GCDrainStackTargetSize                   = 64                                        {product} {ergonomic}
   size_t InitialHeapSize                          = 123731968                                 {product} {ergonomic}
   size_t MarkStackSize                            = 4194304                                   {product} {ergonomic}
   size_t MaxHeapSize                              = 1967128576                                {product} {ergonomic}
   size_t MaxNewSize                               = 1179648000                                {product} {ergonomic}
   size_t MinHeapDeltaBytes                        = 1048576                                   {product} {ergonomic}
   size_t MinHeapSize                              = 8388608                                   {product} {ergonomic}
    uintx NonNMethodCodeHeapSize                   = 5839372                                {pd product} {ergonomic}
    uintx NonProfiledCodeHeapSize                  = 122909434                              {pd product} {ergonomic}
    uintx ProfiledCodeHeapSize                     = 122909434                              {pd product} {ergonomic}
    uintx ReservedCodeCacheSize                    = 251658240                              {pd product} {ergonomic}
     bool SegmentedCodeCache                       = true                                      {product} {ergonomic}
   size_t SoftMaxHeapSize                          = 1967128576                             {manageable} {ergonomic}
     bool UseCompressedClassPointers               = true                           {product lp64_product} {ergonomic}
     bool UseCompressedOops                        = true                           {product lp64_product} {ergonomic}
     bool UseG1GC                                  = true                                      {product} {ergonomic}
     bool UseLargePagesIndividualAllocation        = false                                  {pd product} {ergonomic}

Logging:
Log output configuration:
 #0: stdout all=warning uptime,level,tags foldmultilines=false
 #1: stderr all=off uptime,level,tags foldmultilines=false

Environment Variables:
JAVA_HOME=C:\Program Files\Java\jdk-20
CLASSPATH=C:\Program Files (x86)\MySQL\Connector J 8.0;C:\Program Files\Java\jdk-20\lib
PATH=C:\oraclexe\app\oracle\product\11.2.0\server\bin;C:\Program Files\Common Files\Oracle\Java\javapath;C:\Program Files\openjdk-19.0.2_windows-x64_bin.zip\jdk-19.0.2\bin;C:\Program Files\Java\jdk-11.0.17\bin;C:\WINDOWS\system32;C:\WINDOWS;C:\WINDOWS\System32\Wbem;C:\WINDOWS\System32\WindowsPowerShell\v1.0\;C:\WINDOWS\System32\OpenSSH\;C:\Program Files\Java\jdk-19\bin;C:\Program Files\Java\jdk-20\bin;C:\Program Files\Common Files\Oracle\Java\javapath;C:\Program Files\MySQL\MySQL Server 8.0\bin;C:\Program Files\Java\jdk-20\bin;C:\Program Files\Git\cmd;C:\Program Files\PowerShell\7\;C:\Program Files\Java\jdk-20\bin;C:\Program Files\nodejs\;C:\Program Files\MySQL\MySQL Shell 8.0\bin\;C:\Program Files\Java\jdk-20\bin;C:\Program Files\MySQL\MySQL Server 8.0\bin;C:\Users\KRISHNA\AppData\Local\Programs\Microsoft VS Code\bin;C:\Program Files\Java\jdk-20\bin;C:\Users\KRISHNA\AppData\Roaming\npm
USERNAME=KRISHNA
OS=Windows_NT
PROCESSOR_IDENTIFIER=AMD64 Family 23 Model 104 Stepping 1, AuthenticAMD
TMP=C:\Users\KRISHNA\AppData\Local\Temp
TEMP=C:\Users\KRISHNA\AppData\Local\Temp




---------------  S Y S T E M  ---------------

OS:
 Windows 11 , 64 bit Build 22621 (10.0.22621.2361)
OS uptime: 6 days 7:27 hours

CPU: total 12 (initial active 12) (12 cores per cpu, 2 threads per core) family 23 model 104 stepping 1 microcode 0x0, cx8, cmov, fxsr, ht, mmx, 3dnowpref, sse, sse2, sse3, ssse3, sse4a, sse4.1, sse4.2, popcnt, lzcnt, tsc, tscinvbit, avx, avx2, aes, clmul, bmi1, bmi2, adx, sha, fma, vzeroupper, clflush, clflushopt, rdtscp, rdpid, f16c

Memory: 4k page, system-wide physical 7501M (520M free)
TotalPageFile size 30029M (AvailPageFile size 5M)
current process WorkingSet (physical memory assigned to process): 97M, peak: 97M
current process commit charge ("private bytes"): 244M, peak: 245M

vm_info: Java HotSpot(TM) 64-Bit Server VM (20.0.1+9-29) for windows-amd64 JRE (20.0.1+9-29), built on 2023-03-07T13:56:11Z by "mach5one" with MS VC++ 17.1 (VS2022)

END.
