#
# There is insufficient memory for the Java Runtime Environment to continue.
# Native memory allocation (malloc) failed to allocate 1423856 bytes for Chunk::new
# Possible reasons:
#   The system is out of physical RAM or swap space
#   The process is running with CompressedOops enabled, and the Java Heap may be blocking the growth of the native heap
# Possible solutions:
#   Reduce memory load on the system
#   Increase physical memory or swap space
#   Check if swap backing store is full
#   Decrease Java heap size (-Xmx/-Xms)
#   Decrease number of Java threads
#   Decrease Java thread stack sizes (-Xss)
#   Set larger code cache with -XX:ReservedCodeCacheSize=
#   JVM is running with Unscaled Compressed Oops mode in which the Java heap is
#     placed in the first 4GB address space. The Java Heap base address is the
#     maximum limit for the native heap growth. Please use -XX:HeapBaseMinAddress
#     to set the Java Heap base and to place the Java Heap above 4GB virtual address.
# This output file may be truncated or incomplete.
#
#  Out of Memory Error (arena.cpp:184), pid=1652, tid=22944
#
# JRE version: Java(TM) SE Runtime Environment (20.0.1+9) (build 20.0.1+9-29)
# Java VM: Java HotSpot(TM) 64-Bit Server VM (20.0.1+9-29, mixed mode, sharing, tiered, compressed oops, compressed class ptrs, g1 gc, windows-amd64)
# No core dump will be written. Minidumps are not enabled by default on client versions of Windows
#

---------------  S U M M A R Y ------------

Command Line: -Dfile.encoding=UTF-8 --module-path=C:\Users\KRISHNA\Documents\NetBeansProjects\BloodBankManagementt\build\classes BBM.UpdateDetails

Host: AMD Ryzen 5 5500U with Radeon Graphics         , 12 cores, 7G,  Windows 11 , 64 bit Build 22621 (10.0.22621.2361)
Time: Wed Oct 25 10:52:17 2023 India Standard Time elapsed time: 0.826809 seconds (0d 0h 0m 0s)

---------------  T H R E A D  ---------------

Current thread (0x00000190f5e64f00):  JavaThread "C2 CompilerThread0" daemon [_thread_in_native, id=22944, stack(0x0000000c26300000,0x0000000c26400000)]


Current CompileTask:
C2:    826  747   !   4       sun.awt.image.PNGImageDecoder::produceImage (1917 bytes)

Stack: [0x0000000c26300000,0x0000000c26400000]
Native frames: (J=compiled Java code, j=interpreted, Vv=VM code, C=native code)
V  [jvm.dll+0x6bb95a]
V  [jvm.dll+0x8485fa]
V  [jvm.dll+0x84a1f5]
V  [jvm.dll+0x84a8f3]
V  [jvm.dll+0x280b0f]
V  [jvm.dll+0xc2b11]
V  [jvm.dll+0xc2e35]
V  [jvm.dll+0x3bb142]
V  [jvm.dll+0x3857f5]
V  [jvm.dll+0x384c6a]
V  [jvm.dll+0x24b259]
V  [jvm.dll+0x24a651]
V  [jvm.dll+0x1ce491]
V  [jvm.dll+0x259e1b]
V  [jvm.dll+0x2584f0]
V  [jvm.dll+0x3f2895]
V  [jvm.dll+0x7f4b56]
V  [jvm.dll+0x6ba5cb]
C  [ucrtbase.dll+0x29363]
C  [KERNEL32.DLL+0x1257d]
C  [ntdll.dll+0x5aa78]


---------------  P R O C E S S  ---------------

Threads class SMR info:
_java_thread_list=0x00000190fa159b80, length=17, elements={
0x00000190f5e554a0, 0x00000190f5e56140, 0x00000190f5e583b0, 0x00000190f5e59050,
0x00000190f5e5a9a0, 0x00000190f5e5b410, 0x00000190f5e64f00, 0x00000190f5e8ec40,
0x00000190f5e1ad50, 0x00000190fa158ac0, 0x00000190fa31d0b0, 0x00000190fa352cb0,
0x00000190fa3562f0, 0x00000190faa3b600, 0x00000190faf03c50, 0x0000019080b52700,
0x0000019080b4f1e0
}

Java Threads: ( => current thread )
  0x00000190f5e554a0 JavaThread "Reference Handler" daemon [_thread_blocked, id=27752, stack(0x0000000c25d00000,0x0000000c25e00000)]
  0x00000190f5e56140 JavaThread "Finalizer" daemon [_thread_blocked, id=23332, stack(0x0000000c25e00000,0x0000000c25f00000)]
  0x00000190f5e583b0 JavaThread "Signal Dispatcher" daemon [_thread_blocked, id=22740, stack(0x0000000c25f00000,0x0000000c26000000)]
  0x00000190f5e59050 JavaThread "Attach Listener" daemon [_thread_blocked, id=7464, stack(0x0000000c26000000,0x0000000c26100000)]
  0x00000190f5e5a9a0 JavaThread "Service Thread" daemon [_thread_blocked, id=24064, stack(0x0000000c26100000,0x0000000c26200000)]
  0x00000190f5e5b410 JavaThread "Monitor Deflation Thread" daemon [_thread_blocked, id=25688, stack(0x0000000c26200000,0x0000000c26300000)]
=>0x00000190f5e64f00 JavaThread "C2 CompilerThread0" daemon [_thread_in_native, id=22944, stack(0x0000000c26300000,0x0000000c26400000)]
  0x00000190f5e8ec40 JavaThread "C1 CompilerThread0" daemon [_thread_blocked, id=29176, stack(0x0000000c26400000,0x0000000c26500000)]
  0x00000190f5e1ad50 JavaThread "Common-Cleaner" daemon [_thread_blocked, id=22628, stack(0x0000000c26500000,0x0000000c26600000)]
  0x00000190fa158ac0 JavaThread "Notification Thread" daemon [_thread_blocked, id=20840, stack(0x0000000c26600000,0x0000000c26700000)]
  0x00000190fa31d0b0 JavaThread "Java2D Disposer" daemon [_thread_blocked, id=22984, stack(0x0000000c26800000,0x0000000c26900000)]
  0x00000190fa352cb0 JavaThread "AWT-Shutdown" [_thread_blocked, id=24092, stack(0x0000000c26900000,0x0000000c26a00000)]
  0x00000190fa3562f0 JavaThread "AWT-Windows" daemon [_thread_in_native, id=28828, stack(0x0000000c26a00000,0x0000000c26b00000)]
  0x00000190faa3b600 JavaThread "Image Fetcher 0" daemon [_thread_blocked, id=28156, stack(0x0000000c27500000,0x0000000c27600000)]
  0x00000190faf03c50 JavaThread "AWT-EventQueue-0" [_thread_in_vm, id=13744, stack(0x0000000c27600000,0x0000000c27700000)]
  0x0000019080b52700 JavaThread "DestroyJavaVM" [_thread_blocked, id=21952, stack(0x0000000c25600000,0x0000000c25700000)]
  0x0000019080b4f1e0 JavaThread "D3D Screen Updater" daemon [_thread_blocked, id=1708, stack(0x0000000c27800000,0x0000000c27900000)]

Other Threads:
  0x00000190f5e32d00 VMThread "VM Thread" [stack: 0x0000000c25c00000,0x0000000c25d00000] [id=10460]
  0x00000190fa1910b0 WatcherThread "VM Periodic Task Thread" [stack: 0x0000000c26700000,0x0000000c26800000] [id=29992]
  0x00000190d7454210 WorkerThread "GC Thread#0" [stack: 0x0000000c25700000,0x0000000c25800000] [id=6332]
  0x00000190d7463ba0 ConcurrentGCThread "G1 Main Marker" [stack: 0x0000000c25800000,0x0000000c25900000] [id=4820]
  0x00000190d7464770 WorkerThread "G1 Conc#0" [stack: 0x0000000c25900000,0x0000000c25a00000] [id=20208]
  0x00000190f5cf40e0 ConcurrentGCThread "G1 Refine#0" [stack: 0x0000000c25a00000,0x0000000c25b00000] [id=23712]
  0x00000190f5cf4b80 ConcurrentGCThread "G1 Service" [stack: 0x0000000c25b00000,0x0000000c25c00000] [id=23392]

Threads with active compile tasks:
C2 CompilerThread0      866  747   !   4       sun.awt.image.PNGImageDecoder::produceImage (1917 bytes)

VM state: not at safepoint (normal execution)

VM Mutex/Monitor currently owned by a thread:  ([mutex/lock_event])
[0x00000190d73f2f80] CodeCache_lock - owner thread: 0x0000000000000000

Heap address: 0x000000008ac00000, size: 1876 MB, Compressed Oops mode: 32-bit

CDS archive(s) mapped at: [0x0000000800000000-0x0000000800c60000-0x0000000800c60000), size 12976128, SharedBaseAddress: 0x0000000800000000, ArchiveRelocationMode: 0.
Compressed class space mapped at: 0x0000000801000000-0x0000000841000000, reserved size: 1073741824
Narrow klass base: 0x0000000800000000, Narrow klass shift: 0, Narrow klass range: 0x100000000

GC Precious Log:
 CardTable entry size: 512
 Card Set container configuration: InlinePtr #cards 5 size 8 Array Of Cards #cards 12 size 40 Howl #buckets 4 coarsen threshold 1843 Howl Bitmap #cards 512 size 80 coarsen threshold 460 Card regions per heap region 1 cards per card region 2048
 CPUs: 12 total, 12 available
 Memory: 7501M
 Large Page Support: Disabled
 NUMA Support: Disabled
 Compressed Oops: Enabled (32-bit)
 Heap Region Size: 1M
 Heap Min Capacity: 8M
 Heap Initial Capacity: 118M
 Heap Max Capacity: 1876M
 Pre-touch: Disabled
 Parallel Workers: 10
 Concurrent Workers: 3
 Concurrent Refinement Workers: 10
 Periodic GC: Disabled

Heap:
 garbage-first heap   total 120832K, used 18432K [0x000000008ac00000, 0x0000000100000000)
  region size 1024K, 13 young (13312K), 0 survivors (0K)
 Metaspace       used 7955K, committed 8192K, reserved 1114112K
  class space    used 893K, committed 1024K, reserved 1048576K

Heap Regions: E=young(eden), S=young(survivor), O=old, HS=humongous(starts), HC=humongous(continues), CS=collection set, F=free, OA=open archive, CA=closed archive, TAMS=top-at-mark-start, PB=parsable bottom
|   0|0x000000008ac00000, 0x000000008ad00000, 0x000000008ad00000|100%|HS|  |TAMS 0x000000008ac00000| PB 0x000000008ac00000| Complete 
|   1|0x000000008ad00000, 0x000000008ae00000, 0x000000008ae00000|100%|HC|  |TAMS 0x000000008ad00000| PB 0x000000008ad00000| Complete 
|   2|0x000000008ae00000, 0x000000008af00000, 0x000000008af00000|100%|HS|  |TAMS 0x000000008ae00000| PB 0x000000008ae00000| Complete 
|   3|0x000000008af00000, 0x000000008b000000, 0x000000008b000000|100%|HC|  |TAMS 0x000000008af00000| PB 0x000000008af00000| Complete 
|   4|0x000000008b000000, 0x000000008b100000, 0x000000008b100000|100%|HS|  |TAMS 0x000000008b000000| PB 0x000000008b000000| Complete 
|   5|0x000000008b100000, 0x000000008b200000, 0x000000008b200000|100%|HC|  |TAMS 0x000000008b100000| PB 0x000000008b100000| Complete 
|   6|0x000000008b200000, 0x000000008b200000, 0x000000008b300000|  0%| F|  |TAMS 0x000000008b200000| PB 0x000000008b200000| Untracked 
|   7|0x000000008b300000, 0x000000008b300000, 0x000000008b400000|  0%| F|  |TAMS 0x000000008b300000| PB 0x000000008b300000| Untracked 
|   8|0x000000008b400000, 0x000000008b400000, 0x000000008b500000|  0%| F|  |TAMS 0x000000008b400000| PB 0x000000008b400000| Untracked 
|   9|0x000000008b500000, 0x000000008b500000, 0x000000008b600000|  0%| F|  |TAMS 0x000000008b500000| PB 0x000000008b500000| Untracked 
|  10|0x000000008b600000, 0x000000008b600000, 0x000000008b700000|  0%| F|  |TAMS 0x000000008b600000| PB 0x000000008b600000| Untracked 
|  11|0x000000008b700000, 0x000000008b700000, 0x000000008b800000|  0%| F|  |TAMS 0x000000008b700000| PB 0x000000008b700000| Untracked 
|  12|0x000000008b800000, 0x000000008b800000, 0x000000008b900000|  0%| F|  |TAMS 0x000000008b800000| PB 0x000000008b800000| Untracked 
|  13|0x000000008b900000, 0x000000008b900000, 0x000000008ba00000|  0%| F|  |TAMS 0x000000008b900000| PB 0x000000008b900000| Untracked 
|  14|0x000000008ba00000, 0x000000008ba00000, 0x000000008bb00000|  0%| F|  |TAMS 0x000000008ba00000| PB 0x000000008ba00000| Untracked 
|  15|0x000000008bb00000, 0x000000008bb00000, 0x000000008bc00000|  0%| F|  |TAMS 0x000000008bb00000| PB 0x000000008bb00000| Untracked 
|  16|0x000000008bc00000, 0x000000008bc00000, 0x000000008bd00000|  0%| F|  |TAMS 0x000000008bc00000| PB 0x000000008bc00000| Untracked 
|  17|0x000000008bd00000, 0x000000008bd00000, 0x000000008be00000|  0%| F|  |TAMS 0x000000008bd00000| PB 0x000000008bd00000| Untracked 
|  18|0x000000008be00000, 0x000000008be00000, 0x000000008bf00000|  0%| F|  |TAMS 0x000000008be00000| PB 0x000000008be00000| Untracked 
|  19|0x000000008bf00000, 0x000000008bf00000, 0x000000008c000000|  0%| F|  |TAMS 0x000000008bf00000| PB 0x000000008bf00000| Untracked 
|  20|0x000000008c000000, 0x000000008c000000, 0x000000008c100000|  0%| F|  |TAMS 0x000000008c000000| PB 0x000000008c000000| Untracked 
|  21|0x000000008c100000, 0x000000008c100000, 0x000000008c200000|  0%| F|  |TAMS 0x000000008c100000| PB 0x000000008c100000| Untracked 
|  22|0x000000008c200000, 0x000000008c200000, 0x000000008c300000|  0%| F|  |TAMS 0x000000008c200000| PB 0x000000008c200000| Untracked 
|  23|0x000000008c300000, 0x000000008c300000, 0x000000008c400000|  0%| F|  |TAMS 0x000000008c300000| PB 0x000000008c300000| Untracked 
|  24|0x000000008c400000, 0x000000008c400000, 0x000000008c500000|  0%| F|  |TAMS 0x000000008c400000| PB 0x000000008c400000| Untracked 
|  25|0x000000008c500000, 0x000000008c500000, 0x000000008c600000|  0%| F|  |TAMS 0x000000008c500000| PB 0x000000008c500000| Untracked 
|  26|0x000000008c600000, 0x000000008c600000, 0x000000008c700000|  0%| F|  |TAMS 0x000000008c600000| PB 0x000000008c600000| Untracked 
|  27|0x000000008c700000, 0x000000008c700000, 0x000000008c800000|  0%| F|  |TAMS 0x000000008c700000| PB 0x000000008c700000| Untracked 
|  28|0x000000008c800000, 0x000000008c800000, 0x000000008c900000|  0%| F|  |TAMS 0x000000008c800000| PB 0x000000008c800000| Untracked 
|  29|0x000000008c900000, 0x000000008c900000, 0x000000008ca00000|  0%| F|  |TAMS 0x000000008c900000| PB 0x000000008c900000| Untracked 
|  30|0x000000008ca00000, 0x000000008ca00000, 0x000000008cb00000|  0%| F|  |TAMS 0x000000008ca00000| PB 0x000000008ca00000| Untracked 
|  31|0x000000008cb00000, 0x000000008cb00000, 0x000000008cc00000|  0%| F|  |TAMS 0x000000008cb00000| PB 0x000000008cb00000| Untracked 
|  32|0x000000008cc00000, 0x000000008cc00000, 0x000000008cd00000|  0%| F|  |TAMS 0x000000008cc00000| PB 0x000000008cc00000| Untracked 
|  33|0x000000008cd00000, 0x000000008cd00000, 0x000000008ce00000|  0%| F|  |TAMS 0x000000008cd00000| PB 0x000000008cd00000| Untracked 
|  34|0x000000008ce00000, 0x000000008ce00000, 0x000000008cf00000|  0%| F|  |TAMS 0x000000008ce00000| PB 0x000000008ce00000| Untracked 
|  35|0x000000008cf00000, 0x000000008cf00000, 0x000000008d000000|  0%| F|  |TAMS 0x000000008cf00000| PB 0x000000008cf00000| Untracked 
|  36|0x000000008d000000, 0x000000008d000000, 0x000000008d100000|  0%| F|  |TAMS 0x000000008d000000| PB 0x000000008d000000| Untracked 
|  37|0x000000008d100000, 0x000000008d100000, 0x000000008d200000|  0%| F|  |TAMS 0x000000008d100000| PB 0x000000008d100000| Untracked 
|  38|0x000000008d200000, 0x000000008d200000, 0x000000008d300000|  0%| F|  |TAMS 0x000000008d200000| PB 0x000000008d200000| Untracked 
|  39|0x000000008d300000, 0x000000008d300000, 0x000000008d400000|  0%| F|  |TAMS 0x000000008d300000| PB 0x000000008d300000| Untracked 
|  40|0x000000008d400000, 0x000000008d400000, 0x000000008d500000|  0%| F|  |TAMS 0x000000008d400000| PB 0x000000008d400000| Untracked 
|  41|0x000000008d500000, 0x000000008d500000, 0x000000008d600000|  0%| F|  |TAMS 0x000000008d500000| PB 0x000000008d500000| Untracked 
|  42|0x000000008d600000, 0x000000008d600000, 0x000000008d700000|  0%| F|  |TAMS 0x000000008d600000| PB 0x000000008d600000| Untracked 
|  43|0x000000008d700000, 0x000000008d700000, 0x000000008d800000|  0%| F|  |TAMS 0x000000008d700000| PB 0x000000008d700000| Untracked 
|  44|0x000000008d800000, 0x000000008d800000, 0x000000008d900000|  0%| F|  |TAMS 0x000000008d800000| PB 0x000000008d800000| Untracked 
|  45|0x000000008d900000, 0x000000008d900000, 0x000000008da00000|  0%| F|  |TAMS 0x000000008d900000| PB 0x000000008d900000| Untracked 
|  46|0x000000008da00000, 0x000000008da00000, 0x000000008db00000|  0%| F|  |TAMS 0x000000008da00000| PB 0x000000008da00000| Untracked 
|  47|0x000000008db00000, 0x000000008db00000, 0x000000008dc00000|  0%| F|  |TAMS 0x000000008db00000| PB 0x000000008db00000| Untracked 
|  48|0x000000008dc00000, 0x000000008dc00000, 0x000000008dd00000|  0%| F|  |TAMS 0x000000008dc00000| PB 0x000000008dc00000| Untracked 
|  49|0x000000008dd00000, 0x000000008dd00000, 0x000000008de00000|  0%| F|  |TAMS 0x000000008dd00000| PB 0x000000008dd00000| Untracked 
|  50|0x000000008de00000, 0x000000008de00000, 0x000000008df00000|  0%| F|  |TAMS 0x000000008de00000| PB 0x000000008de00000| Untracked 
|  51|0x000000008df00000, 0x000000008df00000, 0x000000008e000000|  0%| F|  |TAMS 0x000000008df00000| PB 0x000000008df00000| Untracked 
|  52|0x000000008e000000, 0x000000008e000000, 0x000000008e100000|  0%| F|  |TAMS 0x000000008e000000| PB 0x000000008e000000| Untracked 
|  53|0x000000008e100000, 0x000000008e100000, 0x000000008e200000|  0%| F|  |TAMS 0x000000008e100000| PB 0x000000008e100000| Untracked 
|  54|0x000000008e200000, 0x000000008e200000, 0x000000008e300000|  0%| F|  |TAMS 0x000000008e200000| PB 0x000000008e200000| Untracked 
|  55|0x000000008e300000, 0x000000008e300000, 0x000000008e400000|  0%| F|  |TAMS 0x000000008e300000| PB 0x000000008e300000| Untracked 
|  56|0x000000008e400000, 0x000000008e400000, 0x000000008e500000|  0%| F|  |TAMS 0x000000008e400000| PB 0x000000008e400000| Untracked 
|  57|0x000000008e500000, 0x000000008e500000, 0x000000008e600000|  0%| F|  |TAMS 0x000000008e500000| PB 0x000000008e500000| Untracked 
|  58|0x000000008e600000, 0x000000008e600000, 0x000000008e700000|  0%| F|  |TAMS 0x000000008e600000| PB 0x000000008e600000| Untracked 
|  59|0x000000008e700000, 0x000000008e700000, 0x000000008e800000|  0%| F|  |TAMS 0x000000008e700000| PB 0x000000008e700000| Untracked 
|  60|0x000000008e800000, 0x000000008e800000, 0x000000008e900000|  0%| F|  |TAMS 0x000000008e800000| PB 0x000000008e800000| Untracked 
|  61|0x000000008e900000, 0x000000008e900000, 0x000000008ea00000|  0%| F|  |TAMS 0x000000008e900000| PB 0x000000008e900000| Untracked 
|  62|0x000000008ea00000, 0x000000008ea00000, 0x000000008eb00000|  0%| F|  |TAMS 0x000000008ea00000| PB 0x000000008ea00000| Untracked 
|  63|0x000000008eb00000, 0x000000008eb00000, 0x000000008ec00000|  0%| F|  |TAMS 0x000000008eb00000| PB 0x000000008eb00000| Untracked 
|  64|0x000000008ec00000, 0x000000008ec00000, 0x000000008ed00000|  0%| F|  |TAMS 0x000000008ec00000| PB 0x000000008ec00000| Untracked 
|  65|0x000000008ed00000, 0x000000008ed00000, 0x000000008ee00000|  0%| F|  |TAMS 0x000000008ed00000| PB 0x000000008ed00000| Untracked 
|  66|0x000000008ee00000, 0x000000008ee00000, 0x000000008ef00000|  0%| F|  |TAMS 0x000000008ee00000| PB 0x000000008ee00000| Untracked 
|  67|0x000000008ef00000, 0x000000008ef00000, 0x000000008f000000|  0%| F|  |TAMS 0x000000008ef00000| PB 0x000000008ef00000| Untracked 
|  68|0x000000008f000000, 0x000000008f000000, 0x000000008f100000|  0%| F|  |TAMS 0x000000008f000000| PB 0x000000008f000000| Untracked 
|  69|0x000000008f100000, 0x000000008f100000, 0x000000008f200000|  0%| F|  |TAMS 0x000000008f100000| PB 0x000000008f100000| Untracked 
|  70|0x000000008f200000, 0x000000008f200000, 0x000000008f300000|  0%| F|  |TAMS 0x000000008f200000| PB 0x000000008f200000| Untracked 
|  71|0x000000008f300000, 0x000000008f300000, 0x000000008f400000|  0%| F|  |TAMS 0x000000008f300000| PB 0x000000008f300000| Untracked 
|  72|0x000000008f400000, 0x000000008f400000, 0x000000008f500000|  0%| F|  |TAMS 0x000000008f400000| PB 0x000000008f400000| Untracked 
|  73|0x000000008f500000, 0x000000008f500000, 0x000000008f600000|  0%| F|  |TAMS 0x000000008f500000| PB 0x000000008f500000| Untracked 
|  74|0x000000008f600000, 0x000000008f600000, 0x000000008f700000|  0%| F|  |TAMS 0x000000008f600000| PB 0x000000008f600000| Untracked 
|  75|0x000000008f700000, 0x000000008f700000, 0x000000008f800000|  0%| F|  |TAMS 0x000000008f700000| PB 0x000000008f700000| Untracked 
|  76|0x000000008f800000, 0x000000008f800000, 0x000000008f900000|  0%| F|  |TAMS 0x000000008f800000| PB 0x000000008f800000| Untracked 
|  77|0x000000008f900000, 0x000000008f900000, 0x000000008fa00000|  0%| F|  |TAMS 0x000000008f900000| PB 0x000000008f900000| Untracked 
|  78|0x000000008fa00000, 0x000000008fa00000, 0x000000008fb00000|  0%| F|  |TAMS 0x000000008fa00000| PB 0x000000008fa00000| Untracked 
|  79|0x000000008fb00000, 0x000000008fb00000, 0x000000008fc00000|  0%| F|  |TAMS 0x000000008fb00000| PB 0x000000008fb00000| Untracked 
|  80|0x000000008fc00000, 0x000000008fc00000, 0x000000008fd00000|  0%| F|  |TAMS 0x000000008fc00000| PB 0x000000008fc00000| Untracked 
|  81|0x000000008fd00000, 0x000000008fd00000, 0x000000008fe00000|  0%| F|  |TAMS 0x000000008fd00000| PB 0x000000008fd00000| Untracked 
|  82|0x000000008fe00000, 0x000000008fe00000, 0x000000008ff00000|  0%| F|  |TAMS 0x000000008fe00000| PB 0x000000008fe00000| Untracked 
|  83|0x000000008ff00000, 0x000000008ff00000, 0x0000000090000000|  0%| F|  |TAMS 0x000000008ff00000| PB 0x000000008ff00000| Untracked 
|  84|0x0000000090000000, 0x0000000090000000, 0x0000000090100000|  0%| F|  |TAMS 0x0000000090000000| PB 0x0000000090000000| Untracked 
|  85|0x0000000090100000, 0x0000000090100000, 0x0000000090200000|  0%| F|  |TAMS 0x0000000090100000| PB 0x0000000090100000| Untracked 
|  86|0x0000000090200000, 0x0000000090200000, 0x0000000090300000|  0%| F|  |TAMS 0x0000000090200000| PB 0x0000000090200000| Untracked 
|  87|0x0000000090300000, 0x0000000090300000, 0x0000000090400000|  0%| F|  |TAMS 0x0000000090300000| PB 0x0000000090300000| Untracked 
|  88|0x0000000090400000, 0x0000000090400000, 0x0000000090500000|  0%| F|  |TAMS 0x0000000090400000| PB 0x0000000090400000| Untracked 
|  89|0x0000000090500000, 0x0000000090500000, 0x0000000090600000|  0%| F|  |TAMS 0x0000000090500000| PB 0x0000000090500000| Untracked 
|  90|0x0000000090600000, 0x0000000090600000, 0x0000000090700000|  0%| F|  |TAMS 0x0000000090600000| PB 0x0000000090600000| Untracked 
|  91|0x0000000090700000, 0x0000000090700000, 0x0000000090800000|  0%| F|  |TAMS 0x0000000090700000| PB 0x0000000090700000| Untracked 
|  92|0x0000000090800000, 0x0000000090800000, 0x0000000090900000|  0%| F|  |TAMS 0x0000000090800000| PB 0x0000000090800000| Untracked 
|  93|0x0000000090900000, 0x0000000090900000, 0x0000000090a00000|  0%| F|  |TAMS 0x0000000090900000| PB 0x0000000090900000| Untracked 
|  94|0x0000000090a00000, 0x0000000090a00000, 0x0000000090b00000|  0%| F|  |TAMS 0x0000000090a00000| PB 0x0000000090a00000| Untracked 
|  95|0x0000000090b00000, 0x0000000090b00000, 0x0000000090c00000|  0%| F|  |TAMS 0x0000000090b00000| PB 0x0000000090b00000| Untracked 
|  96|0x0000000090c00000, 0x0000000090c00000, 0x0000000090d00000|  0%| F|  |TAMS 0x0000000090c00000| PB 0x0000000090c00000| Untracked 
|  97|0x0000000090d00000, 0x0000000090d00000, 0x0000000090e00000|  0%| F|  |TAMS 0x0000000090d00000| PB 0x0000000090d00000| Untracked 
|  98|0x0000000090e00000, 0x0000000090e00000, 0x0000000090f00000|  0%| F|  |TAMS 0x0000000090e00000| PB 0x0000000090e00000| Untracked 
|  99|0x0000000090f00000, 0x0000000090f00000, 0x0000000091000000|  0%| F|  |TAMS 0x0000000090f00000| PB 0x0000000090f00000| Untracked 
| 100|0x0000000091000000, 0x0000000091000000, 0x0000000091100000|  0%| F|  |TAMS 0x0000000091000000| PB 0x0000000091000000| Untracked 
| 101|0x0000000091100000, 0x0000000091100000, 0x0000000091200000|  0%| F|  |TAMS 0x0000000091100000| PB 0x0000000091100000| Untracked 
| 102|0x0000000091200000, 0x0000000091200000, 0x0000000091300000|  0%| F|  |TAMS 0x0000000091200000| PB 0x0000000091200000| Untracked 
| 103|0x0000000091300000, 0x0000000091300000, 0x0000000091400000|  0%| F|  |TAMS 0x0000000091300000| PB 0x0000000091300000| Untracked 
| 104|0x0000000091400000, 0x0000000091400000, 0x0000000091500000|  0%| F|  |TAMS 0x0000000091400000| PB 0x0000000091400000| Untracked 
| 105|0x0000000091500000, 0x0000000091578e00, 0x0000000091600000| 47%| E|  |TAMS 0x0000000091500000| PB 0x0000000091500000| Complete 
| 106|0x0000000091600000, 0x0000000091700000, 0x0000000091700000|100%| E|CS|TAMS 0x0000000091600000| PB 0x0000000091600000| Complete 
| 107|0x0000000091700000, 0x0000000091800000, 0x0000000091800000|100%| E|CS|TAMS 0x0000000091700000| PB 0x0000000091700000| Complete 
| 108|0x0000000091800000, 0x0000000091900000, 0x0000000091900000|100%| E|CS|TAMS 0x0000000091800000| PB 0x0000000091800000| Complete 
| 109|0x0000000091900000, 0x0000000091a00000, 0x0000000091a00000|100%| E|CS|TAMS 0x0000000091900000| PB 0x0000000091900000| Complete 
| 110|0x0000000091a00000, 0x0000000091b00000, 0x0000000091b00000|100%| E|CS|TAMS 0x0000000091a00000| PB 0x0000000091a00000| Complete 
| 111|0x0000000091b00000, 0x0000000091c00000, 0x0000000091c00000|100%| E|CS|TAMS 0x0000000091b00000| PB 0x0000000091b00000| Complete 
| 112|0x0000000091c00000, 0x0000000091d00000, 0x0000000091d00000|100%| E|CS|TAMS 0x0000000091c00000| PB 0x0000000091c00000| Complete 
| 113|0x0000000091d00000, 0x0000000091e00000, 0x0000000091e00000|100%| E|CS|TAMS 0x0000000091d00000| PB 0x0000000091d00000| Complete 
| 114|0x0000000091e00000, 0x0000000091f00000, 0x0000000091f00000|100%| E|CS|TAMS 0x0000000091e00000| PB 0x0000000091e00000| Complete 
| 115|0x0000000091f00000, 0x0000000092000000, 0x0000000092000000|100%| E|CS|TAMS 0x0000000091f00000| PB 0x0000000091f00000| Complete 
| 116|0x0000000092000000, 0x0000000092100000, 0x0000000092100000|100%| E|CS|TAMS 0x0000000092000000| PB 0x0000000092000000| Complete 
| 117|0x0000000092100000, 0x0000000092200000, 0x0000000092200000|100%| E|CS|TAMS 0x0000000092100000| PB 0x0000000092100000| Complete 

Card table byte_map: [0x00000190f0cd0000,0x00000190f1080000] _byte_map_base: 0x00000190f087a000

Marking Bits: (CMBitMap*) 0x00000190d7454840
 Bits: [0x00000190f1430000, 0x00000190f3180000)

Polling page: 0x00000190d74c0000

Metaspace:

Usage:
  Non-class:      6.91 MB used.
      Class:    894.93 KB used.
       Both:      7.78 MB used.

Virtual space:
  Non-class space:       64.00 MB reserved,       7.00 MB ( 11%) committed,  1 nodes.
      Class space:        1.00 GB reserved,       1.00 MB ( <1%) committed,  1 nodes.
             Both:        1.06 GB reserved,       8.00 MB ( <1%) committed. 

Chunk freelists:
   Non-Class:  1001.00 KB
       Class:  3.04 MB
        Both:  4.02 MB

MaxMetaspaceSize: unlimited
CompressedClassSpaceSize: 1.00 GB
Initial GC threshold: 21.00 MB
Current GC threshold: 21.00 MB
CDS: on
MetaspaceReclaimPolicy: balanced
 - commit_granule_bytes: 65536.
 - commit_granule_words: 8192.
 - virtual_space_node_default_size: 8388608.
 - enlarge_chunks_in_place: 1.
 - new_chunks_are_fully_committed: 0.
 - uncommit_free_chunks: 1.
 - use_allocation_guard: 0.


Internal statistics:

num_allocs_failed_limit: 0.
num_arena_births: 152.
num_arena_deaths: 0.
num_vsnodes_births: 2.
num_vsnodes_deaths: 0.
num_space_committed: 128.
num_space_uncommitted: 0.
num_chunks_returned_to_freelist: 0.
num_chunks_taken_from_freelist: 194.
num_chunk_merges: 0.
num_chunk_splits: 112.
num_chunks_enlarged: 43.
num_inconsistent_stats: 0.

CodeHeap 'non-profiled nmethods': size=120000Kb used=302Kb max_used=302Kb free=119698Kb
 bounds [0x00000190e8750000, 0x00000190e89c0000, 0x00000190efc80000]
CodeHeap 'profiled nmethods': size=120000Kb used=1546Kb max_used=1546Kb free=118453Kb
 bounds [0x00000190e0c80000, 0x00000190e0ef0000, 0x00000190e81b0000]
CodeHeap 'non-nmethods': size=5760Kb used=1615Kb max_used=1615Kb free=4144Kb
 bounds [0x00000190e81b0000, 0x00000190e8420000, 0x00000190e8750000]
 total_blobs=1578 nmethods=954 adapters=535
 compilation: enabled
              stopped_count=0, restarted_count=0
 full_count=0

Compilation events (20 events):
Event: 0.791 Thread 0x00000190f5e8ec40  913       3       jdk.internal.org.objectweb.asm.MethodVisitor::<init> (7 bytes)
Event: 0.791 Thread 0x00000190f5e8ec40 nmethod 913 0x00000190e0df0310 code [0x00000190e0df04a0, 0x00000190e0df05e0]
Event: 0.791 Thread 0x00000190f5e8ec40  914       3       jdk.internal.org.objectweb.asm.MethodWriter::visitMaxs (60 bytes)
Event: 0.792 Thread 0x00000190f5e8ec40 nmethod 914 0x00000190e0df0690 code [0x00000190e0df0860, 0x00000190e0df0b28]
Event: 0.792 Thread 0x00000190f5e8ec40  915       3       jdk.internal.org.objectweb.asm.MethodWriter::visitEnd (1 bytes)
Event: 0.792 Thread 0x00000190f5e8ec40 nmethod 915 0x00000190e0df0c10 code [0x00000190e0df0da0, 0x00000190e0df0eb0]
Event: 0.794 Thread 0x00000190f5e8ec40  916       3       java.util.ArrayList::iterator (9 bytes)
Event: 0.795 Thread 0x00000190f5e8ec40 nmethod 916 0x00000190e0df0f10 code [0x00000190e0df10a0, 0x00000190e0df1338]
Event: 0.795 Thread 0x00000190f5e8ec40  917       3       java.util.ArrayList$Itr::<init> (26 bytes)
Event: 0.795 Thread 0x00000190f5e8ec40 nmethod 917 0x00000190e0df1410 code [0x00000190e0df15a0, 0x00000190e0df1780]
Event: 0.796 Thread 0x00000190f5e8ec40  918       3       java.awt.Component::isDisplayable (13 bytes)
Event: 0.796 Thread 0x00000190f5e8ec40 nmethod 918 0x00000190e0df1890 code [0x00000190e0df1a20, 0x00000190e0df1b90]
Event: 0.798 Thread 0x00000190f5e8ec40  919       3       java.util.ArrayList$Itr::checkForComodification (23 bytes)
Event: 0.798 Thread 0x00000190f5e8ec40 nmethod 919 0x00000190e0df1c10 code [0x00000190e0df1da0, 0x00000190e0df1f68]
Event: 0.798 Thread 0x00000190f5e8ec40  920       3       java.lang.Class::reflectionData (43 bytes)
Event: 0.798 Thread 0x00000190f5e8ec40 nmethod 920 0x00000190e0df2090 code [0x00000190e0df2240, 0x00000190e0df2648]
Event: 0.798 Thread 0x00000190f5e8ec40  921       3       java.lang.Class::getInterfaces (49 bytes)
Event: 0.799 Thread 0x00000190f5e8ec40 nmethod 921 0x00000190e0df2790 code [0x00000190e0df2980, 0x00000190e0df2e68]
Event: 0.809 Thread 0x00000190f5e8ec40  922       3       java.lang.invoke.MethodHandle::keepsAlive (20 bytes)
Event: 0.810 Thread 0x00000190f5e8ec40 nmethod 922 0x00000190e0df3010 code [0x00000190e0df3260, 0x00000190e0df3cf0]

GC Heap History (0 events):
No events

Dll operation events (9 events):
Event: 0.011 Loaded shared library C:\Program Files\Java\jdk-20\bin\java.dll
Event: 0.020 Loaded shared library C:\Program Files\Java\jdk-20\bin\jsvml.dll
Event: 0.075 Loaded shared library C:\Program Files\Java\jdk-20\bin\net.dll
Event: 0.078 Loaded shared library C:\Program Files\Java\jdk-20\bin\nio.dll
Event: 0.116 Loaded shared library C:\Program Files\Java\jdk-20\bin\jimage.dll
Event: 0.133 Loaded shared library C:\Program Files\Java\jdk-20\bin\awt.dll
Event: 0.400 Loaded shared library C:\Program Files\Java\jdk-20\bin\zip.dll
Event: 0.699 Loaded shared library C:\Program Files\Java\jdk-20\bin\freetype.dll
Event: 0.701 Loaded shared library C:\Program Files\Java\jdk-20\bin\fontmanager.dll

Deoptimization events (20 events):
Event: 0.471 Thread 0x00000190faa3b600 Uncommon trap: trap_request=0xffffff45 fr.pc=0x00000190e8784664 relative=0x00000000000002e4
Event: 0.471 Thread 0x00000190faa3b600 Uncommon trap: reason=unstable_if action=reinterpret pc=0x00000190e8784664 method=sun.awt.image.PNGImageDecoder.filterRow([B[BIII)V @ 384 c2
Event: 0.471 Thread 0x00000190faa3b600 DEOPT PACKING pc=0x00000190e8784664 sp=0x0000000c275ff1c0
Event: 0.471 Thread 0x00000190faa3b600 DEOPT UNPACKING pc=0x00000190e8219d22 sp=0x0000000c275ff0f8 mode 2
Event: 0.471 Thread 0x00000190faa3b600 Uncommon trap: trap_request=0xffffff45 fr.pc=0x00000190e878368c relative=0x00000000000002ec
Event: 0.471 Thread 0x00000190faa3b600 Uncommon trap: reason=unstable_if action=reinterpret pc=0x00000190e878368c method=sun.awt.image.PNGImageDecoder.filterRow([B[BIII)V @ 384 c2
Event: 0.471 Thread 0x00000190faa3b600 DEOPT PACKING pc=0x00000190e878368c sp=0x0000000c275ff190
Event: 0.471 Thread 0x00000190faa3b600 DEOPT UNPACKING pc=0x00000190e8219d22 sp=0x0000000c275ff0f8 mode 2
Event: 0.551 Thread 0x00000190faa3b600 Uncommon trap: trap_request=0xffffff45 fr.pc=0x00000190e8786844 relative=0x00000000000011e4
Event: 0.551 Thread 0x00000190faa3b600 Uncommon trap: reason=unstable_if action=reinterpret pc=0x00000190e8786844 method=sun.awt.image.PNGImageDecoder.produceImage()V @ 867 c2
Event: 0.551 Thread 0x00000190faa3b600 DEOPT PACKING pc=0x00000190e8786844 sp=0x0000000c275ff400
Event: 0.551 Thread 0x00000190faa3b600 DEOPT UNPACKING pc=0x00000190e8219d22 sp=0x0000000c275ff350 mode 2
Event: 0.656 Thread 0x00000190fa3562f0 Uncommon trap: trap_request=0xffffff45 fr.pc=0x00000190e877a9cc relative=0x00000000000000cc
Event: 0.656 Thread 0x00000190fa3562f0 Uncommon trap: reason=unstable_if action=reinterpret pc=0x00000190e877a9cc method=java.util.concurrent.locks.ReentrantLock$Sync.tryRelease(I)Z @ 26 c2
Event: 0.656 Thread 0x00000190fa3562f0 DEOPT PACKING pc=0x00000190e877a9cc sp=0x0000000c26afd970
Event: 0.656 Thread 0x00000190fa3562f0 DEOPT UNPACKING pc=0x00000190e8219d22 sp=0x0000000c26afd910 mode 2
Event: 0.718 Thread 0x00000190d73f6be0 Uncommon trap: trap_request=0xffffff45 fr.pc=0x00000190e877f554 relative=0x00000000000001d4
Event: 0.718 Thread 0x00000190d73f6be0 Uncommon trap: reason=unstable_if action=reinterpret pc=0x00000190e877f554 method=java.lang.StringUTF16.compress([CI[BII)I @ 20 c2
Event: 0.718 Thread 0x00000190d73f6be0 DEOPT PACKING pc=0x00000190e877f554 sp=0x0000000c256fdb60
Event: 0.718 Thread 0x00000190d73f6be0 DEOPT UNPACKING pc=0x00000190e8219d22 sp=0x0000000c256fdad0 mode 2

Classes loaded (20 events):
Event: 0.804 Loading class javax/swing/RepaintManager$4
Event: 0.804 Loading class javax/swing/RepaintManager$4 done
Event: 0.804 Loading class sun/java2d/d3d/D3DSurfaceData$1Status
Event: 0.804 Loading class sun/java2d/d3d/D3DSurfaceData$1Status done
Event: 0.805 Loading class sun/java2d/d3d/D3DSurfaceData$1
Event: 0.805 Loading class sun/java2d/d3d/D3DSurfaceData$1 done
Event: 0.807 Loading class sun/java2d/pipe/BufferedPaints
Event: 0.808 Loading class sun/java2d/pipe/BufferedPaints done
Event: 0.809 Loading class java/awt/GraphicsCallback$PaintCallback
Event: 0.810 Loading class java/awt/GraphicsCallback
Event: 0.810 Loading class sun/awt/SunGraphicsCallback
Event: 0.810 Loading class sun/awt/SunGraphicsCallback done
Event: 0.810 Loading class java/awt/GraphicsCallback done
Event: 0.810 Loading class java/awt/GraphicsCallback$PaintCallback done
Event: 0.810 Loading class sun/awt/image/BufferedImageGraphicsConfig
Event: 0.811 Loading class sun/awt/image/BufferedImageGraphicsConfig done
Event: 0.811 Loading class sun/print/PrinterGraphicsConfig
Event: 0.811 Loading class sun/print/PrinterGraphicsConfig done
Event: 0.811 Loading class sun/java2d/d3d/D3DVolatileSurfaceManager
Event: 0.811 Loading class sun/java2d/d3d/D3DVolatileSurfaceManager done

Classes unloaded (0 events):
No events

Classes redefined (0 events):
No events

Internal exceptions (15 events):
Event: 0.079 Thread 0x00000190d73f6be0 Exception <a 'sun/nio/fs/WindowsException'{0x0000000092043900}> (0x0000000092043900) 
thrown [s\open\src\hotspot\share\prims\jni.cpp, line 519]
Event: 0.083 Thread 0x00000190d73f6be0 Exception <a 'sun/nio/fs/WindowsException'{0x0000000092045e50}> (0x0000000092045e50) 
thrown [s\open\src\hotspot\share\prims\jni.cpp, line 519]
Event: 0.083 Thread 0x00000190d73f6be0 Exception <a 'sun/nio/fs/WindowsException'{0x0000000092046958}> (0x0000000092046958) 
thrown [s\open\src\hotspot\share\prims\jni.cpp, line 519]
Event: 0.122 Thread 0x00000190d73f6be0 Exception <a 'java/lang/ClassNotFoundException'{0x0000000091f70108}: sun/awt/resources/spi/awtProvider> (0x0000000091f70108) 
thrown [s\open\src\hotspot\share\classfile\systemDictionary.cpp, line 305]
Event: 0.145 Thread 0x00000190d73f6be0 Exception <a 'java/io/FileNotFoundException'{0x0000000091fc6a68}> (0x0000000091fc6a68) 
thrown [s\open\src\hotspot\share\prims\jni.cpp, line 519]
Event: 0.153 Thread 0x00000190d73f6be0 Exception <a 'java/io/FileNotFoundException'{0x0000000091ff0c78}> (0x0000000091ff0c78) 
thrown [s\open\src\hotspot\share\prims\jni.cpp, line 519]
Event: 0.315 Thread 0x00000190d73f6be0 Exception <a 'java/lang/NoSuchMethodError'{0x0000000091d10210}: 'void java.lang.invoke.DirectMethodHandle$Holder.invokeSpecial(java.lang.Object, java.lang.Object, java.lang.Object)'> (0x0000000091d10210) 
thrown [s\open\src\hotspot\share\interpreter\linkResolver.cpp, line 773]
Event: 0.326 Thread 0x00000190d73f6be0 Exception <a 'java/lang/NoSuchMethodError'{0x0000000091d3a920}: 'java.lang.Object java.lang.invoke.DirectMethodHandle$Holder.newInvokeSpecial(java.lang.Object, java.lang.Object, java.lang.Object, java.lang.Object, java.lang.Object)'> (0x0000000091d3a920) 
thrown [s\open\src\hotspot\share\interpreter\linkResolver.cpp, line 773]
Event: 0.333 Thread 0x00000190d73f6be0 Exception <a 'java/lang/NoSuchMethodError'{0x0000000091d6b1c8}: 'java.lang.Object java.lang.invoke.DirectMethodHandle$Holder.invokeStatic(java.lang.Object, int, java.lang.Object)'> (0x0000000091d6b1c8) 
thrown [s\open\src\hotspot\share\interpreter\linkResolver.cpp, line 773]
Event: 0.361 Thread 0x00000190d73f6be0 Exception <a 'java/lang/ClassNotFoundException'{0x0000000091c26fb8}: com/sun/swing/internal/plaf/metal/resources/spi/metalProvider> (0x0000000091c26fb8) 
thrown [s\open\src\hotspot\share\classfile\systemDictionary.cpp, line 305]
Event: 0.362 Thread 0x00000190d73f6be0 Exception <a 'java/lang/ClassNotFoundException'{0x0000000091c2af18}: com/sun/swing/internal/plaf/basic/resources/spi/basicProvider> (0x0000000091c2af18) 
thrown [s\open\src\hotspot\share\classfile\systemDictionary.cpp, line 305]
Event: 0.373 Thread 0x00000190d73f6be0 Exception <a 'java/lang/NoSuchMethodError'{0x0000000091c4a168}: 'int java.lang.invoke.Invokers$Holder.invokeExact_MT(java.lang.Object, java.lang.Object)'> (0x0000000091c4a168) 
thrown [s\open\src\hotspot\share\interpreter\linkResolver.cpp, line 773]
Event: 0.438 Thread 0x00000190faa3b600 Exception <a 'java/lang/NoSuchMethodError'{0x0000000091a1abc8}: 'java.lang.Object java.lang.invoke.DirectMethodHandle$Holder.newInvokeSpecial(java.lang.Object, java.lang.Object, java.lang.Object, int, int, int, int, int)'> (0x0000000091a1abc8) 
thrown [s\open\src\hotspot\share\interpreter\linkResolver.cpp, line 773]
Event: 0.691 Thread 0x00000190d73f6be0 Exception <a 'java/lang/NoSuchMethodError'{0x0000000091742438}: 'void java.lang.invoke.DirectMethodHandle$Holder.invokeStaticInit(java.lang.Object)'> (0x0000000091742438) 
thrown [s\open\src\hotspot\share\interpreter\linkResolver.cpp, line 773]
Event: 0.788 Thread 0x00000190fa3562f0 Exception <a 'java/lang/NoSuchMethodError'{0x0000000091efc428}: 'void java.lang.invoke.DirectMethodHandle$Holder.invokeVirtual(java.lang.Object, java.lang.Object)'> (0x0000000091efc428) 
thrown [s\open\src\hotspot\share\interpreter\linkResolver.cpp, line 773]

VM Operations (14 events):
Event: 0.085 Executing VM operation: HandshakeAllThreads
Event: 0.085 Executing VM operation: HandshakeAllThreads done
Event: 0.161 Executing VM operation: HandshakeAllThreads
Event: 0.161 Executing VM operation: HandshakeAllThreads done
Event: 0.425 Executing VM operation: HandshakeAllThreads
Event: 0.425 Executing VM operation: HandshakeAllThreads done
Event: 0.476 Executing VM operation: HandshakeAllThreads
Event: 0.476 Executing VM operation: HandshakeAllThreads done
Event: 0.603 Executing VM operation: HandshakeAllThreads
Event: 0.604 Executing VM operation: HandshakeAllThreads done
Event: 0.705 Executing VM operation: HandshakeAllThreads
Event: 0.706 Executing VM operation: HandshakeAllThreads done
Event: 0.797 Executing VM operation: HandshakeAllThreads
Event: 0.797 Executing VM operation: HandshakeAllThreads done

Events (19 events):
Event: 0.021 Thread 0x00000190d73f6be0 Thread added: 0x00000190d73f6be0
Event: 0.035 Thread 0x00000190f5e554a0 Thread added: 0x00000190f5e554a0
Event: 0.035 Thread 0x00000190f5e56140 Thread added: 0x00000190f5e56140
Event: 0.036 Thread 0x00000190f5e583b0 Thread added: 0x00000190f5e583b0
Event: 0.036 Thread 0x00000190f5e59050 Thread added: 0x00000190f5e59050
Event: 0.036 Thread 0x00000190f5e5a9a0 Thread added: 0x00000190f5e5a9a0
Event: 0.036 Thread 0x00000190f5e5b410 Thread added: 0x00000190f5e5b410
Event: 0.036 Thread 0x00000190f5e64f00 Thread added: 0x00000190f5e64f00
Event: 0.036 Thread 0x00000190f5e8ec40 Thread added: 0x00000190f5e8ec40
Event: 0.060 Thread 0x00000190f5e1ad50 Thread added: 0x00000190f5e1ad50
Event: 0.101 Thread 0x00000190fa158ac0 Thread added: 0x00000190fa158ac0
Event: 0.198 Thread 0x00000190fa31d0b0 Thread added: 0x00000190fa31d0b0
Event: 0.199 Thread 0x00000190fa352cb0 Thread added: 0x00000190fa352cb0
Event: 0.200 Thread 0x00000190fa3562f0 Thread added: 0x00000190fa3562f0
Event: 0.381 Thread 0x00000190faa3b600 Thread added: 0x00000190faa3b600
Event: 0.656 Thread 0x00000190faf03c50 Thread added: 0x00000190faf03c50
Event: 0.794 Thread 0x00000190d73f6be0 Thread exited: 0x00000190d73f6be0
Event: 0.794 Thread 0x0000019080b52700 Thread added: 0x0000019080b52700
Event: 0.809 Thread 0x0000019080b4f1e0 Thread added: 0x0000019080b4f1e0


Dynamic libraries:
0x00007ff644150000 - 0x00007ff644160000 	C:\Program Files\Java\jdk-20\bin\java.exe
0x00007ffac16f0000 - 0x00007ffac1907000 	C:\WINDOWS\SYSTEM32\ntdll.dll
0x00007ffac0760000 - 0x00007ffac0824000 	C:\WINDOWS\System32\KERNEL32.DLL
0x00007ffabef00000 - 0x00007ffabf2a6000 	C:\WINDOWS\System32\KERNELBASE.dll
0x00007ffabeb90000 - 0x00007ffabeca1000 	C:\WINDOWS\System32\ucrtbase.dll
0x00007ffa834c0000 - 0x00007ffa834db000 	C:\Program Files\Java\jdk-20\bin\VCRUNTIME140.dll
0x00007ffab63b0000 - 0x00007ffab63c9000 	C:\Program Files\Java\jdk-20\bin\jli.dll
0x00007ffac0ba0000 - 0x00007ffac0c50000 	C:\WINDOWS\System32\ADVAPI32.dll
0x00007ffac0a70000 - 0x00007ffac0b17000 	C:\WINDOWS\System32\msvcrt.dll
0x00007ffabfd30000 - 0x00007ffabfdd6000 	C:\WINDOWS\System32\sechost.dll
0x00007ffac1570000 - 0x00007ffac1687000 	C:\WINDOWS\System32\RPCRT4.dll
0x00007ffac13c0000 - 0x00007ffac156e000 	C:\WINDOWS\System32\USER32.dll
0x00007ffabf420000 - 0x00007ffabf446000 	C:\WINDOWS\System32\win32u.dll
0x00007ffaa7a70000 - 0x00007ffaa7d03000 	C:\WINDOWS\WinSxS\amd64_microsoft.windows.common-controls_6595b64144ccf1df_6.0.22621.2361_none_2712ced57382f843\COMCTL32.dll
0x00007ffabfd00000 - 0x00007ffabfd29000 	C:\WINDOWS\System32\GDI32.dll
0x00007ffabea70000 - 0x00007ffabeb88000 	C:\WINDOWS\System32\gdi32full.dll
0x00007ffabee60000 - 0x00007ffabeefa000 	C:\WINDOWS\System32\msvcp_win.dll
0x00007ffab5570000 - 0x00007ffab557a000 	C:\WINDOWS\SYSTEM32\VERSION.dll
0x00007ffac1050000 - 0x00007ffac1081000 	C:\WINDOWS\System32\IMM32.DLL
0x00007ffab9d10000 - 0x00007ffab9d1c000 	C:\Program Files\Java\jdk-20\bin\vcruntime140_1.dll
0x00007ffa7b280000 - 0x00007ffa7b30e000 	C:\Program Files\Java\jdk-20\bin\msvcp140.dll
0x00007ffa09500000 - 0x00007ffa0a197000 	C:\Program Files\Java\jdk-20\bin\server\jvm.dll
0x00007ffaa15a0000 - 0x00007ffaa15a9000 	C:\WINDOWS\SYSTEM32\WSOCK32.dll
0x00007ffab6270000 - 0x00007ffab62a4000 	C:\WINDOWS\SYSTEM32\WINMM.dll
0x00007ffac0b20000 - 0x00007ffac0b91000 	C:\WINDOWS\System32\WS2_32.dll
0x00007ffabdab0000 - 0x00007ffabdac8000 	C:\WINDOWS\SYSTEM32\kernel.appcore.dll
0x00007ffaab6c0000 - 0x00007ffaab6ca000 	C:\Program Files\Java\jdk-20\bin\jimage.dll
0x00007ffaabb90000 - 0x00007ffaabdbe000 	C:\WINDOWS\SYSTEM32\DBGHELP.DLL
0x00007ffac0c50000 - 0x00007ffac0fda000 	C:\WINDOWS\System32\combase.dll
0x00007ffac0680000 - 0x00007ffac0757000 	C:\WINDOWS\System32\OLEAUT32.dll
0x00007ffaa1940000 - 0x00007ffaa1972000 	C:\WINDOWS\SYSTEM32\dbgcore.DLL
0x00007ffabed70000 - 0x00007ffabedea000 	C:\WINDOWS\System32\bcryptPrimitives.dll
0x00007ffa823d0000 - 0x00007ffa823f6000 	C:\Program Files\Java\jdk-20\bin\java.dll
0x00007ffa7e240000 - 0x00007ffa7e317000 	C:\Program Files\Java\jdk-20\bin\jsvml.dll
0x00007ffabf4a0000 - 0x00007ffabfcf8000 	C:\WINDOWS\System32\SHELL32.dll
0x00007ffabc9d0000 - 0x00007ffabd2c2000 	C:\WINDOWS\SYSTEM32\windows.storage.dll
0x00007ffabc890000 - 0x00007ffabc9ce000 	C:\WINDOWS\SYSTEM32\wintypes.dll
0x00007ffac1100000 - 0x00007ffac11f3000 	C:\WINDOWS\System32\SHCORE.dll
0x00007ffac1090000 - 0x00007ffac10ee000 	C:\WINDOWS\System32\shlwapi.dll
0x00007ffabe9a0000 - 0x00007ffabe9c6000 	C:\WINDOWS\SYSTEM32\profapi.dll
0x00007ffa834a0000 - 0x00007ffa834b3000 	C:\Program Files\Java\jdk-20\bin\net.dll
0x00007ffab8480000 - 0x00007ffab85b7000 	C:\WINDOWS\SYSTEM32\WINHTTP.dll
0x00007ffabdf30000 - 0x00007ffabdf99000 	C:\WINDOWS\system32\mswsock.dll
0x00007ffa82150000 - 0x00007ffa82166000 	C:\Program Files\Java\jdk-20\bin\nio.dll
0x00007ffa7b310000 - 0x00007ffa7b4a1000 	C:\Program Files\Java\jdk-20\bin\awt.dll
0x00007ffabbe00000 - 0x00007ffabbe97000 	C:\WINDOWS\SYSTEM32\apphelp.dll
0x00007ffabc220000 - 0x00007ffabc24b000 	C:\WINDOWS\system32\DWMAPI.DLL
0x00007ffabbf90000 - 0x00007ffabc03b000 	C:\WINDOWS\system32\uxtheme.dll
0x00007ffa65ab0000 - 0x00007ffa65bb0000 	C:\WINDOWS\system32\opengl32.dll
0x00007ffa72f30000 - 0x00007ffa72f5d000 	C:\WINDOWS\SYSTEM32\GLU32.dll
0x00007ffabc0b0000 - 0x00007ffabc0e6000 	C:\WINDOWS\SYSTEM32\dxcore.dll
0x00007ffabfde0000 - 0x00007ffabff2c000 	C:\WINDOWS\System32\MSCTF.dll
0x00007ffabff30000 - 0x00007ffac00cf000 	C:\WINDOWS\System32\ole32.dll
0x00007ffa7cba0000 - 0x00007ffa7cd49000 	C:\WINDOWS\system32\d3d9.dll
0x00007ffab4cf0000 - 0x00007ffab4eab000 	C:\WINDOWS\System32\DriverStore\FileRepository\u0387389.inf_amd64_995be970e30b8c79\B385477\aticfx64.dll
0x00007ffaa88c0000 - 0x00007ffaa88f4000 	C:\WINDOWS\System32\DriverStore\FileRepository\u0387389.inf_amd64_995be970e30b8c79\B385477\atiu9p64.dll
0x00007ffa7be40000 - 0x00007ffa7cb95000 	C:\WINDOWS\System32\DriverStore\FileRepository\u0387389.inf_amd64_995be970e30b8c79\B385477\atiumd64.dll
0x000000006f900000 - 0x0000000070827000 	C:\WINDOWS\System32\DriverStore\FileRepository\u0387389.inf_amd64_995be970e30b8c79\B385477\atiumd6a.dll
0x00007ffac01e0000 - 0x00007ffac0654000 	C:\WINDOWS\System32\SETUPAPI.dll
0x00007ffabe6e0000 - 0x00007ffabe72d000 	C:\WINDOWS\SYSTEM32\POWRPROF.dll
0x00007ffabe4f0000 - 0x00007ffabe503000 	C:\WINDOWS\SYSTEM32\UMPDC.dll
0x00007ffab5010000 - 0x00007ffab5045000 	C:\WINDOWS\SYSTEM32\amdihk64.dll
0x00007ffab8c00000 - 0x00007ffab8c4a000 	C:\WINDOWS\SYSTEM32\directxdatabasehelper.dll
0x00007ffa82130000 - 0x00007ffa82148000 	C:\Program Files\Java\jdk-20\bin\zip.dll
0x00007ffa7b1f0000 - 0x00007ffa7b276000 	C:\Program Files\Java\jdk-20\bin\freetype.dll
0x00007ffa7b120000 - 0x00007ffa7b1e6000 	C:\Program Files\Java\jdk-20\bin\fontmanager.dll
0x00007ffac1210000 - 0x00007ffac12c0000 	C:\WINDOWS\System32\clbcatq.dll
0x00007ffaba830000 - 0x00007ffaba9e0000 	C:\WINDOWS\SYSTEM32\WindowsCodecs.dll
0x00007ffa93a10000 - 0x00007ffa93a6e000 	C:\WINDOWS\system32\dataexchange.dll
0x00007ffab5cd0000 - 0x00007ffab5f55000 	C:\WINDOWS\system32\twinapi.appcore.dll
0x00007ffaa4a50000 - 0x00007ffaa4b9a000 	C:\WINDOWS\SYSTEM32\textinputframework.dll

dbghelp: loaded successfully - version: 4.0.5 - missing functions: none
symbol engine: initialized successfully - sym options: 0x614 - pdb path: .;C:\Program Files\Java\jdk-20\bin;C:\WINDOWS\SYSTEM32;C:\WINDOWS\WinSxS\amd64_microsoft.windows.common-controls_6595b64144ccf1df_6.0.22621.2361_none_2712ced57382f843;C:\Program Files\Java\jdk-20\bin\server;C:\WINDOWS\System32\DriverStore\FileRepository\u0387389.inf_amd64_995be970e30b8c79\B385477

VM Arguments:
jvm_args: -Dfile.encoding=UTF-8 --module-path=C:\Users\KRISHNA\Documents\NetBeansProjects\BloodBankManagementt\build\classes 
java_command: BBM.UpdateDetails
java_class_path (initial): C:\Users\KRISHNA\Documents\NetBeansProjects\BloodBankManagementt\build\classes
Launcher Type: SUN_STANDARD

[Global flags]
     intx CICompilerCount                          = 4                                         {product} {ergonomic}
     uint ConcGCThreads                            = 3                                         {product} {ergonomic}
     uint G1ConcRefinementThreads                  = 10                                        {product} {ergonomic}
   size_t G1HeapRegionSize                         = 1048576                                   {product} {ergonomic}
    uintx GCDrainStackTargetSize                   = 64                                        {product} {ergonomic}
   size_t InitialHeapSize                          = 123731968                                 {product} {ergonomic}
   size_t MarkStackSize                            = 4194304                                   {product} {ergonomic}
   size_t MaxHeapSize                              = 1967128576                                {product} {ergonomic}
   size_t MaxNewSize                               = 1179648000                                {product} {ergonomic}
   size_t MinHeapDeltaBytes                        = 1048576                                   {product} {ergonomic}
   size_t MinHeapSize                              = 8388608                                   {product} {ergonomic}
    uintx NonNMethodCodeHeapSize                   = 5839372                                {pd product} {ergonomic}
    uintx NonProfiledCodeHeapSize                  = 122909434                              {pd product} {ergonomic}
    uintx ProfiledCodeHeapSize                     = 122909434                              {pd product} {ergonomic}
    uintx ReservedCodeCacheSize                    = 251658240                              {pd product} {ergonomic}
     bool SegmentedCodeCache                       = true                                      {product} {ergonomic}
   size_t SoftMaxHeapSize                          = 1967128576                             {manageable} {ergonomic}
     bool UseCompressedClassPointers               = true                           {product lp64_product} {ergonomic}
     bool UseCompressedOops                        = true                           {product lp64_product} {ergonomic}
     bool UseG1GC                                  = true                                      {product} {ergonomic}
     bool UseLargePagesIndividualAllocation        = false                                  {pd product} {ergonomic}

Logging:
Log output configuration:
 #0: stdout all=warning uptime,level,tags foldmultilines=false
 #1: stderr all=off uptime,level,tags foldmultilines=false

Environment Variables:
JAVA_HOME=C:\Program Files\Java\jdk-20
PATH=C:\oraclexe\app\oracle\product\11.2.0\server\bin;C:\Program Files\Common Files\Oracle\Java\javapath;C:\Program Files\openjdk-19.0.2_windows-x64_bin.zip\jdk-19.0.2\bin;C:\Program Files\Java\jdk-11.0.17\bin;C:\WINDOWS\system32;C:\WINDOWS;C:\WINDOWS\System32\Wbem;C:\WINDOWS\System32\WindowsPowerShell\v1.0\;C:\WINDOWS\System32\OpenSSH\;C:\Program Files\Java\jdk-19\bin;C:\Program Files\Java\jdk-20\bin;C:\Program Files\Common Files\Oracle\Java\javapath;C:\Program Files\Java\jdk-20\bin;C:\Program Files\Git\cmd;C:\Program Files\Java\jdk-20\bin;C:\Program Files\nodejs\;C:\Program Files\PowerShell\7\;C:\Program Files\MySQL\MySQL Server 8.0\bin;C:\Program Files\MySQL\MySQL Shell 8.0\bin\;C:\Program Files\Java\jdk-20\bin;C:\Program Files\MySQL\MySQL Server 8.0\bin;C:\Users\KRISHNA\AppData\Local\Programs\Microsoft VS Code\bin;C:\Program Files\Java\jdk-20\bin;C:\Users\KRISHNA\AppData\Roaming\npm
USERNAME=KRISHNA
OS=Windows_NT
PROCESSOR_IDENTIFIER=AMD64 Family 23 Model 104 Stepping 1, AuthenticAMD
TMP=C:\Users\KRISHNA\AppData\Local\Temp
TEMP=C:\Users\KRISHNA\AppData\Local\Temp




---------------  S Y S T E M  ---------------

OS:
 Windows 11 , 64 bit Build 22621 (10.0.22621.2361)
OS uptime: 0 days 12:27 hours

CPU: total 12 (initial active 12) (12 cores per cpu, 2 threads per core) family 23 model 104 stepping 1 microcode 0x0, cx8, cmov, fxsr, ht, mmx, 3dnowpref, sse, sse2, sse3, ssse3, sse4a, sse4.1, sse4.2, popcnt, lzcnt, tsc, tscinvbit, avx, avx2, aes, clmul, bmi1, bmi2, adx, sha, fma, vzeroupper, clflush, clflushopt, rdtscp, rdpid, f16c

Memory: 4k page, system-wide physical 7501M (365M free)
TotalPageFile size 30029M (AvailPageFile size 5M)
current process WorkingSet (physical memory assigned to process): 89M, peak: 89M
current process commit charge ("private bytes"): 246M, peak: 246M

vm_info: Java HotSpot(TM) 64-Bit Server VM (20.0.1+9-29) for windows-amd64 JRE (20.0.1+9-29), built on 2023-03-07T13:56:11Z by "mach5one" with MS VC++ 17.1 (VS2022)

END.
