#
# There is insufficient memory for the Java Runtime Environment to continue.
# Native memory allocation (mmap) failed to map 123731968 bytes for G1 virtual space
# Possible reasons:
#   The system is out of physical RAM or swap space
#   The process is running with CompressedOops enabled, and the Java Heap may be blocking the growth of the native heap
# Possible solutions:
#   Reduce memory load on the system
#   Increase physical memory or swap space
#   Check if swap backing store is full
#   Decrease Java heap size (-Xmx/-Xms)
#   Decrease number of Java threads
#   Decrease Java thread stack sizes (-Xss)
#   Set larger code cache with -XX:ReservedCodeCacheSize=
#   JVM is running with Unscaled Compressed Oops mode in which the Java heap is
#     placed in the first 4GB address space. The Java Heap base address is the
#     maximum limit for the native heap growth. Please use -XX:HeapBaseMinAddress
#     to set the Java Heap base and to place the Java Heap above 4GB virtual address.
# This output file may be truncated or incomplete.
#
#  Out of Memory Error (os_windows.cpp:3528), pid=30880, tid=30516
#
# JRE version:  (20.0.1+9) (build )
# Java VM: Java HotSpot(TM) 64-Bit Server VM (20.0.1+9-29, mixed mode, sharing, tiered, compressed oops, compressed class ptrs, g1 gc, windows-amd64)
# No core dump will be written. Minidumps are not enabled by default on client versions of Windows
#

---------------  S U M M A R Y ------------

Command Line: -Dfile.encoding=UTF-8 --module-path=C:\Users\KRISHNA\Documents\NetBeansProjects\BloodBankManagementt\build\classes BBM.Home

Host: AMD Ryzen 5 5500U with Radeon Graphics         , 12 cores, 7G,  Windows 11 , 64 bit Build 22621 (10.0.22621.2361)
Time: Sun Oct 22 10:46:13 2023 India Standard Time elapsed time: 0.026782 seconds (0d 0h 0m 0s)

---------------  T H R E A D  ---------------

Current thread (0x000002471cc47210):  JavaThread "Unknown thread" [_thread_in_vm, id=30516, stack(0x000000a9dae00000,0x000000a9daf00000)]

Stack: [0x000000a9dae00000,0x000000a9daf00000]
Native frames: (J=compiled Java code, j=interpreted, Vv=VM code, C=native code)
V  [jvm.dll+0x6bb95a]
V  [jvm.dll+0x8485fa]
V  [jvm.dll+0x84a1f5]
V  [jvm.dll+0x84a8f3]
V  [jvm.dll+0x280b0f]
V  [jvm.dll+0x6b86e9]
V  [jvm.dll+0x6ad2da]
V  [jvm.dll+0x35adf5]
V  [jvm.dll+0x363016]
V  [jvm.dll+0x3b3b3e]
V  [jvm.dll+0x3b3dc5]
V  [jvm.dll+0x32b50a]
V  [jvm.dll+0x32c32b]
V  [jvm.dll+0x8112bf]
V  [jvm.dll+0x3c0d91]
V  [jvm.dll+0x7fcfe3]
V  [jvm.dll+0x44c76f]
V  [jvm.dll+0x44e0e1]
C  [jli.dll+0x5287]
C  [ucrtbase.dll+0x29363]
C  [KERNEL32.DLL+0x1257d]
C  [ntdll.dll+0x5aa78]


---------------  P R O C E S S  ---------------

Threads class SMR info:
_java_thread_list=0x00007fff1475a098, length=0, elements={
}

Java Threads: ( => current thread )

Other Threads:
  0x000002471cca3720 WorkerThread "GC Thread#0" [stack: 0x000000a9daf00000,0x000000a9db000000] [id=29508]
  0x000002471ccb30b0 ConcurrentGCThread "G1 Main Marker" [stack: 0x000000a9db000000,0x000000a9db100000] [id=30364]
  0x000002471ccb3c80 WorkerThread "G1 Conc#0" [stack: 0x000000a9db100000,0x000000a9db200000] [id=29852]

[error occurred during error reporting (printing all threads), id 0xc0000005, EXCEPTION_ACCESS_VIOLATION (0xc0000005) at pc=0x00007fff13f3eb47]
VM state: not at safepoint (not fully initialized)

VM Mutex/Monitor currently owned by a thread:  ([mutex/lock_event])
[0x000002471cc43e70] Heap_lock - owner thread: 0x000002471cc47210

Heap address: 0x000000008ac00000, size: 1876 MB, Compressed Oops mode: 32-bit

CDS archive(s) mapped at: [0x0000000000000000-0x0000000000000000-0x0000000000000000), size 0, SharedBaseAddress: 0x0000000800000000, ArchiveRelocationMode: 0.
Narrow klass base: 0x0000000000000000, Narrow klass shift: 0, Narrow klass range: 0x0

GC Precious Log:
 CardTable entry size: 512
 Card Set container configuration: InlinePtr #cards 5 size 8 Array Of Cards #cards 12 size 40 Howl #buckets 4 coarsen threshold 1843 Howl Bitmap #cards 512 size 80 coarsen threshold 460 Card regions per heap region 1 cards per card region 2048

Heap:
 garbage-first heap   total 0K, used 0K [0x000000008ac00000, 0x0000000100000000)
  region size 1024K, 0 young (0K), 0 survivors (0K)

[error occurred during error reporting (printing heap information), id 0xc0000005, EXCEPTION_ACCESS_VIOLATION (0xc0000005) at pc=0x00007fff14313c59]
GC Heap History (0 events):
No events

Dll operation events (1 events):
Event: 0.013 Loaded shared library C:\Program Files\Java\jdk-20\bin\java.dll

Deoptimization events (0 events):
No events

Classes loaded (0 events):
No events

Classes unloaded (0 events):
No events

Classes redefined (0 events):
No events

Internal exceptions (0 events):
No events

VM Operations (0 events):
No events

Events (0 events):
No events


Dynamic libraries:
0x00007ff71b180000 - 0x00007ff71b190000 	C:\Program Files\Java\jdk-20\bin\java.exe
0x00007fff6e770000 - 0x00007fff6e987000 	C:\WINDOWS\SYSTEM32\ntdll.dll
0x00007fff6d560000 - 0x00007fff6d624000 	C:\WINDOWS\System32\KERNEL32.DLL
0x00007fff6c000000 - 0x00007fff6c3a6000 	C:\WINDOWS\System32\KERNELBASE.dll
0x00007fff6bb90000 - 0x00007fff6bca1000 	C:\WINDOWS\System32\ucrtbase.dll
0x00007fff54750000 - 0x00007fff5476b000 	C:\Program Files\Java\jdk-20\bin\VCRUNTIME140.dll
0x00007fff65880000 - 0x00007fff65899000 	C:\Program Files\Java\jdk-20\bin\jli.dll
0x00007fff6d630000 - 0x00007fff6d6e0000 	C:\WINDOWS\System32\ADVAPI32.dll
0x00007fff6d000000 - 0x00007fff6d0a7000 	C:\WINDOWS\System32\msvcrt.dll
0x00007fff6e400000 - 0x00007fff6e4a6000 	C:\WINDOWS\System32\sechost.dll
0x00007fff6d2d0000 - 0x00007fff6d3e7000 	C:\WINDOWS\System32\RPCRT4.dll
0x00007fff6d790000 - 0x00007fff6d93e000 	C:\WINDOWS\System32\USER32.dll
0x00007fff6bb60000 - 0x00007fff6bb86000 	C:\WINDOWS\System32\win32u.dll
0x00007fff6cfd0000 - 0x00007fff6cff9000 	C:\WINDOWS\System32\GDI32.dll
0x00007fff54d10000 - 0x00007fff54fa3000 	C:\WINDOWS\WinSxS\amd64_microsoft.windows.common-controls_6595b64144ccf1df_6.0.22621.2361_none_2712ced57382f843\COMCTL32.dll
0x00007fff6c3b0000 - 0x00007fff6c4c8000 	C:\WINDOWS\System32\gdi32full.dll
0x00007fff6bcb0000 - 0x00007fff6bd4a000 	C:\WINDOWS\System32\msvcp_win.dll
0x00007fff62140000 - 0x00007fff6214a000 	C:\WINDOWS\SYSTEM32\VERSION.dll
0x00007fff6d9a0000 - 0x00007fff6d9d1000 	C:\WINDOWS\System32\IMM32.DLL
0x00007fff57630000 - 0x00007fff5763c000 	C:\Program Files\Java\jdk-20\bin\vcruntime140_1.dll
0x00007fff28ef0000 - 0x00007fff28f7e000 	C:\Program Files\Java\jdk-20\bin\msvcp140.dll
0x00007fff13c00000 - 0x00007fff14897000 	C:\Program Files\Java\jdk-20\bin\server\jvm.dll
0x00007fff63810000 - 0x00007fff63844000 	C:\WINDOWS\SYSTEM32\WINMM.dll
0x00007fff4ec50000 - 0x00007fff4ec59000 	C:\WINDOWS\SYSTEM32\WSOCK32.dll
0x00007fff6c640000 - 0x00007fff6c6b1000 	C:\WINDOWS\System32\WS2_32.dll
0x00007fff6ab30000 - 0x00007fff6ab48000 	C:\WINDOWS\SYSTEM32\kernel.appcore.dll
0x00007fff55c50000 - 0x00007fff55c5a000 	C:\Program Files\Java\jdk-20\bin\jimage.dll
0x00007fff58f10000 - 0x00007fff5913e000 	C:\WINDOWS\SYSTEM32\DBGHELP.DLL
0x00007fff6c6c0000 - 0x00007fff6ca4a000 	C:\WINDOWS\System32\combase.dll
0x00007fff6e650000 - 0x00007fff6e727000 	C:\WINDOWS\System32\OLEAUT32.dll
0x00007fff4de50000 - 0x00007fff4de82000 	C:\WINDOWS\SYSTEM32\dbgcore.DLL
0x00007fff6bf80000 - 0x00007fff6bffa000 	C:\WINDOWS\System32\bcryptPrimitives.dll
0x00007fff4c130000 - 0x00007fff4c156000 	C:\Program Files\Java\jdk-20\bin\java.dll

dbghelp: loaded successfully - version: 4.0.5 - missing functions: none
symbol engine: initialized successfully - sym options: 0x614 - pdb path: .;C:\Program Files\Java\jdk-20\bin;C:\WINDOWS\SYSTEM32;C:\WINDOWS\WinSxS\amd64_microsoft.windows.common-controls_6595b64144ccf1df_6.0.22621.2361_none_2712ced57382f843;C:\Program Files\Java\jdk-20\bin\server

VM Arguments:
jvm_args: -Dfile.encoding=UTF-8 --module-path=C:\Users\KRISHNA\Documents\NetBeansProjects\BloodBankManagementt\build\classes 
java_command: BBM.Home
java_class_path (initial): C:\Users\KRISHNA\Documents\NetBeansProjects\BloodBankManagementt\build\classes
Launcher Type: SUN_STANDARD

[Global flags]
     intx CICompilerCount                          = 4                                         {product} {ergonomic}
     uint ConcGCThreads                            = 3                                         {product} {ergonomic}
     uint G1ConcRefinementThreads                  = 10                                        {product} {ergonomic}
   size_t G1HeapRegionSize                         = 1048576                                   {product} {ergonomic}
    uintx GCDrainStackTargetSize                   = 64                                        {product} {ergonomic}
   size_t InitialHeapSize                          = 123731968                                 {product} {ergonomic}
   size_t MarkStackSize                            = 4194304                                   {product} {ergonomic}
   size_t MaxHeapSize                              = 1967128576                                {product} {ergonomic}
   size_t MinHeapDeltaBytes                        = 1048576                                   {product} {ergonomic}
   size_t MinHeapSize                              = 8388608                                   {product} {ergonomic}
    uintx NonNMethodCodeHeapSize                   = 5839372                                {pd product} {ergonomic}
    uintx NonProfiledCodeHeapSize                  = 122909434                              {pd product} {ergonomic}
    uintx ProfiledCodeHeapSize                     = 122909434                              {pd product} {ergonomic}
    uintx ReservedCodeCacheSize                    = 251658240                              {pd product} {ergonomic}
     bool SegmentedCodeCache                       = true                                      {product} {ergonomic}
   size_t SoftMaxHeapSize                          = 1967128576                             {manageable} {ergonomic}
     bool UseCompressedClassPointers               = true                           {product lp64_product} {ergonomic}
     bool UseCompressedOops                        = true                           {product lp64_product} {ergonomic}
     bool UseG1GC                                  = true                                      {product} {ergonomic}
     bool UseLargePagesIndividualAllocation        = false                                  {pd product} {ergonomic}

Logging:
Log output configuration:
 #0: stdout all=warning uptime,level,tags foldmultilines=false
 #1: stderr all=off uptime,level,tags foldmultilines=false

Environment Variables:
JAVA_HOME=C:\Program Files\Java\jdk-20
CLASSPATH=C:\Program Files (x86)\MySQL\Connector J 8.0;C:\Program Files\Java\jdk-20\lib
PATH=C:\oraclexe\app\oracle\product\11.2.0\server\bin;C:\Program Files\Common Files\Oracle\Java\javapath;C:\Program Files\openjdk-19.0.2_windows-x64_bin.zip\jdk-19.0.2\bin;C:\Program Files\Java\jdk-11.0.17\bin;C:\WINDOWS\system32;C:\WINDOWS;C:\WINDOWS\System32\Wbem;C:\WINDOWS\System32\WindowsPowerShell\v1.0\;C:\WINDOWS\System32\OpenSSH\;C:\Program Files\Java\jdk-19\bin;C:\Program Files\Java\jdk-20\bin;C:\Program Files\Common Files\Oracle\Java\javapath;C:\Program Files\MySQL\MySQL Server 8.0\bin;C:\Program Files\Java\jdk-20\bin;C:\Program Files\Git\cmd;C:\Program Files\Java\jdk-20\bin;C:\Program Files\nodejs\;C:\Program Files\PowerShell\7\;C:\Program Files\Java\jdk-20\bin;C:\Program Files\MySQL\MySQL Server 8.0\bin;C:\Users\KRISHNA\AppData\Local\Programs\Microsoft VS Code\bin;C:\Program Files\Java\jdk-20\bin;C:\Users\KRISHNA\AppData\Roaming\npm
USERNAME=KRISHNA
OS=Windows_NT
PROCESSOR_IDENTIFIER=AMD64 Family 23 Model 104 Stepping 1, AuthenticAMD
TMP=C:\Users\KRISHNA\AppData\Local\Temp
TEMP=C:\Users\KRISHNA\AppData\Local\Temp




---------------  S Y S T E M  ---------------

OS:
 Windows 11 , 64 bit Build 22621 (10.0.22621.2361)
OS uptime: 0 days 14:31 hours

CPU: total 12 (initial active 12) (12 cores per cpu, 2 threads per core) family 23 model 104 stepping 1 microcode 0x0, cx8, cmov, fxsr, ht, mmx, 3dnowpref, sse, sse2, sse3, ssse3, sse4a, sse4.1, sse4.2, popcnt, lzcnt, tsc, tscinvbit, avx, avx2, aes, clmul, bmi1, bmi2, adx, sha, fma, vzeroupper, clflush, clflushopt, rdtscp, rdpid, f16c

Memory: 4k page, system-wide physical 7501M (453M free)
TotalPageFile size 30029M (AvailPageFile size 107M)
current process WorkingSet (physical memory assigned to process): 11M, peak: 11M
current process commit charge ("private bytes"): 64M, peak: 182M

vm_info: Java HotSpot(TM) 64-Bit Server VM (20.0.1+9-29) for windows-amd64 JRE (20.0.1+9-29), built on 2023-03-07T13:56:11Z by "mach5one" with MS VC++ 17.1 (VS2022)

END.
