#
# There is insufficient memory for the Java Runtime Environment to continue.
# Native memory allocation (malloc) failed to allocate 217776 bytes for Chunk::new
# Possible reasons:
#   The system is out of physical RAM or swap space
#   The process is running with CompressedOops enabled, and the Java Heap may be blocking the growth of the native heap
# Possible solutions:
#   Reduce memory load on the system
#   Increase physical memory or swap space
#   Check if swap backing store is full
#   Decrease Java heap size (-Xmx/-Xms)
#   Decrease number of Java threads
#   Decrease Java thread stack sizes (-Xss)
#   Set larger code cache with -XX:ReservedCodeCacheSize=
#   JVM is running with Unscaled Compressed Oops mode in which the Java heap is
#     placed in the first 4GB address space. The Java Heap base address is the
#     maximum limit for the native heap growth. Please use -XX:HeapBaseMinAddress
#     to set the Java Heap base and to place the Java Heap above 4GB virtual address.
# This output file may be truncated or incomplete.
#
#  Out of Memory Error (arena.cpp:184), pid=11552, tid=36836
#
# JRE version: Java(TM) SE Runtime Environment (20.0.1+9) (build 20.0.1+9-29)
# Java VM: Java HotSpot(TM) 64-Bit Server VM (20.0.1+9-29, mixed mode, sharing, tiered, compressed oops, compressed class ptrs, g1 gc, windows-amd64)
# No core dump will be written. Minidumps are not enabled by default on client versions of Windows
#

---------------  S U M M A R Y ------------

Command Line: -Dfile.encoding=UTF-8 --module-path=C:\Users\KRISHNA\Documents\NetBeansProjects\BloodBankManagementt\build\classes BBM.DeleteDonor

Host: AMD Ryzen 5 5500U with Radeon Graphics         , 12 cores, 7G,  Windows 11 , 64 bit Build 22621 (10.0.22621.2361)
Time: Fri Oct 27 21:08:30 2023 India Standard Time elapsed time: 0.756384 seconds (0d 0h 0m 0s)

---------------  T H R E A D  ---------------

Current thread (0x0000019ad6eddec0):  JavaThread "C2 CompilerThread0" daemon [_thread_in_native, id=36836, stack(0x00000004fc500000,0x00000004fc600000)]


Current CompileTask:
C2:    756  716 % !   4       sun.awt.image.PNGImageDecoder::produceImage @ 960 (1917 bytes)

Stack: [0x00000004fc500000,0x00000004fc600000]
Native frames: (J=compiled Java code, j=interpreted, Vv=VM code, C=native code)
V  [jvm.dll+0x6bb95a]
V  [jvm.dll+0x8485fa]
V  [jvm.dll+0x84a1f5]
V  [jvm.dll+0x84a8f3]
V  [jvm.dll+0x280b0f]
V  [jvm.dll+0xc2b11]
V  [jvm.dll+0xc2e35]
V  [jvm.dll+0x3bb142]
V  [jvm.dll+0x3857f5]
V  [jvm.dll+0x384c6a]
V  [jvm.dll+0x24b259]
V  [jvm.dll+0x24a651]
V  [jvm.dll+0x1ce491]
V  [jvm.dll+0x259e1b]
V  [jvm.dll+0x2584f0]
V  [jvm.dll+0x3f2895]
V  [jvm.dll+0x7f4b56]
V  [jvm.dll+0x6ba5cb]
C  [ucrtbase.dll+0x29363]
C  [KERNEL32.DLL+0x1257d]
C  [ntdll.dll+0x5aa78]


---------------  P R O C E S S  ---------------

Threads class SMR info:
_java_thread_list=0x0000019adba4ee20, length=15, elements={
0x0000019aba417890, 0x0000019ad6ed72b0, 0x0000019ad6ed7f50, 0x0000019ad6ed8d20,
0x0000019ad6eda8d0, 0x0000019ad6edc480, 0x0000019ad6edd250, 0x0000019ad6eddec0,
0x0000019ad6ede970, 0x0000019adb1787f0, 0x0000019adb28b170, 0x0000019adb30c9f0,
0x0000019adb2f6840, 0x0000019adb466bd0, 0x0000019adba1a2f0
}

Java Threads: ( => current thread )
  0x0000019aba417890 JavaThread "main" [_thread_blocked, id=12468, stack(0x00000004fb800000,0x00000004fb900000)]
  0x0000019ad6ed72b0 JavaThread "Reference Handler" daemon [_thread_blocked, id=25360, stack(0x00000004fbf00000,0x00000004fc000000)]
  0x0000019ad6ed7f50 JavaThread "Finalizer" daemon [_thread_blocked, id=2376, stack(0x00000004fc000000,0x00000004fc100000)]
  0x0000019ad6ed8d20 JavaThread "Signal Dispatcher" daemon [_thread_blocked, id=34996, stack(0x00000004fc100000,0x00000004fc200000)]
  0x0000019ad6eda8d0 JavaThread "Attach Listener" daemon [_thread_blocked, id=24960, stack(0x00000004fc200000,0x00000004fc300000)]
  0x0000019ad6edc480 JavaThread "Service Thread" daemon [_thread_blocked, id=23624, stack(0x00000004fc300000,0x00000004fc400000)]
  0x0000019ad6edd250 JavaThread "Monitor Deflation Thread" daemon [_thread_blocked, id=36840, stack(0x00000004fc400000,0x00000004fc500000)]
=>0x0000019ad6eddec0 JavaThread "C2 CompilerThread0" daemon [_thread_in_native, id=36836, stack(0x00000004fc500000,0x00000004fc600000)]
  0x0000019ad6ede970 JavaThread "C1 CompilerThread0" daemon [_thread_blocked, id=30424, stack(0x00000004fc600000,0x00000004fc700000)]
  0x0000019adb1787f0 JavaThread "Common-Cleaner" daemon [_thread_blocked, id=36844, stack(0x00000004fc700000,0x00000004fc800000)]
  0x0000019adb28b170 JavaThread "Notification Thread" daemon [_thread_blocked, id=35764, stack(0x00000004fc800000,0x00000004fc900000)]
  0x0000019adb30c9f0 JavaThread "Java2D Disposer" daemon [_thread_blocked, id=36852, stack(0x00000004fca00000,0x00000004fcb00000)]
  0x0000019adb2f6840 JavaThread "AWT-Shutdown" [_thread_blocked, id=36804, stack(0x00000004fcb00000,0x00000004fcc00000)]
  0x0000019adb466bd0 JavaThread "AWT-Windows" daemon [_thread_in_native, id=36832, stack(0x00000004fcc00000,0x00000004fcd00000)]
  0x0000019adba1a2f0 JavaThread "Image Fetcher 0" daemon [_thread_in_Java, id=35656, stack(0x00000004fcf00000,0x00000004fd000000)]

Other Threads:
  0x0000019ad6eb78d0 VMThread "VM Thread" [stack: 0x00000004fbe00000,0x00000004fbf00000] [id=20560]
  0x0000019adb28b6c0 WatcherThread "VM Periodic Task Thread" [stack: 0x00000004fc900000,0x00000004fca00000] [id=31172]
  0x0000019aba473d30 WorkerThread "GC Thread#0" [stack: 0x00000004fb900000,0x00000004fba00000] [id=36212]
  0x0000019aba4836c0 ConcurrentGCThread "G1 Main Marker" [stack: 0x00000004fba00000,0x00000004fbb00000] [id=21180]
  0x0000019aba484290 WorkerThread "G1 Conc#0" [stack: 0x00000004fbb00000,0x00000004fbc00000] [id=36168]
  0x0000019ad6d740e0 ConcurrentGCThread "G1 Refine#0" [stack: 0x00000004fbc00000,0x00000004fbd00000] [id=36120]
  0x0000019ad6d76a90 ConcurrentGCThread "G1 Service" [stack: 0x00000004fbd00000,0x00000004fbe00000] [id=18188]

Threads with active compile tasks:
C2 CompilerThread0      807  716 % !   4       sun.awt.image.PNGImageDecoder::produceImage @ 960 (1917 bytes)
C1 CompilerThread0      807  767       3       sun.awt.image.ImageDecoder::setPixels (58 bytes)

VM state: not at safepoint (normal execution)

VM Mutex/Monitor currently owned by a thread: None

Heap address: 0x000000008ac00000, size: 1876 MB, Compressed Oops mode: 32-bit

CDS archive(s) mapped at: [0x0000000800000000-0x0000000800c60000-0x0000000800c60000), size 12976128, SharedBaseAddress: 0x0000000800000000, ArchiveRelocationMode: 0.
Compressed class space mapped at: 0x0000000801000000-0x0000000841000000, reserved size: 1073741824
Narrow klass base: 0x0000000800000000, Narrow klass shift: 0, Narrow klass range: 0x100000000

GC Precious Log:
 CardTable entry size: 512
 Card Set container configuration: InlinePtr #cards 5 size 8 Array Of Cards #cards 12 size 40 Howl #buckets 4 coarsen threshold 1843 Howl Bitmap #cards 512 size 80 coarsen threshold 460 Card regions per heap region 1 cards per card region 2048
 CPUs: 12 total, 12 available
 Memory: 7501M
 Large Page Support: Disabled
 NUMA Support: Disabled
 Compressed Oops: Enabled (32-bit)
 Heap Region Size: 1M
 Heap Min Capacity: 8M
 Heap Initial Capacity: 118M
 Heap Max Capacity: 1876M
 Pre-touch: Disabled
 Parallel Workers: 10
 Concurrent Workers: 3
 Concurrent Refinement Workers: 10
 Periodic GC: Disabled

Heap:
 garbage-first heap   total 120832K, used 13312K [0x000000008ac00000, 0x0000000100000000)
  region size 1024K, 10 young (10240K), 0 survivors (0K)
 Metaspace       used 4947K, committed 5184K, reserved 1114112K
  class space    used 513K, committed 640K, reserved 1048576K

Heap Regions: E=young(eden), S=young(survivor), O=old, HS=humongous(starts), HC=humongous(continues), CS=collection set, F=free, OA=open archive, CA=closed archive, TAMS=top-at-mark-start, PB=parsable bottom
|   0|0x000000008ac00000, 0x000000008ad00000, 0x000000008ad00000|100%|HS|  |TAMS 0x000000008ac00000| PB 0x000000008ac00000| Complete 
|   1|0x000000008ad00000, 0x000000008ae00000, 0x000000008ae00000|100%|HC|  |TAMS 0x000000008ad00000| PB 0x000000008ad00000| Complete 
|   2|0x000000008ae00000, 0x000000008af00000, 0x000000008af00000|100%|HS|  |TAMS 0x000000008ae00000| PB 0x000000008ae00000| Complete 
|   3|0x000000008af00000, 0x000000008b000000, 0x000000008b000000|100%|HC|  |TAMS 0x000000008af00000| PB 0x000000008af00000| Complete 
|   4|0x000000008b000000, 0x000000008b000000, 0x000000008b100000|  0%| F|  |TAMS 0x000000008b000000| PB 0x000000008b000000| Untracked 
|   5|0x000000008b100000, 0x000000008b100000, 0x000000008b200000|  0%| F|  |TAMS 0x000000008b100000| PB 0x000000008b100000| Untracked 
|   6|0x000000008b200000, 0x000000008b200000, 0x000000008b300000|  0%| F|  |TAMS 0x000000008b200000| PB 0x000000008b200000| Untracked 
|   7|0x000000008b300000, 0x000000008b300000, 0x000000008b400000|  0%| F|  |TAMS 0x000000008b300000| PB 0x000000008b300000| Untracked 
|   8|0x000000008b400000, 0x000000008b400000, 0x000000008b500000|  0%| F|  |TAMS 0x000000008b400000| PB 0x000000008b400000| Untracked 
|   9|0x000000008b500000, 0x000000008b500000, 0x000000008b600000|  0%| F|  |TAMS 0x000000008b500000| PB 0x000000008b500000| Untracked 
|  10|0x000000008b600000, 0x000000008b600000, 0x000000008b700000|  0%| F|  |TAMS 0x000000008b600000| PB 0x000000008b600000| Untracked 
|  11|0x000000008b700000, 0x000000008b700000, 0x000000008b800000|  0%| F|  |TAMS 0x000000008b700000| PB 0x000000008b700000| Untracked 
|  12|0x000000008b800000, 0x000000008b800000, 0x000000008b900000|  0%| F|  |TAMS 0x000000008b800000| PB 0x000000008b800000| Untracked 
|  13|0x000000008b900000, 0x000000008b900000, 0x000000008ba00000|  0%| F|  |TAMS 0x000000008b900000| PB 0x000000008b900000| Untracked 
|  14|0x000000008ba00000, 0x000000008ba00000, 0x000000008bb00000|  0%| F|  |TAMS 0x000000008ba00000| PB 0x000000008ba00000| Untracked 
|  15|0x000000008bb00000, 0x000000008bb00000, 0x000000008bc00000|  0%| F|  |TAMS 0x000000008bb00000| PB 0x000000008bb00000| Untracked 
|  16|0x000000008bc00000, 0x000000008bc00000, 0x000000008bd00000|  0%| F|  |TAMS 0x000000008bc00000| PB 0x000000008bc00000| Untracked 
|  17|0x000000008bd00000, 0x000000008bd00000, 0x000000008be00000|  0%| F|  |TAMS 0x000000008bd00000| PB 0x000000008bd00000| Untracked 
|  18|0x000000008be00000, 0x000000008be00000, 0x000000008bf00000|  0%| F|  |TAMS 0x000000008be00000| PB 0x000000008be00000| Untracked 
|  19|0x000000008bf00000, 0x000000008bf00000, 0x000000008c000000|  0%| F|  |TAMS 0x000000008bf00000| PB 0x000000008bf00000| Untracked 
|  20|0x000000008c000000, 0x000000008c000000, 0x000000008c100000|  0%| F|  |TAMS 0x000000008c000000| PB 0x000000008c000000| Untracked 
|  21|0x000000008c100000, 0x000000008c100000, 0x000000008c200000|  0%| F|  |TAMS 0x000000008c100000| PB 0x000000008c100000| Untracked 
|  22|0x000000008c200000, 0x000000008c200000, 0x000000008c300000|  0%| F|  |TAMS 0x000000008c200000| PB 0x000000008c200000| Untracked 
|  23|0x000000008c300000, 0x000000008c300000, 0x000000008c400000|  0%| F|  |TAMS 0x000000008c300000| PB 0x000000008c300000| Untracked 
|  24|0x000000008c400000, 0x000000008c400000, 0x000000008c500000|  0%| F|  |TAMS 0x000000008c400000| PB 0x000000008c400000| Untracked 
|  25|0x000000008c500000, 0x000000008c500000, 0x000000008c600000|  0%| F|  |TAMS 0x000000008c500000| PB 0x000000008c500000| Untracked 
|  26|0x000000008c600000, 0x000000008c600000, 0x000000008c700000|  0%| F|  |TAMS 0x000000008c600000| PB 0x000000008c600000| Untracked 
|  27|0x000000008c700000, 0x000000008c700000, 0x000000008c800000|  0%| F|  |TAMS 0x000000008c700000| PB 0x000000008c700000| Untracked 
|  28|0x000000008c800000, 0x000000008c800000, 0x000000008c900000|  0%| F|  |TAMS 0x000000008c800000| PB 0x000000008c800000| Untracked 
|  29|0x000000008c900000, 0x000000008c900000, 0x000000008ca00000|  0%| F|  |TAMS 0x000000008c900000| PB 0x000000008c900000| Untracked 
|  30|0x000000008ca00000, 0x000000008ca00000, 0x000000008cb00000|  0%| F|  |TAMS 0x000000008ca00000| PB 0x000000008ca00000| Untracked 
|  31|0x000000008cb00000, 0x000000008cb00000, 0x000000008cc00000|  0%| F|  |TAMS 0x000000008cb00000| PB 0x000000008cb00000| Untracked 
|  32|0x000000008cc00000, 0x000000008cc00000, 0x000000008cd00000|  0%| F|  |TAMS 0x000000008cc00000| PB 0x000000008cc00000| Untracked 
|  33|0x000000008cd00000, 0x000000008cd00000, 0x000000008ce00000|  0%| F|  |TAMS 0x000000008cd00000| PB 0x000000008cd00000| Untracked 
|  34|0x000000008ce00000, 0x000000008ce00000, 0x000000008cf00000|  0%| F|  |TAMS 0x000000008ce00000| PB 0x000000008ce00000| Untracked 
|  35|0x000000008cf00000, 0x000000008cf00000, 0x000000008d000000|  0%| F|  |TAMS 0x000000008cf00000| PB 0x000000008cf00000| Untracked 
|  36|0x000000008d000000, 0x000000008d000000, 0x000000008d100000|  0%| F|  |TAMS 0x000000008d000000| PB 0x000000008d000000| Untracked 
|  37|0x000000008d100000, 0x000000008d100000, 0x000000008d200000|  0%| F|  |TAMS 0x000000008d100000| PB 0x000000008d100000| Untracked 
|  38|0x000000008d200000, 0x000000008d200000, 0x000000008d300000|  0%| F|  |TAMS 0x000000008d200000| PB 0x000000008d200000| Untracked 
|  39|0x000000008d300000, 0x000000008d300000, 0x000000008d400000|  0%| F|  |TAMS 0x000000008d300000| PB 0x000000008d300000| Untracked 
|  40|0x000000008d400000, 0x000000008d400000, 0x000000008d500000|  0%| F|  |TAMS 0x000000008d400000| PB 0x000000008d400000| Untracked 
|  41|0x000000008d500000, 0x000000008d500000, 0x000000008d600000|  0%| F|  |TAMS 0x000000008d500000| PB 0x000000008d500000| Untracked 
|  42|0x000000008d600000, 0x000000008d600000, 0x000000008d700000|  0%| F|  |TAMS 0x000000008d600000| PB 0x000000008d600000| Untracked 
|  43|0x000000008d700000, 0x000000008d700000, 0x000000008d800000|  0%| F|  |TAMS 0x000000008d700000| PB 0x000000008d700000| Untracked 
|  44|0x000000008d800000, 0x000000008d800000, 0x000000008d900000|  0%| F|  |TAMS 0x000000008d800000| PB 0x000000008d800000| Untracked 
|  45|0x000000008d900000, 0x000000008d900000, 0x000000008da00000|  0%| F|  |TAMS 0x000000008d900000| PB 0x000000008d900000| Untracked 
|  46|0x000000008da00000, 0x000000008da00000, 0x000000008db00000|  0%| F|  |TAMS 0x000000008da00000| PB 0x000000008da00000| Untracked 
|  47|0x000000008db00000, 0x000000008db00000, 0x000000008dc00000|  0%| F|  |TAMS 0x000000008db00000| PB 0x000000008db00000| Untracked 
|  48|0x000000008dc00000, 0x000000008dc00000, 0x000000008dd00000|  0%| F|  |TAMS 0x000000008dc00000| PB 0x000000008dc00000| Untracked 
|  49|0x000000008dd00000, 0x000000008dd00000, 0x000000008de00000|  0%| F|  |TAMS 0x000000008dd00000| PB 0x000000008dd00000| Untracked 
|  50|0x000000008de00000, 0x000000008de00000, 0x000000008df00000|  0%| F|  |TAMS 0x000000008de00000| PB 0x000000008de00000| Untracked 
|  51|0x000000008df00000, 0x000000008df00000, 0x000000008e000000|  0%| F|  |TAMS 0x000000008df00000| PB 0x000000008df00000| Untracked 
|  52|0x000000008e000000, 0x000000008e000000, 0x000000008e100000|  0%| F|  |TAMS 0x000000008e000000| PB 0x000000008e000000| Untracked 
|  53|0x000000008e100000, 0x000000008e100000, 0x000000008e200000|  0%| F|  |TAMS 0x000000008e100000| PB 0x000000008e100000| Untracked 
|  54|0x000000008e200000, 0x000000008e200000, 0x000000008e300000|  0%| F|  |TAMS 0x000000008e200000| PB 0x000000008e200000| Untracked 
|  55|0x000000008e300000, 0x000000008e300000, 0x000000008e400000|  0%| F|  |TAMS 0x000000008e300000| PB 0x000000008e300000| Untracked 
|  56|0x000000008e400000, 0x000000008e400000, 0x000000008e500000|  0%| F|  |TAMS 0x000000008e400000| PB 0x000000008e400000| Untracked 
|  57|0x000000008e500000, 0x000000008e500000, 0x000000008e600000|  0%| F|  |TAMS 0x000000008e500000| PB 0x000000008e500000| Untracked 
|  58|0x000000008e600000, 0x000000008e600000, 0x000000008e700000|  0%| F|  |TAMS 0x000000008e600000| PB 0x000000008e600000| Untracked 
|  59|0x000000008e700000, 0x000000008e700000, 0x000000008e800000|  0%| F|  |TAMS 0x000000008e700000| PB 0x000000008e700000| Untracked 
|  60|0x000000008e800000, 0x000000008e800000, 0x000000008e900000|  0%| F|  |TAMS 0x000000008e800000| PB 0x000000008e800000| Untracked 
|  61|0x000000008e900000, 0x000000008e900000, 0x000000008ea00000|  0%| F|  |TAMS 0x000000008e900000| PB 0x000000008e900000| Untracked 
|  62|0x000000008ea00000, 0x000000008ea00000, 0x000000008eb00000|  0%| F|  |TAMS 0x000000008ea00000| PB 0x000000008ea00000| Untracked 
|  63|0x000000008eb00000, 0x000000008eb00000, 0x000000008ec00000|  0%| F|  |TAMS 0x000000008eb00000| PB 0x000000008eb00000| Untracked 
|  64|0x000000008ec00000, 0x000000008ec00000, 0x000000008ed00000|  0%| F|  |TAMS 0x000000008ec00000| PB 0x000000008ec00000| Untracked 
|  65|0x000000008ed00000, 0x000000008ed00000, 0x000000008ee00000|  0%| F|  |TAMS 0x000000008ed00000| PB 0x000000008ed00000| Untracked 
|  66|0x000000008ee00000, 0x000000008ee00000, 0x000000008ef00000|  0%| F|  |TAMS 0x000000008ee00000| PB 0x000000008ee00000| Untracked 
|  67|0x000000008ef00000, 0x000000008ef00000, 0x000000008f000000|  0%| F|  |TAMS 0x000000008ef00000| PB 0x000000008ef00000| Untracked 
|  68|0x000000008f000000, 0x000000008f000000, 0x000000008f100000|  0%| F|  |TAMS 0x000000008f000000| PB 0x000000008f000000| Untracked 
|  69|0x000000008f100000, 0x000000008f100000, 0x000000008f200000|  0%| F|  |TAMS 0x000000008f100000| PB 0x000000008f100000| Untracked 
|  70|0x000000008f200000, 0x000000008f200000, 0x000000008f300000|  0%| F|  |TAMS 0x000000008f200000| PB 0x000000008f200000| Untracked 
|  71|0x000000008f300000, 0x000000008f300000, 0x000000008f400000|  0%| F|  |TAMS 0x000000008f300000| PB 0x000000008f300000| Untracked 
|  72|0x000000008f400000, 0x000000008f400000, 0x000000008f500000|  0%| F|  |TAMS 0x000000008f400000| PB 0x000000008f400000| Untracked 
|  73|0x000000008f500000, 0x000000008f500000, 0x000000008f600000|  0%| F|  |TAMS 0x000000008f500000| PB 0x000000008f500000| Untracked 
|  74|0x000000008f600000, 0x000000008f600000, 0x000000008f700000|  0%| F|  |TAMS 0x000000008f600000| PB 0x000000008f600000| Untracked 
|  75|0x000000008f700000, 0x000000008f700000, 0x000000008f800000|  0%| F|  |TAMS 0x000000008f700000| PB 0x000000008f700000| Untracked 
|  76|0x000000008f800000, 0x000000008f800000, 0x000000008f900000|  0%| F|  |TAMS 0x000000008f800000| PB 0x000000008f800000| Untracked 
|  77|0x000000008f900000, 0x000000008f900000, 0x000000008fa00000|  0%| F|  |TAMS 0x000000008f900000| PB 0x000000008f900000| Untracked 
|  78|0x000000008fa00000, 0x000000008fa00000, 0x000000008fb00000|  0%| F|  |TAMS 0x000000008fa00000| PB 0x000000008fa00000| Untracked 
|  79|0x000000008fb00000, 0x000000008fb00000, 0x000000008fc00000|  0%| F|  |TAMS 0x000000008fb00000| PB 0x000000008fb00000| Untracked 
|  80|0x000000008fc00000, 0x000000008fc00000, 0x000000008fd00000|  0%| F|  |TAMS 0x000000008fc00000| PB 0x000000008fc00000| Untracked 
|  81|0x000000008fd00000, 0x000000008fd00000, 0x000000008fe00000|  0%| F|  |TAMS 0x000000008fd00000| PB 0x000000008fd00000| Untracked 
|  82|0x000000008fe00000, 0x000000008fe00000, 0x000000008ff00000|  0%| F|  |TAMS 0x000000008fe00000| PB 0x000000008fe00000| Untracked 
|  83|0x000000008ff00000, 0x000000008ff00000, 0x0000000090000000|  0%| F|  |TAMS 0x000000008ff00000| PB 0x000000008ff00000| Untracked 
|  84|0x0000000090000000, 0x0000000090000000, 0x0000000090100000|  0%| F|  |TAMS 0x0000000090000000| PB 0x0000000090000000| Untracked 
|  85|0x0000000090100000, 0x0000000090100000, 0x0000000090200000|  0%| F|  |TAMS 0x0000000090100000| PB 0x0000000090100000| Untracked 
|  86|0x0000000090200000, 0x0000000090200000, 0x0000000090300000|  0%| F|  |TAMS 0x0000000090200000| PB 0x0000000090200000| Untracked 
|  87|0x0000000090300000, 0x0000000090300000, 0x0000000090400000|  0%| F|  |TAMS 0x0000000090300000| PB 0x0000000090300000| Untracked 
|  88|0x0000000090400000, 0x0000000090400000, 0x0000000090500000|  0%| F|  |TAMS 0x0000000090400000| PB 0x0000000090400000| Untracked 
|  89|0x0000000090500000, 0x0000000090500000, 0x0000000090600000|  0%| F|  |TAMS 0x0000000090500000| PB 0x0000000090500000| Untracked 
|  90|0x0000000090600000, 0x0000000090600000, 0x0000000090700000|  0%| F|  |TAMS 0x0000000090600000| PB 0x0000000090600000| Untracked 
|  91|0x0000000090700000, 0x0000000090700000, 0x0000000090800000|  0%| F|  |TAMS 0x0000000090700000| PB 0x0000000090700000| Untracked 
|  92|0x0000000090800000, 0x0000000090800000, 0x0000000090900000|  0%| F|  |TAMS 0x0000000090800000| PB 0x0000000090800000| Untracked 
|  93|0x0000000090900000, 0x0000000090900000, 0x0000000090a00000|  0%| F|  |TAMS 0x0000000090900000| PB 0x0000000090900000| Untracked 
|  94|0x0000000090a00000, 0x0000000090a00000, 0x0000000090b00000|  0%| F|  |TAMS 0x0000000090a00000| PB 0x0000000090a00000| Untracked 
|  95|0x0000000090b00000, 0x0000000090b00000, 0x0000000090c00000|  0%| F|  |TAMS 0x0000000090b00000| PB 0x0000000090b00000| Untracked 
|  96|0x0000000090c00000, 0x0000000090c00000, 0x0000000090d00000|  0%| F|  |TAMS 0x0000000090c00000| PB 0x0000000090c00000| Untracked 
|  97|0x0000000090d00000, 0x0000000090d00000, 0x0000000090e00000|  0%| F|  |TAMS 0x0000000090d00000| PB 0x0000000090d00000| Untracked 
|  98|0x0000000090e00000, 0x0000000090e00000, 0x0000000090f00000|  0%| F|  |TAMS 0x0000000090e00000| PB 0x0000000090e00000| Untracked 
|  99|0x0000000090f00000, 0x0000000090f00000, 0x0000000091000000|  0%| F|  |TAMS 0x0000000090f00000| PB 0x0000000090f00000| Untracked 
| 100|0x0000000091000000, 0x0000000091000000, 0x0000000091100000|  0%| F|  |TAMS 0x0000000091000000| PB 0x0000000091000000| Untracked 
| 101|0x0000000091100000, 0x0000000091100000, 0x0000000091200000|  0%| F|  |TAMS 0x0000000091100000| PB 0x0000000091100000| Untracked 
| 102|0x0000000091200000, 0x0000000091200000, 0x0000000091300000|  0%| F|  |TAMS 0x0000000091200000| PB 0x0000000091200000| Untracked 
| 103|0x0000000091300000, 0x0000000091300000, 0x0000000091400000|  0%| F|  |TAMS 0x0000000091300000| PB 0x0000000091300000| Untracked 
| 104|0x0000000091400000, 0x0000000091400000, 0x0000000091500000|  0%| F|  |TAMS 0x0000000091400000| PB 0x0000000091400000| Untracked 
| 105|0x0000000091500000, 0x0000000091500000, 0x0000000091600000|  0%| F|  |TAMS 0x0000000091500000| PB 0x0000000091500000| Untracked 
| 106|0x0000000091600000, 0x0000000091600000, 0x0000000091700000|  0%| F|  |TAMS 0x0000000091600000| PB 0x0000000091600000| Untracked 
| 107|0x0000000091700000, 0x0000000091700000, 0x0000000091800000|  0%| F|  |TAMS 0x0000000091700000| PB 0x0000000091700000| Untracked 
| 108|0x0000000091800000, 0x0000000091876c50, 0x0000000091900000| 46%| E|  |TAMS 0x0000000091800000| PB 0x0000000091800000| Complete 
| 109|0x0000000091900000, 0x0000000091a00000, 0x0000000091a00000|100%| E|CS|TAMS 0x0000000091900000| PB 0x0000000091900000| Complete 
| 110|0x0000000091a00000, 0x0000000091b00000, 0x0000000091b00000|100%| E|CS|TAMS 0x0000000091a00000| PB 0x0000000091a00000| Complete 
| 111|0x0000000091b00000, 0x0000000091c00000, 0x0000000091c00000|100%| E|CS|TAMS 0x0000000091b00000| PB 0x0000000091b00000| Complete 
| 112|0x0000000091c00000, 0x0000000091d00000, 0x0000000091d00000|100%| E|CS|TAMS 0x0000000091c00000| PB 0x0000000091c00000| Complete 
| 113|0x0000000091d00000, 0x0000000091e00000, 0x0000000091e00000|100%| E|CS|TAMS 0x0000000091d00000| PB 0x0000000091d00000| Complete 
| 114|0x0000000091e00000, 0x0000000091f00000, 0x0000000091f00000|100%| E|CS|TAMS 0x0000000091e00000| PB 0x0000000091e00000| Complete 
| 115|0x0000000091f00000, 0x0000000092000000, 0x0000000092000000|100%| E|CS|TAMS 0x0000000091f00000| PB 0x0000000091f00000| Complete 
| 116|0x0000000092000000, 0x0000000092100000, 0x0000000092100000|100%| E|CS|TAMS 0x0000000092000000| PB 0x0000000092000000| Complete 
| 117|0x0000000092100000, 0x0000000092200000, 0x0000000092200000|100%| E|CS|TAMS 0x0000000092100000| PB 0x0000000092100000| Complete 

Card table byte_map: [0x0000019ad1de0000,0x0000019ad2190000] _byte_map_base: 0x0000019ad198a000

Marking Bits: (CMBitMap*) 0x0000019aba474360
 Bits: [0x0000019ad2540000, 0x0000019ad4290000)

Polling page: 0x0000019ab8380000

Metaspace:

Usage:
  Non-class:      4.33 MB used.
      Class:    513.66 KB used.
       Both:      4.83 MB used.

Virtual space:
  Non-class space:       64.00 MB reserved,       4.44 MB (  7%) committed,  1 nodes.
      Class space:        1.00 GB reserved,     640.00 KB ( <1%) committed,  1 nodes.
             Both:        1.06 GB reserved,       5.06 MB ( <1%) committed. 

Chunk freelists:
   Non-Class:  2.87 MB
       Class:  3.24 MB
        Both:  6.12 MB

MaxMetaspaceSize: unlimited
CompressedClassSpaceSize: 1.00 GB
Initial GC threshold: 21.00 MB
Current GC threshold: 21.00 MB
CDS: on
MetaspaceReclaimPolicy: balanced
 - commit_granule_bytes: 65536.
 - commit_granule_words: 8192.
 - virtual_space_node_default_size: 8388608.
 - enlarge_chunks_in_place: 1.
 - new_chunks_are_fully_committed: 0.
 - uncommit_free_chunks: 1.
 - use_allocation_guard: 0.


Internal statistics:

num_allocs_failed_limit: 0.
num_arena_births: 126.
num_arena_deaths: 0.
num_vsnodes_births: 2.
num_vsnodes_deaths: 0.
num_space_committed: 81.
num_space_uncommitted: 0.
num_chunks_returned_to_freelist: 0.
num_chunks_taken_from_freelist: 148.
num_chunk_merges: 0.
num_chunk_splits: 92.
num_chunks_enlarged: 41.
num_inconsistent_stats: 0.

CodeHeap 'non-profiled nmethods': size=120000Kb used=216Kb max_used=216Kb free=119783Kb
 bounds [0x0000019ac9fa0000, 0x0000019aca210000, 0x0000019ad14d0000]
CodeHeap 'profiled nmethods': size=120000Kb used=1230Kb max_used=1230Kb free=118769Kb
 bounds [0x0000019ac24d0000, 0x0000019ac2740000, 0x0000019ac9a00000]
CodeHeap 'non-nmethods': size=5760Kb used=1509Kb max_used=1525Kb free=4250Kb
 bounds [0x0000019ac9a00000, 0x0000019ac9c70000, 0x0000019ac9fa0000]
 total_blobs=1292 nmethods=756 adapters=447
 compilation: enabled
              stopped_count=0, restarted_count=0
 full_count=0

Compilation events (20 events):
Event: 0.738 Thread 0x0000019ad6ede970 nmethod 731 0x0000019ac25eb090 code [0x0000019ac25eb260, 0x0000019ac25eb878]
Event: 0.738 Thread 0x0000019ad6ede970  736       3       sun.awt.image.IntegerInterleavedRaster::setDataElements (134 bytes)
Event: 0.739 Thread 0x0000019ad6ede970 nmethod 736 0x0000019ac25eba10 code [0x0000019ac25ebc00, 0x0000019ac25ec298]
Event: 0.739 Thread 0x0000019ad6ede970  732       3       sun.awt.image.ImageWatched$WeakLink::update (39 bytes)
Event: 0.740 Thread 0x0000019ad6ede970 nmethod 732 0x0000019ac25ec510 code [0x0000019ac25ec780, 0x0000019ac25ed608]
Event: 0.740 Thread 0x0000019ad6ede970  733       3       java.lang.invoke.LambdaForm$MH/0x00000008010c1800::linkToTargetMethod (19 bytes)
Event: 0.740 Thread 0x0000019ad6ede970 nmethod 733 0x0000019ac25eda10 code [0x0000019ac25edbc0, 0x0000019ac25edf68]
Event: 0.740 Thread 0x0000019ad6ede970  734       3       java.lang.invoke.LambdaForm$DMH/0x00000008010c1000::newInvokeSpecial (36 bytes)
Event: 0.741 Thread 0x0000019ad6ede970 nmethod 734 0x0000019ac25ee090 code [0x0000019ac25ee260, 0x0000019ac25ee8e8]
Event: 0.741 Thread 0x0000019ad6ede970  735       3       sun.awt.image.ImageWatched$WeakLink$$Lambda$153/0x00000008010845b8::<init> (44 bytes)
Event: 0.741 Thread 0x0000019ad6ede970 nmethod 735 0x0000019ac25eeb10 code [0x0000019ac25eeca0, 0x0000019ac25eeee8]
Event: 0.741 Thread 0x0000019ad6ede970  737       3       sun.awt.image.PNGImageDecoder::filterRow (460 bytes)
Event: 0.742 Thread 0x0000019ad6ede970 nmethod 737 0x0000019ac25ef010 code [0x0000019ac25ef280, 0x0000019ac25f00d0]
Event: 0.742 Thread 0x0000019ad6ede970  738 %     3       sun.awt.image.PNGImageDecoder::filterRow @ 249 (460 bytes)
Event: 0.743 Thread 0x0000019ad6ede970 nmethod 738% 0x0000019ac25f0890 code [0x0000019ac25f0b20, 0x0000019ac25f1c10]
Event: 0.743 Thread 0x0000019ad6ede970  739   !   3       sun.awt.image.ImageRepresentation::setPixels (527 bytes)
Event: 0.745 Thread 0x0000019ad6ede970 nmethod 739 0x0000019ac25f2410 code [0x0000019ac25f27a0, 0x0000019ac25f47a0]
Event: 0.745 Thread 0x0000019ad6ede970  740 % !   3       sun.awt.image.ImageRepresentation::getOpaqueRGBImage @ 54 (164 bytes)
Event: 0.747 Thread 0x0000019ad6ede970 nmethod 740% 0x0000019ac25f5810 code [0x0000019ac25f5a60, 0x0000019ac25f6510]
Event: 0.752 Thread 0x0000019ad6ede970  742       3       java.awt.image.DirectColorModel::getsRGBComponentFromsRGB (107 bytes)

GC Heap History (0 events):
No events

Dll operation events (7 events):
Event: 0.016 Loaded shared library C:\Program Files\Java\jdk-20\bin\java.dll
Event: 0.159 Loaded shared library C:\Program Files\Java\jdk-20\bin\jsvml.dll
Event: 0.230 Loaded shared library C:\Program Files\Java\jdk-20\bin\net.dll
Event: 0.233 Loaded shared library C:\Program Files\Java\jdk-20\bin\nio.dll
Event: 0.264 Loaded shared library C:\Program Files\Java\jdk-20\bin\zip.dll
Event: 0.285 Loaded shared library C:\Program Files\Java\jdk-20\bin\jimage.dll
Event: 0.309 Loaded shared library C:\Program Files\Java\jdk-20\bin\awt.dll

Deoptimization events (20 events):
Event: 0.729 Thread 0x0000019adba1a2f0 DEOPT PACKING pc=0x0000019ac25daac6 sp=0x00000004fcfff2f0
Event: 0.729 Thread 0x0000019adba1a2f0 DEOPT UNPACKING pc=0x0000019ac9a6a4c2 sp=0x00000004fcffe760 mode 0
Event: 0.729 Thread 0x0000019adba1a2f0 DEOPT PACKING pc=0x0000019ac25daac6 sp=0x00000004fcfff2f0
Event: 0.729 Thread 0x0000019adba1a2f0 DEOPT UNPACKING pc=0x0000019ac9a6a4c2 sp=0x00000004fcffe760 mode 0
Event: 0.729 Thread 0x0000019adba1a2f0 DEOPT PACKING pc=0x0000019ac25daac6 sp=0x00000004fcfff2f0
Event: 0.729 Thread 0x0000019adba1a2f0 DEOPT UNPACKING pc=0x0000019ac9a6a4c2 sp=0x00000004fcffe760 mode 0
Event: 0.730 Thread 0x0000019adba1a2f0 DEOPT PACKING pc=0x0000019ac25daac6 sp=0x00000004fcfff2f0
Event: 0.730 Thread 0x0000019adba1a2f0 DEOPT UNPACKING pc=0x0000019ac9a6a4c2 sp=0x00000004fcffe760 mode 0
Event: 0.741 Thread 0x0000019adba1a2f0 Uncommon trap: trap_request=0xffffff45 fr.pc=0x0000019ac9fd5864 relative=0x00000000000002e4
Event: 0.741 Thread 0x0000019adba1a2f0 Uncommon trap: reason=unstable_if action=reinterpret pc=0x0000019ac9fd5864 method=sun.awt.image.PNGImageDecoder.filterRow([B[BIII)V @ 384 c2
Event: 0.741 Thread 0x0000019adba1a2f0 DEOPT PACKING pc=0x0000019ac9fd5864 sp=0x00000004fcfff310
Event: 0.741 Thread 0x0000019adba1a2f0 DEOPT UNPACKING pc=0x0000019ac9a69d22 sp=0x00000004fcfff248 mode 2
Event: 0.741 Thread 0x0000019adba1a2f0 Uncommon trap: trap_request=0xffffff45 fr.pc=0x0000019ac9fd428c relative=0x00000000000002ec
Event: 0.741 Thread 0x0000019adba1a2f0 Uncommon trap: reason=unstable_if action=reinterpret pc=0x0000019ac9fd428c method=sun.awt.image.PNGImageDecoder.filterRow([B[BIII)V @ 384 c2
Event: 0.741 Thread 0x0000019adba1a2f0 DEOPT PACKING pc=0x0000019ac9fd428c sp=0x00000004fcfff2e0
Event: 0.741 Thread 0x0000019adba1a2f0 DEOPT UNPACKING pc=0x0000019ac9a69d22 sp=0x00000004fcfff248 mode 2
Event: 0.749 Thread 0x0000019adba1a2f0 Uncommon trap: trap_request=0xffffff45 fr.pc=0x0000019ac9fc8e6c relative=0x00000000000004ac
Event: 0.749 Thread 0x0000019adba1a2f0 Uncommon trap: reason=unstable_if action=reinterpret pc=0x0000019ac9fc8e6c method=java.lang.StringLatin1.replace([BCC)Ljava/lang/String; @ 19 c2
Event: 0.749 Thread 0x0000019adba1a2f0 DEOPT PACKING pc=0x0000019ac9fc8e6c sp=0x00000004fcfff330
Event: 0.749 Thread 0x0000019adba1a2f0 DEOPT UNPACKING pc=0x0000019ac9a69d22 sp=0x00000004fcfff2b0 mode 2

Classes loaded (20 events):
Event: 0.696 Loading class sun/awt/image/IntegerInterleavedRaster
Event: 0.696 Loading class sun/awt/image/IntegerComponentRaster
Event: 0.696 Loading class sun/awt/image/IntegerComponentRaster done
Event: 0.696 Loading class sun/awt/image/IntegerInterleavedRaster done
Event: 0.697 Loading class java/awt/image/BufferedImage
Event: 0.697 Loading class java/awt/image/WritableRenderedImage
Event: 0.697 Loading class java/awt/image/RenderedImage
Event: 0.697 Loading class java/awt/image/RenderedImage done
Event: 0.697 Loading class java/awt/image/WritableRenderedImage done
Event: 0.698 Loading class java/awt/image/BufferedImage done
Event: 0.698 Loading class java/awt/image/BufferedImage$1
Event: 0.698 Loading class java/awt/image/BufferedImage$1 done
Event: 0.748 Loading class java/awt/image/AreaAveragingScaleFilter
Event: 0.748 Loading class java/awt/image/ReplicateScaleFilter
Event: 0.748 Loading class java/awt/image/ImageFilter
Event: 0.748 Loading class java/awt/image/ImageFilter done
Event: 0.749 Loading class java/awt/image/ReplicateScaleFilter done
Event: 0.749 Loading class java/awt/image/AreaAveragingScaleFilter done
Event: 0.749 Loading class java/awt/image/FilteredImageSource
Event: 0.749 Loading class java/awt/image/FilteredImageSource done

Classes unloaded (0 events):
No events

Classes redefined (0 events):
No events

Internal exceptions (14 events):
Event: 0.235 Thread 0x0000019aba417890 Exception <a 'sun/nio/fs/WindowsException'{0x00000000920443f0}> (0x00000000920443f0) 
thrown [s\open\src\hotspot\share\prims\jni.cpp, line 519]
Event: 0.237 Thread 0x0000019aba417890 Exception <a 'sun/nio/fs/WindowsException'{0x0000000092046940}> (0x0000000092046940) 
thrown [s\open\src\hotspot\share\prims\jni.cpp, line 519]
Event: 0.237 Thread 0x0000019aba417890 Exception <a 'sun/nio/fs/WindowsException'{0x0000000092047448}> (0x0000000092047448) 
thrown [s\open\src\hotspot\share\prims\jni.cpp, line 519]
Event: 0.238 Thread 0x0000019aba417890 Exception <a 'sun/nio/fs/WindowsException'{0x0000000092047f58}> (0x0000000092047f58) 
thrown [s\open\src\hotspot\share\prims\jni.cpp, line 519]
Event: 0.293 Thread 0x0000019aba417890 Exception <a 'java/lang/ClassNotFoundException'{0x0000000091f9a420}: sun/awt/resources/spi/awtProvider> (0x0000000091f9a420) 
thrown [s\open\src\hotspot\share\classfile\systemDictionary.cpp, line 305]
Event: 0.327 Thread 0x0000019aba417890 Exception <a 'java/io/FileNotFoundException'{0x0000000091ff0da0}> (0x0000000091ff0da0) 
thrown [s\open\src\hotspot\share\prims\jni.cpp, line 519]
Event: 0.335 Thread 0x0000019aba417890 Exception <a 'java/io/FileNotFoundException'{0x0000000091e1b208}> (0x0000000091e1b208) 
thrown [s\open\src\hotspot\share\prims\jni.cpp, line 519]
Event: 0.521 Thread 0x0000019aba417890 Exception <a 'java/lang/NoSuchMethodError'{0x0000000091d39a80}: 'void java.lang.invoke.DirectMethodHandle$Holder.invokeSpecial(java.lang.Object, java.lang.Object, java.lang.Object)'> (0x0000000091d39a80) 
thrown [s\open\src\hotspot\share\interpreter\linkResolver.cpp, line 773]
Event: 0.535 Thread 0x0000019aba417890 Exception <a 'java/lang/NoSuchMethodError'{0x0000000091d64190}: 'java.lang.Object java.lang.invoke.DirectMethodHandle$Holder.newInvokeSpecial(java.lang.Object, java.lang.Object, java.lang.Object, java.lang.Object, java.lang.Object)'> (0x0000000091d64190) 
thrown [s\open\src\hotspot\share\interpreter\linkResolver.cpp, line 773]
Event: 0.545 Thread 0x0000019aba417890 Exception <a 'java/lang/NoSuchMethodError'{0x0000000091d94cc8}: 'java.lang.Object java.lang.invoke.DirectMethodHandle$Holder.invokeStatic(java.lang.Object, int, java.lang.Object)'> (0x0000000091d94cc8) 
thrown [s\open\src\hotspot\share\interpreter\linkResolver.cpp, line 773]
Event: 0.579 Thread 0x0000019aba417890 Exception <a 'java/lang/ClassNotFoundException'{0x0000000091c50220}: com/sun/swing/internal/plaf/metal/resources/spi/metalProvider> (0x0000000091c50220) 
thrown [s\open\src\hotspot\share\classfile\systemDictionary.cpp, line 305]
Event: 0.580 Thread 0x0000019aba417890 Exception <a 'java/lang/ClassNotFoundException'{0x0000000091c54180}: com/sun/swing/internal/plaf/basic/resources/spi/basicProvider> (0x0000000091c54180) 
thrown [s\open\src\hotspot\share\classfile\systemDictionary.cpp, line 305]
Event: 0.593 Thread 0x0000019aba417890 Exception <a 'java/lang/NoSuchMethodError'{0x0000000091c73300}: 'int java.lang.invoke.Invokers$Holder.invokeExact_MT(java.lang.Object, java.lang.Object)'> (0x0000000091c73300) 
thrown [s\open\src\hotspot\share\interpreter\linkResolver.cpp, line 773]
Event: 0.691 Thread 0x0000019adba1a2f0 Exception <a 'java/lang/NoSuchMethodError'{0x0000000091a90b48}: 'java.lang.Object java.lang.invoke.DirectMethodHandle$Holder.newInvokeSpecial(java.lang.Object, java.lang.Object, java.lang.Object, int, int, int, int, int)'> (0x0000000091a90b48) 
thrown [s\open\src\hotspot\share\interpreter\linkResolver.cpp, line 773]

VM Operations (6 events):
Event: 0.239 Executing VM operation: HandshakeAllThreads
Event: 0.239 Executing VM operation: HandshakeAllThreads done
Event: 0.670 Executing VM operation: HandshakeAllThreads
Event: 0.670 Executing VM operation: HandshakeAllThreads done
Event: 0.749 Executing VM operation: HandshakeAllThreads
Event: 0.749 Executing VM operation: HandshakeAllThreads done

Events (15 events):
Event: 0.159 Thread 0x0000019aba417890 Thread added: 0x0000019aba417890
Event: 0.179 Thread 0x0000019ad6ed72b0 Thread added: 0x0000019ad6ed72b0
Event: 0.179 Thread 0x0000019ad6ed7f50 Thread added: 0x0000019ad6ed7f50
Event: 0.179 Thread 0x0000019ad6ed8d20 Thread added: 0x0000019ad6ed8d20
Event: 0.179 Thread 0x0000019ad6eda8d0 Thread added: 0x0000019ad6eda8d0
Event: 0.179 Thread 0x0000019ad6edc480 Thread added: 0x0000019ad6edc480
Event: 0.179 Thread 0x0000019ad6edd250 Thread added: 0x0000019ad6edd250
Event: 0.179 Thread 0x0000019ad6eddec0 Thread added: 0x0000019ad6eddec0
Event: 0.180 Thread 0x0000019ad6ede970 Thread added: 0x0000019ad6ede970
Event: 0.213 Thread 0x0000019adb1787f0 Thread added: 0x0000019adb1787f0
Event: 0.255 Thread 0x0000019adb28b170 Thread added: 0x0000019adb28b170
Event: 0.393 Thread 0x0000019adb30c9f0 Thread added: 0x0000019adb30c9f0
Event: 0.395 Thread 0x0000019adb2f6840 Thread added: 0x0000019adb2f6840
Event: 0.397 Thread 0x0000019adb466bd0 Thread added: 0x0000019adb466bd0
Event: 0.605 Thread 0x0000019adba1a2f0 Thread added: 0x0000019adba1a2f0


Dynamic libraries:
0x00007ff6c9fd0000 - 0x00007ff6c9fe0000 	C:\Program Files\Java\jdk-20\bin\java.exe
0x00007ffa918d0000 - 0x00007ffa91ae7000 	C:\WINDOWS\SYSTEM32\ntdll.dll
0x00007ffa90920000 - 0x00007ffa909e4000 	C:\WINDOWS\System32\KERNEL32.DLL
0x00007ffa8f200000 - 0x00007ffa8f5a6000 	C:\WINDOWS\System32\KERNELBASE.dll
0x00007ffa8f0e0000 - 0x00007ffa8f1f1000 	C:\WINDOWS\System32\ucrtbase.dll
0x00007ffa89fe0000 - 0x00007ffa89ffb000 	C:\Program Files\Java\jdk-20\bin\VCRUNTIME140.dll
0x00007ffa7a090000 - 0x00007ffa7a0a9000 	C:\Program Files\Java\jdk-20\bin\jli.dll
0x00007ffa910a0000 - 0x00007ffa91150000 	C:\WINDOWS\System32\ADVAPI32.dll
0x00007ffa91280000 - 0x00007ffa91327000 	C:\WINDOWS\System32\msvcrt.dll
0x00007ffa90eb0000 - 0x00007ffa90f56000 	C:\WINDOWS\System32\sechost.dll
0x00007ffa91160000 - 0x00007ffa91277000 	C:\WINDOWS\System32\RPCRT4.dll
0x00007ffa90330000 - 0x00007ffa904de000 	C:\WINDOWS\System32\USER32.dll
0x00007ffa8ef20000 - 0x00007ffa8ef46000 	C:\WINDOWS\System32\win32u.dll
0x00007ffa90a70000 - 0x00007ffa90a99000 	C:\WINDOWS\System32\GDI32.dll
0x00007ffa77bf0000 - 0x00007ffa77e83000 	C:\WINDOWS\WinSxS\amd64_microsoft.windows.common-controls_6595b64144ccf1df_6.0.22621.2361_none_2712ced57382f843\COMCTL32.dll
0x00007ffa8ef50000 - 0x00007ffa8f068000 	C:\WINDOWS\System32\gdi32full.dll
0x00007ffa8ec50000 - 0x00007ffa8ecea000 	C:\WINDOWS\System32\msvcp_win.dll
0x00007ffa85a00000 - 0x00007ffa85a0a000 	C:\WINDOWS\SYSTEM32\VERSION.dll
0x00007ffa90f60000 - 0x00007ffa90f91000 	C:\WINDOWS\System32\IMM32.DLL
0x00007ffa8a5d0000 - 0x00007ffa8a5dc000 	C:\Program Files\Java\jdk-20\bin\vcruntime140_1.dll
0x00007ffa65c50000 - 0x00007ffa65cde000 	C:\Program Files\Java\jdk-20\bin\msvcp140.dll
0x00007ff9d4ac0000 - 0x00007ff9d5757000 	C:\Program Files\Java\jdk-20\bin\server\jvm.dll
0x00007ffa86570000 - 0x00007ffa865a4000 	C:\WINDOWS\SYSTEM32\WINMM.dll
0x00007ffa737e0000 - 0x00007ffa737e9000 	C:\WINDOWS\SYSTEM32\WSOCK32.dll
0x00007ffa909f0000 - 0x00007ffa90a61000 	C:\WINDOWS\System32\WS2_32.dll
0x00007ffa8dc90000 - 0x00007ffa8dca8000 	C:\WINDOWS\SYSTEM32\kernel.appcore.dll
0x00007ffa8a570000 - 0x00007ffa8a57a000 	C:\Program Files\Java\jdk-20\bin\jimage.dll
0x00007ffa7bd70000 - 0x00007ffa7bf9e000 	C:\WINDOWS\SYSTEM32\DBGHELP.DLL
0x00007ffa904e0000 - 0x00007ffa9086a000 	C:\WINDOWS\System32\combase.dll
0x00007ffa90c80000 - 0x00007ffa90d57000 	C:\WINDOWS\System32\OLEAUT32.dll
0x00007ffa72290000 - 0x00007ffa722c2000 	C:\WINDOWS\SYSTEM32\dbgcore.DLL
0x00007ffa8f5b0000 - 0x00007ffa8f62a000 	C:\WINDOWS\System32\bcryptPrimitives.dll
0x00007ffa79580000 - 0x00007ffa795a6000 	C:\Program Files\Java\jdk-20\bin\java.dll
0x00007ffa50e90000 - 0x00007ffa50f67000 	C:\Program Files\Java\jdk-20\bin\jsvml.dll
0x00007ffa8fa20000 - 0x00007ffa90278000 	C:\WINDOWS\System32\SHELL32.dll
0x00007ffa8cbb0000 - 0x00007ffa8d4a2000 	C:\WINDOWS\SYSTEM32\windows.storage.dll
0x00007ffa8ca70000 - 0x00007ffa8cbae000 	C:\WINDOWS\SYSTEM32\wintypes.dll
0x00007ffa8f780000 - 0x00007ffa8f873000 	C:\WINDOWS\System32\SHCORE.dll
0x00007ffa91810000 - 0x00007ffa9186e000 	C:\WINDOWS\System32\shlwapi.dll
0x00007ffa8eb80000 - 0x00007ffa8eba6000 	C:\WINDOWS\SYSTEM32\profapi.dll
0x00007ffa79560000 - 0x00007ffa79573000 	C:\Program Files\Java\jdk-20\bin\net.dll
0x00007ffa88350000 - 0x00007ffa88487000 	C:\WINDOWS\SYSTEM32\WINHTTP.dll
0x00007ffa8e180000 - 0x00007ffa8e1e9000 	C:\WINDOWS\system32\mswsock.dll
0x00007ffa79540000 - 0x00007ffa79556000 	C:\Program Files\Java\jdk-20\bin\nio.dll
0x00007ffa79520000 - 0x00007ffa79538000 	C:\Program Files\Java\jdk-20\bin\zip.dll
0x00007ffa47200000 - 0x00007ffa47391000 	C:\Program Files\Java\jdk-20\bin\awt.dll
0x00007ffa8bfe0000 - 0x00007ffa8c077000 	C:\WINDOWS\SYSTEM32\apphelp.dll
0x00007ffa8c400000 - 0x00007ffa8c42b000 	C:\WINDOWS\system32\DWMAPI.DLL
0x00007ffa8c150000 - 0x00007ffa8c1fb000 	C:\WINDOWS\system32\uxtheme.dll
0x00007ffa45740000 - 0x00007ffa45840000 	C:\WINDOWS\system32\opengl32.dll
0x00007ffa4f6f0000 - 0x00007ffa4f71d000 	C:\WINDOWS\SYSTEM32\GLU32.dll
0x00007ffa8c290000 - 0x00007ffa8c2c6000 	C:\WINDOWS\SYSTEM32\dxcore.dll
0x00007ffa8f630000 - 0x00007ffa8f77c000 	C:\WINDOWS\System32\MSCTF.dll
0x00007ffa8f880000 - 0x00007ffa8fa1f000 	C:\WINDOWS\System32\ole32.dll
0x00007ffa3f2d0000 - 0x00007ffa3f479000 	C:\WINDOWS\system32\d3d9.dll
0x00007ffa84f00000 - 0x00007ffa850bb000 	C:\WINDOWS\System32\DriverStore\FileRepository\u0387389.inf_amd64_995be970e30b8c79\B385477\aticfx64.dll
0x00007ffa79ec0000 - 0x00007ffa79ef4000 	C:\WINDOWS\System32\DriverStore\FileRepository\u0387389.inf_amd64_995be970e30b8c79\B385477\atiu9p64.dll
0x00007ffa306e0000 - 0x00007ffa31435000 	C:\WINDOWS\System32\DriverStore\FileRepository\u0387389.inf_amd64_995be970e30b8c79\B385477\atiumd64.dll
0x0000000060a60000 - 0x0000000061987000 	C:\WINDOWS\System32\DriverStore\FileRepository\u0387389.inf_amd64_995be970e30b8c79\B385477\atiumd6a.dll
0x00007ffa91330000 - 0x00007ffa917a4000 	C:\WINDOWS\System32\SETUPAPI.dll
0x00007ffa8e430000 - 0x00007ffa8e47d000 	C:\WINDOWS\SYSTEM32\POWRPROF.dll
0x00007ffa8e3e0000 - 0x00007ffa8e3f3000 	C:\WINDOWS\SYSTEM32\UMPDC.dll
0x00007ffa84c90000 - 0x00007ffa84cc5000 	C:\WINDOWS\SYSTEM32\amdihk64.dll
0x00007ffa88df0000 - 0x00007ffa88e3a000 	C:\WINDOWS\SYSTEM32\directxdatabasehelper.dll

dbghelp: loaded successfully - version: 4.0.5 - missing functions: none
symbol engine: initialized successfully - sym options: 0x614 - pdb path: .;C:\Program Files\Java\jdk-20\bin;C:\WINDOWS\SYSTEM32;C:\WINDOWS\WinSxS\amd64_microsoft.windows.common-controls_6595b64144ccf1df_6.0.22621.2361_none_2712ced57382f843;C:\Program Files\Java\jdk-20\bin\server;C:\WINDOWS\System32\DriverStore\FileRepository\u0387389.inf_amd64_995be970e30b8c79\B385477

VM Arguments:
jvm_args: -Dfile.encoding=UTF-8 --module-path=C:\Users\KRISHNA\Documents\NetBeansProjects\BloodBankManagementt\build\classes 
java_command: BBM.DeleteDonor
java_class_path (initial): C:\Users\KRISHNA\Downloads\mysql-connector-j-8.1.0\mysql-connector-j-8.1.0\mysql-connector-j-8.1.0.jar;C:\Users\KRISHNA\Downloads\rs2xml.jar;C:\Users\KRISHNA\Documents\NetBeansProjects\BloodBankManagementt\build\classes
Launcher Type: SUN_STANDARD

[Global flags]
     intx CICompilerCount                          = 4                                         {product} {ergonomic}
     uint ConcGCThreads                            = 3                                         {product} {ergonomic}
     uint G1ConcRefinementThreads                  = 10                                        {product} {ergonomic}
   size_t G1HeapRegionSize                         = 1048576                                   {product} {ergonomic}
    uintx GCDrainStackTargetSize                   = 64                                        {product} {ergonomic}
   size_t InitialHeapSize                          = 123731968                                 {product} {ergonomic}
   size_t MarkStackSize                            = 4194304                                   {product} {ergonomic}
   size_t MaxHeapSize                              = 1967128576                                {product} {ergonomic}
   size_t MaxNewSize                               = 1179648000                                {product} {ergonomic}
   size_t MinHeapDeltaBytes                        = 1048576                                   {product} {ergonomic}
   size_t MinHeapSize                              = 8388608                                   {product} {ergonomic}
    uintx NonNMethodCodeHeapSize                   = 5839372                                {pd product} {ergonomic}
    uintx NonProfiledCodeHeapSize                  = 122909434                              {pd product} {ergonomic}
    uintx ProfiledCodeHeapSize                     = 122909434                              {pd product} {ergonomic}
    uintx ReservedCodeCacheSize                    = 251658240                              {pd product} {ergonomic}
     bool SegmentedCodeCache                       = true                                      {product} {ergonomic}
   size_t SoftMaxHeapSize                          = 1967128576                             {manageable} {ergonomic}
     bool UseCompressedClassPointers               = true                           {product lp64_product} {ergonomic}
     bool UseCompressedOops                        = true                           {product lp64_product} {ergonomic}
     bool UseG1GC                                  = true                                      {product} {ergonomic}
     bool UseLargePagesIndividualAllocation        = false                                  {pd product} {ergonomic}

Logging:
Log output configuration:
 #0: stdout all=warning uptime,level,tags foldmultilines=false
 #1: stderr all=off uptime,level,tags foldmultilines=false

Environment Variables:
JAVA_HOME=C:\Program Files\Java\jdk-20
PATH=C:\oraclexe\app\oracle\product\11.2.0\server\bin;C:\Program Files\Common Files\Oracle\Java\javapath;C:\Program Files\openjdk-19.0.2_windows-x64_bin.zip\jdk-19.0.2\bin;C:\Program Files\Java\jdk-11.0.17\bin;C:\WINDOWS\system32;C:\WINDOWS;C:\WINDOWS\System32\Wbem;C:\WINDOWS\System32\WindowsPowerShell\v1.0\;C:\WINDOWS\System32\OpenSSH\;C:\Program Files\Java\jdk-19\bin;C:\Program Files\Java\jdk-20\bin;C:\Program Files\Common Files\Oracle\Java\javapath;C:\Program Files\Java\jdk-20\bin;C:\Program Files\Git\cmd;C:\Program Files\Java\jdk-20\bin;C:\Program Files\nodejs\;C:\Program Files\PowerShell\7\;C:\Program Files\MySQL\MySQL Server 8.0\bin;C:\Program Files\MySQL\MySQL Shell 8.0\bin\;C:\Program Files\Java\jdk-20\bin;C:\Program Files\MySQL\MySQL Server 8.0\bin;C:\Users\KRISHNA\AppData\Local\Programs\Microsoft VS Code\bin;C:\Program Files\Java\jdk-20\bin;C:\Users\KRISHNA\AppData\Roaming\npm
USERNAME=KRISHNA
OS=Windows_NT
PROCESSOR_IDENTIFIER=AMD64 Family 23 Model 104 Stepping 1, AuthenticAMD
TMP=C:\Users\KRISHNA\AppData\Local\Temp
TEMP=C:\Users\KRISHNA\AppData\Local\Temp




---------------  S Y S T E M  ---------------

OS:
 Windows 11 , 64 bit Build 22621 (10.0.22621.2361)
OS uptime: 2 days 10:14 hours

CPU: total 12 (initial active 12) (12 cores per cpu, 2 threads per core) family 23 model 104 stepping 1 microcode 0x0, cx8, cmov, fxsr, ht, mmx, 3dnowpref, sse, sse2, sse3, ssse3, sse4a, sse4.1, sse4.2, popcnt, lzcnt, tsc, tscinvbit, avx, avx2, aes, clmul, bmi1, bmi2, adx, sha, fma, vzeroupper, clflush, clflushopt, rdtscp, rdpid, f16c

Memory: 4k page, system-wide physical 7501M (204M free)
TotalPageFile size 30029M (AvailPageFile size 1M)
current process WorkingSet (physical memory assigned to process): 63M, peak: 63M
current process commit charge ("private bytes"): 222M, peak: 223M

vm_info: Java HotSpot(TM) 64-Bit Server VM (20.0.1+9-29) for windows-amd64 JRE (20.0.1+9-29), built on 2023-03-07T13:56:11Z by "mach5one" with MS VC++ 17.1 (VS2022)

END.
